Starting... Tue Mar 30 12:50:01 AM UTC 2021
cded, am in /root/msipdelta2
Pulling.
Already up to date.
Pulled
Ending... Tue Mar 30 12:50:03 AM UTC 2021
Starting... Tue Mar 30 01:50:01 AM UTC 2021
cded, am in /root/msipdelta2
Pulling.
Already up to date.
Pulled
Ending... Tue Mar 30 01:50:04 AM UTC 2021
Starting... Tue Mar 30 02:50:01 AM UTC 2021
cded, am in /root/msipdelta2
Pulling.
Already up to date.
Pulled
Ending... Tue Mar 30 02:50:03 AM UTC 2021
Starting... Tue Mar 30 03:50:01 AM UTC 2021
cded, am in /root/msipdelta2
Pulling.
Already up to date.
Pulled
Ending... Tue Mar 30 03:50:02 AM UTC 2021
Starting... Tue Mar 30 04:50:01 AM UTC 2021
cded, am in /root/msipdelta2
Pulling.
Already up to date.
Pulled
Ending... Tue Mar 30 04:50:02 AM UTC 2021
Starting... Tue Mar 30 05:50:01 AM UTC 2021
cded, am in /root/msipdelta2
Pulling.
Already up to date.
Pulled
Ending... Tue Mar 30 05:50:03 AM UTC 2021
Starting... Tue Mar 30 06:50:01 AM UTC 2021
cded, am in /root/msipdelta2
Pulling.
Already up to date.
Pulled
Ending... Tue Mar 30 06:50:03 AM UTC 2021
Starting... Tue Mar 30 07:50:01 AM UTC 2021
cded, am in /root/msipdelta2
Pulling.
Already up to date.
Pulled
Ending... Tue Mar 30 07:50:03 AM UTC 2021
Starting... Tue Mar 30 08:50:01 AM UTC 2021
cded, am in /root/msipdelta2
Pulling.
Already up to date.
Pulled
Ending... Tue Mar 30 08:50:03 AM UTC 2021
Starting... Tue Mar 30 09:50:01 AM UTC 2021
cded, am in /root/msipdelta2
Pulling.
Already up to date.
Pulled
Ending... Tue Mar 30 09:50:04 AM UTC 2021
Starting... Tue Mar 30 10:50:01 AM UTC 2021
cded, am in /root/msipdelta2
Pulling.
Already up to date.
Pulled
Ending... Tue Mar 30 10:50:04 AM UTC 2021
Starting... Tue Mar 30 11:50:01 AM UTC 2021
cded, am in /root/msipdelta2
Pulling.
Already up to date.
Pulled
Ending... Tue Mar 30 11:50:03 AM UTC 2021
Starting... Tue Mar 30 12:50:01 PM UTC 2021
cded, am in /root/msipdelta2
Pulling.
Already up to date.
Pulled
Ending... Tue Mar 30 12:50:04 PM UTC 2021
Starting... Tue Mar 30 01:50:01 PM UTC 2021
cded, am in /root/msipdelta2
Pulling.
Already up to date.
Pulled
Ending... Tue Mar 30 01:50:03 PM UTC 2021
Starting... Tue Mar 30 02:50:01 PM UTC 2021
cded, am in /root/msipdelta2
Pulling.
Already up to date.
Pulled
Ending... Tue Mar 30 02:50:03 PM UTC 2021
Starting... Tue Mar 30 03:50:01 PM UTC 2021
cded, am in /root/msipdelta2
Pulling.
Bad Pull.
Ending... Tue Mar 30 03:50:21 PM UTC 2021
Starting... Tue Mar 30 04:50:01 PM UTC 2021
cded, am in /root/msipdelta2
Pulling.
Already up to date.
Pulled
Ending... Tue Mar 30 04:50:03 PM UTC 2021
Starting... Tue Mar 30 05:50:01 PM UTC 2021
cded, am in /root/msipdelta2
Pulling.
Already up to date.
Pulled
Ending... Tue Mar 30 05:50:04 PM UTC 2021
