Starting... Sun Apr 11 12:50:01 AM UTC 2021
cded, am in /root/msipdelta2
Pulling.
Already up to date.
Pulled
Ending... Sun Apr 11 12:50:03 AM UTC 2021
Starting... Sun Apr 11 01:50:01 AM UTC 2021
cded, am in /root/msipdelta2
Pulling.
Already up to date.
Pulled
Ending... Sun Apr 11 01:50:03 AM UTC 2021
Starting... Sun Apr 11 02:50:01 AM UTC 2021
cded, am in /root/msipdelta2
Pulling.
Already up to date.
Pulled
Ending... Sun Apr 11 02:50:03 AM UTC 2021
Starting... Sun Apr 11 03:50:01 AM UTC 2021
cded, am in /root/msipdelta2
Pulling.
Already up to date.
Pulled
Ending... Sun Apr 11 03:50:03 AM UTC 2021
Starting... Sun Apr 11 04:50:01 AM UTC 2021
cded, am in /root/msipdelta2
Pulling.
Already up to date.
Pulled
Ending... Sun Apr 11 04:50:02 AM UTC 2021
Starting... Sun Apr 11 05:50:01 AM UTC 2021
cded, am in /root/msipdelta2
Pulling.
Already up to date.
Pulled
Ending... Sun Apr 11 05:50:03 AM UTC 2021
Starting... Sun Apr 11 06:50:01 AM UTC 2021
cded, am in /root/msipdelta2
Pulling.
Already up to date.
Pulled
Ending... Sun Apr 11 06:50:02 AM UTC 2021
Starting... Sun Apr 11 07:50:01 AM UTC 2021
cded, am in /root/msipdelta2
Pulling.
Already up to date.
Pulled
Ending... Sun Apr 11 07:50:03 AM UTC 2021
Starting... Sun Apr 11 08:50:01 AM UTC 2021
cded, am in /root/msipdelta2
Pulling.
Already up to date.
Pulled
Ending... Sun Apr 11 08:50:03 AM UTC 2021
Starting... Sun Apr 11 09:50:01 AM UTC 2021
cded, am in /root/msipdelta2
Pulling.
Already up to date.
Pulled
Ending... Sun Apr 11 09:50:03 AM UTC 2021
Starting... Sun Apr 11 10:50:01 AM UTC 2021
cded, am in /root/msipdelta2
Pulling.
Already up to date.
Pulled
Ending... Sun Apr 11 10:50:02 AM UTC 2021
Starting... Sun Apr 11 11:50:01 AM UTC 2021
cded, am in /root/msipdelta2
Pulling.
Already up to date.
Pulled
Ending... Sun Apr 11 11:50:04 AM UTC 2021
