Starting... Tue Feb 16 12:50:01 AM UTC 2021
cded, am in /root/msipdelta2
Pulling.
Already up to date.
Pulled
Ending... Tue Feb 16 12:50:03 AM UTC 2021
Starting... Tue Feb 16 01:50:01 AM UTC 2021
cded, am in /root/msipdelta2
Pulling.
Already up to date.
Pulled
Ending... Tue Feb 16 01:50:03 AM UTC 2021
Starting... Tue Feb 16 02:50:01 AM UTC 2021
cded, am in /root/msipdelta2
Pulling.
Already up to date.
Pulled
Ending... Tue Feb 16 02:50:03 AM UTC 2021
Starting... Tue Feb 16 03:50:01 AM UTC 2021
cded, am in /root/msipdelta2
Pulling.
Already up to date.
Pulled
Ending... Tue Feb 16 03:50:03 AM UTC 2021
Starting... Tue Feb 16 04:50:01 AM UTC 2021
cded, am in /root/msipdelta2
Pulling.
Already up to date.
Pulled
Ending... Tue Feb 16 04:50:03 AM UTC 2021
Starting... Tue Feb 16 05:50:02 AM UTC 2021
cded, am in /root/msipdelta2
Pulling.
Already up to date.
Pulled
Ending... Tue Feb 16 05:50:04 AM UTC 2021
