Starting... Sat Dec 19 12:50:01 AM UTC 2020
cded, am in /root/msipdelta2
Pulling.
Already up to date.
Pulled
Ending... Sat Dec 19 12:50:02 AM UTC 2020
Starting... Sat Dec 19 01:50:01 AM UTC 2020
cded, am in /root/msipdelta2
Pulling.
Already up to date.
Pulled
Ending... Sat Dec 19 01:50:03 AM UTC 2020
Starting... Sat Dec 19 02:50:01 AM UTC 2020
cded, am in /root/msipdelta2
Pulling.
Already up to date.
Pulled
Ending... Sat Dec 19 02:50:02 AM UTC 2020
Starting... Sat Dec 19 03:50:01 AM UTC 2020
cded, am in /root/msipdelta2
Pulling.
Already up to date.
Pulled
Ending... Sat Dec 19 03:50:02 AM UTC 2020
Starting... Sat Dec 19 04:50:01 AM UTC 2020
cded, am in /root/msipdelta2
Pulling.
Already up to date.
Pulled
Ending... Sat Dec 19 04:50:02 AM UTC 2020
Starting... Sat Dec 19 05:50:01 AM UTC 2020
cded, am in /root/msipdelta2
Pulling.
Already up to date.
Pulled
Ending... Sat Dec 19 05:50:02 AM UTC 2020
