Starting... Tue Nov 24 12:50:01 AM UTC 2020
cded, am in /root/msipdelta2
Pulling.
Already up to date.
Pulled
Ending... Tue Nov 24 12:50:03 AM UTC 2020
Starting... Tue Nov 24 01:50:01 AM UTC 2020
cded, am in /root/msipdelta2
Pulling.
Already up to date.
Pulled
Ending... Tue Nov 24 01:50:02 AM UTC 2020
Starting... Tue Nov 24 02:50:01 AM UTC 2020
cded, am in /root/msipdelta2
Pulling.
Already up to date.
Pulled
Ending... Tue Nov 24 02:50:02 AM UTC 2020
Starting... Tue Nov 24 03:50:01 AM UTC 2020
cded, am in /root/msipdelta2
Pulling.
Already up to date.
Pulled
Ending... Tue Nov 24 03:50:03 AM UTC 2020
Starting... Tue Nov 24 04:50:01 AM UTC 2020
cded, am in /root/msipdelta2
Pulling.
Already up to date.
Pulled
Ending... Tue Nov 24 04:50:02 AM UTC 2020
Starting... Tue Nov 24 05:50:01 AM UTC 2020
cded, am in /root/msipdelta2
Pulling.
Already up to date.
Pulled
Ending... Tue Nov 24 05:50:03 AM UTC 2020
