Starting... Mon Nov 30 12:50:01 AM UTC 2020
cded, am in /root/msipdelta2
Pulling.
Already up to date.
Pulled
Ending... Mon Nov 30 12:50:02 AM UTC 2020
Starting... Mon Nov 30 01:50:01 AM UTC 2020
cded, am in /root/msipdelta2
Pulling.
Already up to date.
Pulled
Ending... Mon Nov 30 01:50:03 AM UTC 2020
Starting... Mon Nov 30 02:50:01 AM UTC 2020
cded, am in /root/msipdelta2
Pulling.
Already up to date.
Pulled
Ending... Mon Nov 30 02:50:02 AM UTC 2020
Starting... Mon Nov 30 03:50:01 AM UTC 2020
cded, am in /root/msipdelta2
Pulling.
Already up to date.
Pulled
Ending... Mon Nov 30 03:50:02 AM UTC 2020
Starting... Mon Nov 30 04:50:01 AM UTC 2020
cded, am in /root/msipdelta2
Pulling.
Already up to date.
Pulled
Ending... Mon Nov 30 04:50:02 AM UTC 2020
Starting... Mon Nov 30 05:50:01 AM UTC 2020
cded, am in /root/msipdelta2
Pulling.
Already up to date.
Pulled
Ending... Mon Nov 30 05:50:03 AM UTC 2020
