Starting... Thu Dec 31 12:50:01 AM UTC 2020
cded, am in /root/msipdelta2
Pulling.
Already up to date.
Pulled
Ending... Thu Dec 31 12:50:02 AM UTC 2020
Starting... Thu Dec 31 01:50:01 AM UTC 2020
cded, am in /root/msipdelta2
Pulling.
Already up to date.
Pulled
Ending... Thu Dec 31 01:50:02 AM UTC 2020
Starting... Thu Dec 31 02:50:02 AM UTC 2020
cded, am in /root/msipdelta2
Pulling.
Already up to date.
Pulled
Ending... Thu Dec 31 02:50:03 AM UTC 2020
Starting... Thu Dec 31 03:50:01 AM UTC 2020
cded, am in /root/msipdelta2
Pulling.
Already up to date.
Pulled
Ending... Thu Dec 31 03:50:03 AM UTC 2020
Starting... Thu Dec 31 04:50:01 AM UTC 2020
cded, am in /root/msipdelta2
Pulling.
Already up to date.
Pulled
Ending... Thu Dec 31 04:50:01 AM UTC 2020
Starting... Thu Dec 31 05:50:01 AM UTC 2020
cded, am in /root/msipdelta2
Pulling.
Already up to date.
Pulled
Ending... Thu Dec 31 05:50:02 AM UTC 2020
Starting... Thu Dec 31 06:50:01 AM UTC 2020
cded, am in /root/msipdelta2
Pulling.
Already up to date.
Pulled
Ending... Thu Dec 31 06:50:03 AM UTC 2020
Starting... Thu Dec 31 07:50:01 AM UTC 2020
cded, am in /root/msipdelta2
Pulling.
Already up to date.
Pulled
Ending... Thu Dec 31 07:50:02 AM UTC 2020
Starting... Thu Dec 31 08:50:01 AM UTC 2020
cded, am in /root/msipdelta2
Pulling.
Already up to date.
Pulled
Ending... Thu Dec 31 08:50:03 AM UTC 2020
Starting... Thu Dec 31 09:50:01 AM UTC 2020
cded, am in /root/msipdelta2
Pulling.
Already up to date.
Pulled
Ending... Thu Dec 31 09:50:02 AM UTC 2020
Starting... Thu Dec 31 10:50:01 AM UTC 2020
cded, am in /root/msipdelta2
Pulling.
Already up to date.
Pulled
Ending... Thu Dec 31 10:50:02 AM UTC 2020
Starting... Thu Dec 31 11:50:01 AM UTC 2020
cded, am in /root/msipdelta2
Pulling.
Already up to date.
Pulled
Ending... Thu Dec 31 11:50:03 AM UTC 2020
