Starting... Wed Jan 20 12:50:01 AM UTC 2021
cded, am in /root/msipdelta2
Pulling.
Already up to date.
Pulled
Ending... Wed Jan 20 12:50:04 AM UTC 2021
Starting... Wed Jan 20 01:50:01 AM UTC 2021
cded, am in /root/msipdelta2
Pulling.
Already up to date.
Pulled
Ending... Wed Jan 20 01:50:04 AM UTC 2021
Starting... Wed Jan 20 02:50:01 AM UTC 2021
cded, am in /root/msipdelta2
Pulling.
Already up to date.
Pulled
Ending... Wed Jan 20 02:50:04 AM UTC 2021
Starting... Wed Jan 20 03:50:01 AM UTC 2021
cded, am in /root/msipdelta2
Pulling.
Already up to date.
Pulled
Ending... Wed Jan 20 03:50:03 AM UTC 2021
Starting... Wed Jan 20 04:50:01 AM UTC 2021
cded, am in /root/msipdelta2
Pulling.
Already up to date.
Pulled
Ending... Wed Jan 20 04:50:04 AM UTC 2021
Starting... Wed Jan 20 05:50:01 AM UTC 2021
cded, am in /root/msipdelta2
Pulling.
Already up to date.
Pulled
Ending... Wed Jan 20 05:50:03 AM UTC 2021
