Starting... Thu Nov 19 12:50:01 AM UTC 2020
cded, am in /root/msipdelta2
Pulling.
Already up to date.
Pulled
Ending... Thu Nov 19 12:50:03 AM UTC 2020
Starting... Thu Nov 19 01:50:01 AM UTC 2020
cded, am in /root/msipdelta2
Pulling.
Already up to date.
Pulled
Ending... Thu Nov 19 01:50:04 AM UTC 2020
Starting... Thu Nov 19 02:50:01 AM UTC 2020
cded, am in /root/msipdelta2
Pulling.
Already up to date.
Pulled
Ending... Thu Nov 19 02:50:02 AM UTC 2020
Starting... Thu Nov 19 03:50:01 AM UTC 2020
cded, am in /root/msipdelta2
Pulling.
Already up to date.
Pulled
Ending... Thu Nov 19 03:50:02 AM UTC 2020
Starting... Thu Nov 19 04:50:01 AM UTC 2020
cded, am in /root/msipdelta2
Pulling.
Already up to date.
Pulled
Ending... Thu Nov 19 04:50:03 AM UTC 2020
Starting... Thu Nov 19 05:50:01 AM UTC 2020
cded, am in /root/msipdelta2
Pulling.
Already up to date.
Pulled
Ending... Thu Nov 19 05:50:03 AM UTC 2020
Starting... Thu Nov 19 06:50:01 AM UTC 2020
cded, am in /root/msipdelta2
Pulling.
Already up to date.
Pulled
Ending... Thu Nov 19 06:50:03 AM UTC 2020
Starting... Thu Nov 19 07:50:01 AM UTC 2020
cded, am in /root/msipdelta2
Pulling.
Already up to date.
Pulled
Ending... Thu Nov 19 07:50:03 AM UTC 2020
Starting... Thu Nov 19 08:50:01 AM UTC 2020
cded, am in /root/msipdelta2
Pulling.
Already up to date.
Pulled
Ending... Thu Nov 19 08:50:03 AM UTC 2020
Starting... Thu Nov 19 09:50:01 AM UTC 2020
cded, am in /root/msipdelta2
Pulling.
Already up to date.
Pulled
Ending... Thu Nov 19 09:50:04 AM UTC 2020
Starting... Thu Nov 19 10:50:01 AM UTC 2020
cded, am in /root/msipdelta2
Pulling.
Already up to date.
Pulled
Ending... Thu Nov 19 10:50:04 AM UTC 2020
Starting... Thu Nov 19 11:50:01 AM UTC 2020
cded, am in /root/msipdelta2
Pulling.
Already up to date.
Pulled
Ending... Thu Nov 19 11:50:05 AM UTC 2020
Starting... Thu Nov 19 12:50:01 PM UTC 2020
cded, am in /root/msipdelta2
Pulling.
Already up to date.
Pulled
Ending... Thu Nov 19 12:50:02 PM UTC 2020
Starting... Thu Nov 19 01:50:01 PM UTC 2020
cded, am in /root/msipdelta2
Pulling.
Already up to date.
Pulled
Ending... Thu Nov 19 01:50:04 PM UTC 2020
Starting... Thu Nov 19 02:50:01 PM UTC 2020
cded, am in /root/msipdelta2
Pulling.
Already up to date.
Pulled
Ending... Thu Nov 19 02:50:05 PM UTC 2020
Starting... Thu Nov 19 03:50:01 PM UTC 2020
cded, am in /root/msipdelta2
Pulling.
Already up to date.
Pulled
Ending... Thu Nov 19 03:50:07 PM UTC 2020
Starting... Thu Nov 19 04:50:01 PM UTC 2020
cded, am in /root/msipdelta2
Pulling.
Already up to date.
Pulled
Ending... Thu Nov 19 04:50:03 PM UTC 2020
Starting... Thu Nov 19 05:50:01 PM UTC 2020
cded, am in /root/msipdelta2
Pulling.
Already up to date.
Pulled
Ending... Thu Nov 19 05:50:07 PM UTC 2020
Starting... Thu Nov 19 06:50:01 PM UTC 2020
cded, am in /root/msipdelta2
Pulling.
Already up to date.
Pulled
Ending... Thu Nov 19 06:50:03 PM UTC 2020
Starting... Thu Nov 19 07:50:01 PM UTC 2020
cded, am in /root/msipdelta2
Pulling.
Already up to date.
Pulled
Ending... Thu Nov 19 07:50:02 PM UTC 2020
Starting... Thu Nov 19 08:50:01 PM UTC 2020
cded, am in /root/msipdelta2
Pulling.
Already up to date.
Pulled
Ending... Thu Nov 19 08:50:02 PM UTC 2020
Starting... Thu Nov 19 09:50:01 PM UTC 2020
cded, am in /root/msipdelta2
Pulling.
Already up to date.
Pulled
Ending... Thu Nov 19 09:50:03 PM UTC 2020
Starting... Thu Nov 19 10:50:01 PM UTC 2020
cded, am in /root/msipdelta2
Pulling.
Already up to date.
Pulled
Ending... Thu Nov 19 10:50:02 PM UTC 2020
Starting... Thu Nov 19 11:50:01 PM UTC 2020
cded, am in /root/msipdelta2
Pulling.
Bad Pull.
Ending... Thu Nov 19 11:50:13 PM UTC 2020
