Starting... Mon Mar 15 12:50:01 AM UTC 2021
cded, am in /root/msipdelta2
Pulling.
Already up to date.
Pulled
Ending... Mon Mar 15 12:50:03 AM UTC 2021
Starting... Mon Mar 15 01:50:01 AM UTC 2021
cded, am in /root/msipdelta2
Pulling.
Already up to date.
Pulled
Ending... Mon Mar 15 01:50:02 AM UTC 2021
Starting... Mon Mar 15 02:50:01 AM UTC 2021
cded, am in /root/msipdelta2
Pulling.
Already up to date.
Pulled
Ending... Mon Mar 15 02:50:03 AM UTC 2021
Starting... Mon Mar 15 03:50:01 AM UTC 2021
cded, am in /root/msipdelta2
Pulling.
Already up to date.
Pulled
Ending... Mon Mar 15 03:50:02 AM UTC 2021
Starting... Mon Mar 15 04:50:01 AM UTC 2021
cded, am in /root/msipdelta2
Pulling.
Already up to date.
Pulled
Ending... Mon Mar 15 04:50:01 AM UTC 2021
Starting... Mon Mar 15 05:50:01 AM UTC 2021
cded, am in /root/msipdelta2
Pulling.
Already up to date.
Pulled
Ending... Mon Mar 15 05:50:03 AM UTC 2021
Starting... Mon Mar 15 06:50:01 AM UTC 2021
cded, am in /root/msipdelta2
Pulling.
Already up to date.
Pulled
Ending... Mon Mar 15 06:50:03 AM UTC 2021
Starting... Mon Mar 15 07:50:01 AM UTC 2021
cded, am in /root/msipdelta2
Pulling.
Already up to date.
Pulled
Ending... Mon Mar 15 07:50:02 AM UTC 2021
Starting... Mon Mar 15 08:50:01 AM UTC 2021
cded, am in /root/msipdelta2
Pulling.
Already up to date.
Pulled
Ending... Mon Mar 15 08:50:03 AM UTC 2021
Starting... Mon Mar 15 09:50:01 AM UTC 2021
cded, am in /root/msipdelta2
Pulling.
Already up to date.
Pulled
Ending... Mon Mar 15 09:50:03 AM UTC 2021
Starting... Mon Mar 15 10:50:01 AM UTC 2021
cded, am in /root/msipdelta2
Pulling.
Already up to date.
Pulled
Ending... Mon Mar 15 10:50:03 AM UTC 2021
Starting... Mon Mar 15 11:50:01 AM UTC 2021
cded, am in /root/msipdelta2
Pulling.
Already up to date.
Pulled
Ending... Mon Mar 15 11:50:02 AM UTC 2021
