Starting... Thu Mar 25 12:50:01 AM UTC 2021
cded, am in /root/msipdelta2
Pulling.
Already up to date.
Pulled
Ending... Thu Mar 25 12:50:03 AM UTC 2021
Starting... Thu Mar 25 01:50:01 AM UTC 2021
cded, am in /root/msipdelta2
Pulling.
Already up to date.
Pulled
Ending... Thu Mar 25 01:50:02 AM UTC 2021
Starting... Thu Mar 25 02:50:01 AM UTC 2021
cded, am in /root/msipdelta2
Pulling.
Already up to date.
Pulled
Ending... Thu Mar 25 02:50:04 AM UTC 2021
Starting... Thu Mar 25 03:50:01 AM UTC 2021
cded, am in /root/msipdelta2
Pulling.
Already up to date.
Pulled
Ending... Thu Mar 25 03:50:02 AM UTC 2021
Starting... Thu Mar 25 04:50:01 AM UTC 2021
cded, am in /root/msipdelta2
Pulling.
Already up to date.
Pulled
Ending... Thu Mar 25 04:50:03 AM UTC 2021
Starting... Thu Mar 25 05:50:01 AM UTC 2021
cded, am in /root/msipdelta2
Pulling.
Already up to date.
Pulled
Ending... Thu Mar 25 05:50:03 AM UTC 2021
Starting... Thu Mar 25 06:50:01 AM UTC 2021
cded, am in /root/msipdelta2
Pulling.
Already up to date.
Pulled
Ending... Thu Mar 25 06:50:05 AM UTC 2021
Starting... Thu Mar 25 07:50:01 AM UTC 2021
cded, am in /root/msipdelta2
Pulling.
Already up to date.
Pulled
Ending... Thu Mar 25 07:50:03 AM UTC 2021
Starting... Thu Mar 25 08:50:01 AM UTC 2021
cded, am in /root/msipdelta2
Pulling.
Already up to date.
Pulled
Ending... Thu Mar 25 08:50:02 AM UTC 2021
Starting... Thu Mar 25 09:50:01 AM UTC 2021
cded, am in /root/msipdelta2
Pulling.
Already up to date.
Pulled
Ending... Thu Mar 25 09:50:03 AM UTC 2021
Starting... Thu Mar 25 10:50:01 AM UTC 2021
cded, am in /root/msipdelta2
Pulling.
Already up to date.
Pulled
Ending... Thu Mar 25 10:50:04 AM UTC 2021
Starting... Thu Mar 25 11:50:01 AM UTC 2021
cded, am in /root/msipdelta2
Pulling.
Already up to date.
Pulled
Ending... Thu Mar 25 11:50:02 AM UTC 2021
Starting... Thu Mar 25 12:50:01 PM UTC 2021
cded, am in /root/msipdelta2
Pulling.
Already up to date.
Pulled
Ending... Thu Mar 25 12:50:03 PM UTC 2021
Starting... Thu Mar 25 01:50:01 PM UTC 2021
cded, am in /root/msipdelta2
Pulling.
Already up to date.
Pulled
Ending... Thu Mar 25 01:50:04 PM UTC 2021
Starting... Thu Mar 25 02:50:01 PM UTC 2021
cded, am in /root/msipdelta2
Pulling.
Already up to date.
Pulled
Ending... Thu Mar 25 02:50:02 PM UTC 2021
Starting... Thu Mar 25 03:50:01 PM UTC 2021
cded, am in /root/msipdelta2
Pulling.
Already up to date.
Pulled
Ending... Thu Mar 25 03:50:04 PM UTC 2021
Starting... Thu Mar 25 04:50:01 PM UTC 2021
cded, am in /root/msipdelta2
Pulling.
Already up to date.
Pulled
Ending... Thu Mar 25 04:50:03 PM UTC 2021
Starting... Thu Mar 25 05:50:01 PM UTC 2021
cded, am in /root/msipdelta2
Pulling.
Already up to date.
Pulled
Ending... Thu Mar 25 05:50:04 PM UTC 2021
Starting... Thu Mar 25 06:50:01 PM UTC 2021
cded, am in /root/msipdelta2
Pulling.
Already up to date.
Pulled
Ending... Thu Mar 25 06:50:02 PM UTC 2021
Starting... Thu Mar 25 07:50:01 PM UTC 2021
cded, am in /root/msipdelta2
Pulling.
Already up to date.
Pulled
Ending... Thu Mar 25 07:50:04 PM UTC 2021
Starting... Thu Mar 25 08:50:01 PM UTC 2021
cded, am in /root/msipdelta2
Pulling.
Already up to date.
Pulled
Ending... Thu Mar 25 08:50:02 PM UTC 2021
Starting... Thu Mar 25 09:50:01 PM UTC 2021
cded, am in /root/msipdelta2
Pulling.
Already up to date.
Pulled
Ending... Thu Mar 25 09:50:05 PM UTC 2021
Starting... Thu Mar 25 10:50:01 PM UTC 2021
cded, am in /root/msipdelta2
Pulling.
Already up to date.
Pulled
Ending... Thu Mar 25 10:50:03 PM UTC 2021
Starting... Thu Mar 25 11:50:01 PM UTC 2021
cded, am in /root/msipdelta2
Pulling.
Already up to date.
Pulled
Ending... Thu Mar 25 11:50:02 PM UTC 2021
