Starting... Sat May  1 12:50:01 AM UTC 2021
cded, am in /root/msipdelta2
Pulling.
Already up to date.
Pulled
Ending... Sat May  1 12:50:03 AM UTC 2021
Starting... Sat May  1 01:50:01 AM UTC 2021
cded, am in /root/msipdelta2
Pulling.
Already up to date.
Pulled
Ending... Sat May  1 01:50:03 AM UTC 2021
Starting... Sat May  1 02:50:01 AM UTC 2021
cded, am in /root/msipdelta2
Pulling.
Already up to date.
Pulled
Ending... Sat May  1 02:50:03 AM UTC 2021
Starting... Sat May  1 03:50:01 AM UTC 2021
cded, am in /root/msipdelta2
Pulling.
Already up to date.
Pulled
Ending... Sat May  1 03:50:03 AM UTC 2021
Starting... Sat May  1 04:50:01 AM UTC 2021
cded, am in /root/msipdelta2
Pulling.
Already up to date.
Pulled
Ending... Sat May  1 04:50:04 AM UTC 2021
Starting... Sat May  1 05:50:01 AM UTC 2021
cded, am in /root/msipdelta2
Pulling.
Already up to date.
Pulled
Ending... Sat May  1 05:50:03 AM UTC 2021
