Starting... Wed Dec 16 12:50:01 AM UTC 2020
cded, am in /root/msipdelta2
Pulling.
Already up to date.
Pulled
Ending... Wed Dec 16 12:50:03 AM UTC 2020
Starting... Wed Dec 16 01:50:01 AM UTC 2020
cded, am in /root/msipdelta2
Pulling.
Already up to date.
Pulled
Ending... Wed Dec 16 01:50:01 AM UTC 2020
Starting... Wed Dec 16 02:50:01 AM UTC 2020
cded, am in /root/msipdelta2
Pulling.
Already up to date.
Pulled
Ending... Wed Dec 16 02:50:03 AM UTC 2020
Starting... Wed Dec 16 03:50:01 AM UTC 2020
cded, am in /root/msipdelta2
Pulling.
Already up to date.
Pulled
Ending... Wed Dec 16 03:50:03 AM UTC 2020
Starting... Wed Dec 16 04:50:01 AM UTC 2020
cded, am in /root/msipdelta2
Pulling.
Already up to date.
Pulled
Ending... Wed Dec 16 04:50:02 AM UTC 2020
Starting... Wed Dec 16 05:50:01 AM UTC 2020
cded, am in /root/msipdelta2
Pulling.
Already up to date.
Pulled
Ending... Wed Dec 16 05:50:03 AM UTC 2020
Starting... Wed Dec 16 06:50:01 AM UTC 2020
cded, am in /root/msipdelta2
Pulling.
Already up to date.
Pulled
Ending... Wed Dec 16 06:50:03 AM UTC 2020
Starting... Wed Dec 16 07:50:01 AM UTC 2020
cded, am in /root/msipdelta2
Pulling.
Already up to date.
Pulled
Ending... Wed Dec 16 07:50:02 AM UTC 2020
Starting... Wed Dec 16 08:50:01 AM UTC 2020
cded, am in /root/msipdelta2
Pulling.
Already up to date.
Pulled
Ending... Wed Dec 16 08:50:02 AM UTC 2020
Starting... Wed Dec 16 09:50:01 AM UTC 2020
cded, am in /root/msipdelta2
Pulling.
Already up to date.
Pulled
Ending... Wed Dec 16 09:50:03 AM UTC 2020
Starting... Wed Dec 16 10:50:01 AM UTC 2020
cded, am in /root/msipdelta2
Pulling.
Already up to date.
Pulled
Ending... Wed Dec 16 10:50:03 AM UTC 2020
Starting... Wed Dec 16 11:50:01 AM UTC 2020
cded, am in /root/msipdelta2
Pulling.
Already up to date.
Pulled
Ending... Wed Dec 16 11:50:02 AM UTC 2020
