Starting... Sun Mar 28 12:50:01 AM UTC 2021
cded, am in /root/msipdelta2
Pulling.
Already up to date.
Pulled
Ending... Sun Mar 28 12:50:03 AM UTC 2021
Starting... Sun Mar 28 01:50:01 AM UTC 2021
cded, am in /root/msipdelta2
Pulling.
Already up to date.
Pulled
Ending... Sun Mar 28 01:50:03 AM UTC 2021
Starting... Sun Mar 28 02:50:01 AM UTC 2021
cded, am in /root/msipdelta2
Pulling.
Already up to date.
Pulled
Ending... Sun Mar 28 02:50:03 AM UTC 2021
Starting... Sun Mar 28 03:50:01 AM UTC 2021
cded, am in /root/msipdelta2
Pulling.
Already up to date.
Pulled
Ending... Sun Mar 28 03:50:02 AM UTC 2021
Starting... Sun Mar 28 04:50:01 AM UTC 2021
cded, am in /root/msipdelta2
Pulling.
Already up to date.
Pulled
Ending... Sun Mar 28 04:50:03 AM UTC 2021
Starting... Sun Mar 28 05:50:01 AM UTC 2021
cded, am in /root/msipdelta2
Pulling.
Already up to date.
Pulled
Ending... Sun Mar 28 05:50:03 AM UTC 2021
Starting... Sun Mar 28 06:50:01 AM UTC 2021
cded, am in /root/msipdelta2
Pulling.
Already up to date.
Pulled
Ending... Sun Mar 28 06:50:02 AM UTC 2021
Starting... Sun Mar 28 07:50:01 AM UTC 2021
cded, am in /root/msipdelta2
Pulling.
Already up to date.
Pulled
Ending... Sun Mar 28 07:50:03 AM UTC 2021
Starting... Sun Mar 28 08:50:01 AM UTC 2021
cded, am in /root/msipdelta2
Pulling.
Already up to date.
Pulled
Ending... Sun Mar 28 08:50:03 AM UTC 2021
Starting... Sun Mar 28 09:50:01 AM UTC 2021
cded, am in /root/msipdelta2
Pulling.
Already up to date.
Pulled
Ending... Sun Mar 28 09:50:02 AM UTC 2021
Starting... Sun Mar 28 10:50:01 AM UTC 2021
cded, am in /root/msipdelta2
Pulling.
Already up to date.
Pulled
Ending... Sun Mar 28 10:50:02 AM UTC 2021
Starting... Sun Mar 28 11:50:01 AM UTC 2021
cded, am in /root/msipdelta2
Pulling.
Already up to date.
Pulled
Ending... Sun Mar 28 11:50:03 AM UTC 2021
