Starting... Mon Mar  8 12:50:01 AM UTC 2021
cded, am in /root/msipdelta2
Pulling.
Already up to date.
Pulled
Ending... Mon Mar  8 12:50:04 AM UTC 2021
Starting... Mon Mar  8 01:50:01 AM UTC 2021
cded, am in /root/msipdelta2
Pulling.
Already up to date.
Pulled
Ending... Mon Mar  8 01:50:03 AM UTC 2021
Starting... Mon Mar  8 02:50:01 AM UTC 2021
cded, am in /root/msipdelta2
Pulling.
Already up to date.
Pulled
Ending... Mon Mar  8 02:50:03 AM UTC 2021
Starting... Mon Mar  8 03:50:01 AM UTC 2021
cded, am in /root/msipdelta2
Pulling.
Already up to date.
Pulled
Ending... Mon Mar  8 03:50:02 AM UTC 2021
Starting... Mon Mar  8 04:50:01 AM UTC 2021
cded, am in /root/msipdelta2
Pulling.
Already up to date.
Pulled
Ending... Mon Mar  8 04:50:03 AM UTC 2021
Starting... Mon Mar  8 05:50:01 AM UTC 2021
cded, am in /root/msipdelta2
Pulling.
Already up to date.
Pulled
Ending... Mon Mar  8 05:50:02 AM UTC 2021
