Starting... Sat Dec  5 12:50:01 AM UTC 2020
cded, am in /root/msipdelta2
Pulling.
Already up to date.
Pulled
Ending... Sat Dec  5 12:50:03 AM UTC 2020
Starting... Sat Dec  5 01:50:01 AM UTC 2020
cded, am in /root/msipdelta2
Pulling.
Already up to date.
Pulled
Ending... Sat Dec  5 01:50:02 AM UTC 2020
Starting... Sat Dec  5 02:50:02 AM UTC 2020
cded, am in /root/msipdelta2
Pulling.
Already up to date.
Pulled
Ending... Sat Dec  5 02:50:03 AM UTC 2020
Starting... Sat Dec  5 03:50:01 AM UTC 2020
cded, am in /root/msipdelta2
Pulling.
Already up to date.
Pulled
Ending... Sat Dec  5 03:50:01 AM UTC 2020
Starting... Sat Dec  5 04:50:01 AM UTC 2020
cded, am in /root/msipdelta2
Pulling.
Already up to date.
Pulled
Ending... Sat Dec  5 04:50:03 AM UTC 2020
Starting... Sat Dec  5 05:50:01 AM UTC 2020
cded, am in /root/msipdelta2
Pulling.
Already up to date.
Pulled
Ending... Sat Dec  5 05:50:01 AM UTC 2020
Starting... Sat Dec  5 06:50:01 AM UTC 2020
cded, am in /root/msipdelta2
Pulling.
Already up to date.
Pulled
Ending... Sat Dec  5 06:50:02 AM UTC 2020
Starting... Sat Dec  5 07:50:01 AM UTC 2020
cded, am in /root/msipdelta2
Pulling.
Already up to date.
Pulled
Ending... Sat Dec  5 07:50:03 AM UTC 2020
Starting... Sat Dec  5 08:50:01 AM UTC 2020
cded, am in /root/msipdelta2
Pulling.
Already up to date.
Pulled
Ending... Sat Dec  5 08:50:02 AM UTC 2020
Starting... Sat Dec  5 09:50:01 AM UTC 2020
cded, am in /root/msipdelta2
Pulling.
Already up to date.
Pulled
Ending... Sat Dec  5 09:50:02 AM UTC 2020
Starting... Sat Dec  5 10:50:01 AM UTC 2020
cded, am in /root/msipdelta2
Pulling.
Already up to date.
Pulled
Ending... Sat Dec  5 10:50:02 AM UTC 2020
Starting... Sat Dec  5 11:50:01 AM UTC 2020
cded, am in /root/msipdelta2
Pulling.
Already up to date.
Pulled
Ending... Sat Dec  5 11:50:02 AM UTC 2020
Starting... Sat Dec  5 12:50:01 PM UTC 2020
cded, am in /root/msipdelta2
Pulling.
Already up to date.
Pulled
Ending... Sat Dec  5 12:50:02 PM UTC 2020
Starting... Sat Dec  5 01:50:01 PM UTC 2020
cded, am in /root/msipdelta2
Pulling.
Already up to date.
Pulled
Ending... Sat Dec  5 01:50:03 PM UTC 2020
Starting... Sat Dec  5 02:50:01 PM UTC 2020
cded, am in /root/msipdelta2
Pulling.
Already up to date.
Pulled
Ending... Sat Dec  5 02:50:02 PM UTC 2020
Starting... Sat Dec  5 03:50:01 PM UTC 2020
cded, am in /root/msipdelta2
Pulling.
Already up to date.
Pulled
Ending... Sat Dec  5 03:50:01 PM UTC 2020
Starting... Sat Dec  5 04:50:01 PM UTC 2020
cded, am in /root/msipdelta2
Pulling.
Already up to date.
Pulled
Ending... Sat Dec  5 04:50:03 PM UTC 2020
Starting... Sat Dec  5 05:50:01 PM UTC 2020
cded, am in /root/msipdelta2
Pulling.
Already up to date.
Pulled
Ending... Sat Dec  5 05:50:01 PM UTC 2020
Starting... Sat Dec  5 06:50:01 PM UTC 2020
cded, am in /root/msipdelta2
Pulling.
Already up to date.
Pulled
Ending... Sat Dec  5 06:50:03 PM UTC 2020
Starting... Sat Dec  5 07:50:01 PM UTC 2020
cded, am in /root/msipdelta2
Pulling.
Already up to date.
Pulled
Ending... Sat Dec  5 07:50:02 PM UTC 2020
Starting... Sat Dec  5 08:50:01 PM UTC 2020
cded, am in /root/msipdelta2
Pulling.
Already up to date.
Pulled
Ending... Sat Dec  5 08:50:01 PM UTC 2020
Starting... Sat Dec  5 09:50:02 PM UTC 2020
cded, am in /root/msipdelta2
Pulling.
Already up to date.
Pulled
Ending... Sat Dec  5 09:50:03 PM UTC 2020
Starting... Sat Dec  5 10:50:01 PM UTC 2020
cded, am in /root/msipdelta2
Pulling.
Already up to date.
Pulled
Ending... Sat Dec  5 10:50:01 PM UTC 2020
Starting... Sat Dec  5 11:50:01 PM UTC 2020
cded, am in /root/msipdelta2
Pulling.
Already up to date.
Pulled
Ending... Sat Dec  5 11:50:02 PM UTC 2020
