Starting... Sun Jan 31 12:50:01 AM UTC 2021
cded, am in /root/msipdelta2
Pulling.
Already up to date.
Pulled
Ending... Sun Jan 31 12:50:03 AM UTC 2021
Starting... Sun Jan 31 01:50:01 AM UTC 2021
cded, am in /root/msipdelta2
Pulling.
Already up to date.
Pulled
Ending... Sun Jan 31 01:50:02 AM UTC 2021
Starting... Sun Jan 31 02:50:01 AM UTC 2021
cded, am in /root/msipdelta2
Pulling.
Already up to date.
Pulled
Ending... Sun Jan 31 02:50:03 AM UTC 2021
Starting... Sun Jan 31 03:50:01 AM UTC 2021
cded, am in /root/msipdelta2
Pulling.
Already up to date.
Pulled
Ending... Sun Jan 31 03:50:02 AM UTC 2021
Starting... Sun Jan 31 04:50:01 AM UTC 2021
cded, am in /root/msipdelta2
Pulling.
Already up to date.
Pulled
Ending... Sun Jan 31 04:50:02 AM UTC 2021
Starting... Sun Jan 31 05:50:01 AM UTC 2021
cded, am in /root/msipdelta2
Pulling.
Already up to date.
Pulled
Ending... Sun Jan 31 05:50:03 AM UTC 2021
Starting... Sun Jan 31 06:50:01 AM UTC 2021
cded, am in /root/msipdelta2
Pulling.
Already up to date.
Pulled
Ending... Sun Jan 31 06:50:02 AM UTC 2021
Starting... Sun Jan 31 07:50:01 AM UTC 2021
cded, am in /root/msipdelta2
Pulling.
Already up to date.
Pulled
Ending... Sun Jan 31 07:50:03 AM UTC 2021
Starting... Sun Jan 31 08:50:01 AM UTC 2021
cded, am in /root/msipdelta2
Pulling.
Already up to date.
Pulled
Ending... Sun Jan 31 08:50:02 AM UTC 2021
Starting... Sun Jan 31 09:50:01 AM UTC 2021
cded, am in /root/msipdelta2
Pulling.
Already up to date.
Pulled
Ending... Sun Jan 31 09:50:02 AM UTC 2021
Starting... Sun Jan 31 10:50:01 AM UTC 2021
cded, am in /root/msipdelta2
Pulling.
Already up to date.
Pulled
Ending... Sun Jan 31 10:50:04 AM UTC 2021
Starting... Sun Jan 31 11:50:01 AM UTC 2021
cded, am in /root/msipdelta2
Pulling.
Already up to date.
Pulled
Ending... Sun Jan 31 11:50:03 AM UTC 2021
Starting... Sun Jan 31 12:50:01 PM UTC 2021
cded, am in /root/msipdelta2
Pulling.
Already up to date.
Pulled
Ending... Sun Jan 31 12:50:02 PM UTC 2021
Starting... Sun Jan 31 01:50:01 PM UTC 2021
cded, am in /root/msipdelta2
Pulling.
Already up to date.
Pulled
Ending... Sun Jan 31 01:50:02 PM UTC 2021
Starting... Sun Jan 31 02:50:01 PM UTC 2021
cded, am in /root/msipdelta2
Pulling.
Already up to date.
Pulled
Ending... Sun Jan 31 02:50:03 PM UTC 2021
Starting... Sun Jan 31 03:50:01 PM UTC 2021
cded, am in /root/msipdelta2
Pulling.
Already up to date.
Pulled
Ending... Sun Jan 31 03:50:04 PM UTC 2021
Starting... Sun Jan 31 04:50:01 PM UTC 2021
cded, am in /root/msipdelta2
Pulling.
Already up to date.
Pulled
Ending... Sun Jan 31 04:50:02 PM UTC 2021
Starting... Sun Jan 31 05:50:01 PM UTC 2021
cded, am in /root/msipdelta2
Pulling.
Already up to date.
Pulled
Ending... Sun Jan 31 05:50:02 PM UTC 2021
