Starting... Fri Feb 26 12:50:01 AM UTC 2021
cded, am in /root/msipdelta2
Pulling.
Already up to date.
Pulled
Ending... Fri Feb 26 12:50:03 AM UTC 2021
Starting... Fri Feb 26 01:50:01 AM UTC 2021
cded, am in /root/msipdelta2
Pulling.
Already up to date.
Pulled
Ending... Fri Feb 26 01:50:02 AM UTC 2021
Starting... Fri Feb 26 02:50:01 AM UTC 2021
cded, am in /root/msipdelta2
Pulling.
Already up to date.
Pulled
Ending... Fri Feb 26 02:50:02 AM UTC 2021
Starting... Fri Feb 26 03:50:01 AM UTC 2021
cded, am in /root/msipdelta2
Pulling.
Already up to date.
Pulled
Ending... Fri Feb 26 03:50:02 AM UTC 2021
Starting... Fri Feb 26 04:50:01 AM UTC 2021
cded, am in /root/msipdelta2
Pulling.
Already up to date.
Pulled
Ending... Fri Feb 26 04:50:03 AM UTC 2021
Starting... Fri Feb 26 05:50:01 AM UTC 2021
cded, am in /root/msipdelta2
Pulling.
Already up to date.
Pulled
Ending... Fri Feb 26 05:50:03 AM UTC 2021
Starting... Fri Feb 26 06:50:01 AM UTC 2021
cded, am in /root/msipdelta2
Pulling.
Already up to date.
Pulled
Ending... Fri Feb 26 06:50:03 AM UTC 2021
Starting... Fri Feb 26 07:50:01 AM UTC 2021
cded, am in /root/msipdelta2
Pulling.
Already up to date.
Pulled
Ending... Fri Feb 26 07:50:04 AM UTC 2021
Starting... Fri Feb 26 08:50:01 AM UTC 2021
cded, am in /root/msipdelta2
Pulling.
Already up to date.
Pulled
Ending... Fri Feb 26 08:50:02 AM UTC 2021
Starting... Fri Feb 26 09:50:01 AM UTC 2021
cded, am in /root/msipdelta2
Pulling.
Already up to date.
Pulled
Ending... Fri Feb 26 09:50:04 AM UTC 2021
Starting... Fri Feb 26 10:50:01 AM UTC 2021
cded, am in /root/msipdelta2
Pulling.
Already up to date.
Pulled
Ending... Fri Feb 26 10:50:02 AM UTC 2021
Starting... Fri Feb 26 11:50:01 AM UTC 2021
cded, am in /root/msipdelta2
Pulling.
Already up to date.
Pulled
Ending... Fri Feb 26 11:50:03 AM UTC 2021
