Starting... Tue Feb 23 12:50:01 AM UTC 2021
cded, am in /root/msipdelta2
Pulling.
Already up to date.
Pulled
Ending... Tue Feb 23 12:50:04 AM UTC 2021
Starting... Tue Feb 23 01:50:01 AM UTC 2021
cded, am in /root/msipdelta2
Pulling.
Already up to date.
Pulled
Ending... Tue Feb 23 01:50:04 AM UTC 2021
Starting... Tue Feb 23 02:50:01 AM UTC 2021
cded, am in /root/msipdelta2
Pulling.
Already up to date.
Pulled
Ending... Tue Feb 23 02:50:02 AM UTC 2021
Starting... Tue Feb 23 03:50:01 AM UTC 2021
cded, am in /root/msipdelta2
Pulling.
Already up to date.
Pulled
Ending... Tue Feb 23 03:50:03 AM UTC 2021
Starting... Tue Feb 23 04:50:01 AM UTC 2021
cded, am in /root/msipdelta2
Pulling.
Already up to date.
Pulled
Ending... Tue Feb 23 04:50:03 AM UTC 2021
Starting... Tue Feb 23 05:50:01 AM UTC 2021
cded, am in /root/msipdelta2
Pulling.
Already up to date.
Pulled
Ending... Tue Feb 23 05:50:04 AM UTC 2021
Starting... Tue Feb 23 06:50:01 AM UTC 2021
cded, am in /root/msipdelta2
Pulling.
Already up to date.
Pulled
Ending... Tue Feb 23 06:50:02 AM UTC 2021
Starting... Tue Feb 23 07:50:01 AM UTC 2021
cded, am in /root/msipdelta2
Pulling.
Already up to date.
Pulled
Ending... Tue Feb 23 07:50:04 AM UTC 2021
Starting... Tue Feb 23 08:50:01 AM UTC 2021
cded, am in /root/msipdelta2
Pulling.
Already up to date.
Pulled
Ending... Tue Feb 23 08:50:03 AM UTC 2021
Starting... Tue Feb 23 09:50:01 AM UTC 2021
cded, am in /root/msipdelta2
Pulling.
Already up to date.
Pulled
Ending... Tue Feb 23 09:50:04 AM UTC 2021
Starting... Tue Feb 23 10:50:01 AM UTC 2021
cded, am in /root/msipdelta2
Pulling.
Already up to date.
Pulled
Ending... Tue Feb 23 10:50:03 AM UTC 2021
Starting... Tue Feb 23 11:50:01 AM UTC 2021
cded, am in /root/msipdelta2
Pulling.
Already up to date.
Pulled
Ending... Tue Feb 23 11:50:05 AM UTC 2021
Starting... Tue Feb 23 12:50:01 PM UTC 2021
cded, am in /root/msipdelta2
Pulling.
Already up to date.
Pulled
Ending... Tue Feb 23 12:50:05 PM UTC 2021
Starting... Tue Feb 23 01:50:01 PM UTC 2021
cded, am in /root/msipdelta2
Pulling.
Already up to date.
Pulled
Ending... Tue Feb 23 01:50:03 PM UTC 2021
Starting... Tue Feb 23 02:50:01 PM UTC 2021
cded, am in /root/msipdelta2
Pulling.
Already up to date.
Pulled
Ending... Tue Feb 23 02:50:03 PM UTC 2021
Starting... Tue Feb 23 03:50:01 PM UTC 2021
cded, am in /root/msipdelta2
Pulling.
Already up to date.
Pulled
Ending... Tue Feb 23 03:50:03 PM UTC 2021
Starting... Tue Feb 23 04:50:01 PM UTC 2021
cded, am in /root/msipdelta2
Pulling.
Already up to date.
Pulled
Ending... Tue Feb 23 04:50:03 PM UTC 2021
Starting... Tue Feb 23 05:50:01 PM UTC 2021
cded, am in /root/msipdelta2
Pulling.
Already up to date.
Pulled
Ending... Tue Feb 23 05:50:03 PM UTC 2021
