Starting... Thu Dec 17 12:50:01 AM UTC 2020
cded, am in /root/msipdelta2
Pulling.
Already up to date.
Pulled
Ending... Thu Dec 17 12:50:04 AM UTC 2020
Starting... Thu Dec 17 01:50:01 AM UTC 2020
cded, am in /root/msipdelta2
Pulling.
Already up to date.
Pulled
Ending... Thu Dec 17 01:50:06 AM UTC 2020
Starting... Thu Dec 17 02:50:01 AM UTC 2020
cded, am in /root/msipdelta2
Pulling.
Already up to date.
Pulled
Ending... Thu Dec 17 02:50:04 AM UTC 2020
Starting... Thu Dec 17 03:50:01 AM UTC 2020
cded, am in /root/msipdelta2
Pulling.
Already up to date.
Pulled
Ending... Thu Dec 17 03:50:02 AM UTC 2020
Starting... Thu Dec 17 04:50:01 AM UTC 2020
cded, am in /root/msipdelta2
Pulling.
Already up to date.
Pulled
Ending... Thu Dec 17 04:50:06 AM UTC 2020
Starting... Thu Dec 17 05:50:01 AM UTC 2020
cded, am in /root/msipdelta2
Pulling.
Already up to date.
Pulled
Ending... Thu Dec 17 05:50:03 AM UTC 2020
