Starting... Thu Apr  8 12:50:01 AM UTC 2021
cded, am in /root/msipdelta2
Pulling.
Already up to date.
Pulled
Ending... Thu Apr  8 12:50:03 AM UTC 2021
Starting... Thu Apr  8 01:50:01 AM UTC 2021
cded, am in /root/msipdelta2
Pulling.
Already up to date.
Pulled
Ending... Thu Apr  8 01:50:03 AM UTC 2021
Starting... Thu Apr  8 02:50:01 AM UTC 2021
cded, am in /root/msipdelta2
Pulling.
Already up to date.
Pulled
Ending... Thu Apr  8 02:50:02 AM UTC 2021
Starting... Thu Apr  8 03:50:01 AM UTC 2021
cded, am in /root/msipdelta2
Pulling.
Already up to date.
Pulled
Ending... Thu Apr  8 03:50:03 AM UTC 2021
Starting... Thu Apr  8 04:50:01 AM UTC 2021
cded, am in /root/msipdelta2
Pulling.
Already up to date.
Pulled
Ending... Thu Apr  8 04:50:03 AM UTC 2021
Starting... Thu Apr  8 05:50:01 AM UTC 2021
cded, am in /root/msipdelta2
Pulling.
Already up to date.
Pulled
Ending... Thu Apr  8 05:50:04 AM UTC 2021
Starting... Thu Apr  8 06:50:01 AM UTC 2021
cded, am in /root/msipdelta2
Pulling.
Already up to date.
Pulled
Ending... Thu Apr  8 06:50:03 AM UTC 2021
Starting... Thu Apr  8 07:50:01 AM UTC 2021
cded, am in /root/msipdelta2
Pulling.
Already up to date.
Pulled
Ending... Thu Apr  8 07:50:03 AM UTC 2021
Starting... Thu Apr  8 08:50:01 AM UTC 2021
cded, am in /root/msipdelta2
Pulling.
Already up to date.
Pulled
Ending... Thu Apr  8 08:50:04 AM UTC 2021
Starting... Thu Apr  8 09:50:01 AM UTC 2021
cded, am in /root/msipdelta2
Pulling.
Already up to date.
Pulled
Ending... Thu Apr  8 09:50:04 AM UTC 2021
Starting... Thu Apr  8 10:50:01 AM UTC 2021
cded, am in /root/msipdelta2
Pulling.
Already up to date.
Pulled
Ending... Thu Apr  8 10:50:02 AM UTC 2021
Starting... Thu Apr  8 11:50:01 AM UTC 2021
cded, am in /root/msipdelta2
Pulling.
Already up to date.
Pulled
Ending... Thu Apr  8 11:50:03 AM UTC 2021
Starting... Thu Apr  8 12:50:01 PM UTC 2021
cded, am in /root/msipdelta2
Pulling.
Already up to date.
Pulled
Ending... Thu Apr  8 12:50:05 PM UTC 2021
Starting... Thu Apr  8 01:50:01 PM UTC 2021
cded, am in /root/msipdelta2
Pulling.
Already up to date.
Pulled
Ending... Thu Apr  8 01:50:03 PM UTC 2021
Starting... Thu Apr  8 02:50:01 PM UTC 2021
cded, am in /root/msipdelta2
Pulling.
Already up to date.
Pulled
Ending... Thu Apr  8 02:50:04 PM UTC 2021
Starting... Thu Apr  8 03:50:01 PM UTC 2021
cded, am in /root/msipdelta2
Pulling.
Already up to date.
Pulled
Ending... Thu Apr  8 03:50:03 PM UTC 2021
Starting... Thu Apr  8 04:50:01 PM UTC 2021
cded, am in /root/msipdelta2
Pulling.
Already up to date.
Pulled
Ending... Thu Apr  8 04:50:04 PM UTC 2021
Starting... Thu Apr  8 05:50:01 PM UTC 2021
cded, am in /root/msipdelta2
Pulling.
Already up to date.
Pulled
Ending... Thu Apr  8 05:50:02 PM UTC 2021
Starting... Thu Apr  8 06:50:01 PM UTC 2021
cded, am in /root/msipdelta2
Pulling.
Already up to date.
Pulled
Ending... Thu Apr  8 06:50:02 PM UTC 2021
Starting... Thu Apr  8 07:50:01 PM UTC 2021
cded, am in /root/msipdelta2
Pulling.
Already up to date.
Pulled
Ending... Thu Apr  8 07:50:04 PM UTC 2021
Starting... Thu Apr  8 08:50:01 PM UTC 2021
cded, am in /root/msipdelta2
Pulling.
Already up to date.
Pulled
Ending... Thu Apr  8 08:50:02 PM UTC 2021
Starting... Thu Apr  8 09:50:01 PM UTC 2021
cded, am in /root/msipdelta2
Pulling.
Already up to date.
Pulled
Ending... Thu Apr  8 09:50:03 PM UTC 2021
Starting... Thu Apr  8 10:50:01 PM UTC 2021
cded, am in /root/msipdelta2
Pulling.
Already up to date.
Pulled
Ending... Thu Apr  8 10:50:03 PM UTC 2021
Starting... Thu Apr  8 11:50:01 PM UTC 2021
cded, am in /root/msipdelta2
Pulling.
Already up to date.
Pulled
Ending... Thu Apr  8 11:50:03 PM UTC 2021
