Starting... Sun Dec 13 12:50:01 AM UTC 2020
cded, am in /root/msipdelta2
Pulling.
Already up to date.
Pulled
Ending... Sun Dec 13 12:50:02 AM UTC 2020
Starting... Sun Dec 13 01:50:01 AM UTC 2020
cded, am in /root/msipdelta2
Pulling.
Already up to date.
Pulled
Ending... Sun Dec 13 01:50:03 AM UTC 2020
Starting... Sun Dec 13 02:50:01 AM UTC 2020
cded, am in /root/msipdelta2
Pulling.
Already up to date.
Pulled
Ending... Sun Dec 13 02:50:03 AM UTC 2020
Starting... Sun Dec 13 03:50:01 AM UTC 2020
cded, am in /root/msipdelta2
Pulling.
Already up to date.
Pulled
Ending... Sun Dec 13 03:50:02 AM UTC 2020
Starting... Sun Dec 13 04:50:01 AM UTC 2020
cded, am in /root/msipdelta2
Pulling.
Already up to date.
Pulled
Ending... Sun Dec 13 04:50:01 AM UTC 2020
Starting... Sun Dec 13 05:50:01 AM UTC 2020
cded, am in /root/msipdelta2
Pulling.
Already up to date.
Pulled
Ending... Sun Dec 13 05:50:03 AM UTC 2020
