Starting... Mon Dec 21 12:50:01 AM UTC 2020
cded, am in /root/msipdelta2
Pulling.
Already up to date.
Pulled
Ending... Mon Dec 21 12:50:02 AM UTC 2020
Starting... Mon Dec 21 01:50:01 AM UTC 2020
cded, am in /root/msipdelta2
Pulling.
Already up to date.
Pulled
Ending... Mon Dec 21 01:50:02 AM UTC 2020
Starting... Mon Dec 21 02:50:01 AM UTC 2020
cded, am in /root/msipdelta2
Pulling.
Already up to date.
Pulled
Ending... Mon Dec 21 02:50:02 AM UTC 2020
Starting... Mon Dec 21 03:50:01 AM UTC 2020
cded, am in /root/msipdelta2
Pulling.
Already up to date.
Pulled
Ending... Mon Dec 21 03:50:03 AM UTC 2020
Starting... Mon Dec 21 04:50:01 AM UTC 2020
cded, am in /root/msipdelta2
Pulling.
Already up to date.
Pulled
Ending... Mon Dec 21 04:50:02 AM UTC 2020
Starting... Mon Dec 21 05:50:02 AM UTC 2020
cded, am in /root/msipdelta2
Pulling.
Already up to date.
Pulled
Ending... Mon Dec 21 05:50:03 AM UTC 2020
