Starting... Tue Dec 29 12:50:01 AM UTC 2020
cded, am in /root/msipdelta2
Pulling.
Already up to date.
Pulled
Ending... Tue Dec 29 12:50:03 AM UTC 2020
Starting... Tue Dec 29 01:50:01 AM UTC 2020
cded, am in /root/msipdelta2
Pulling.
Already up to date.
Pulled
Ending... Tue Dec 29 01:50:02 AM UTC 2020
Starting... Tue Dec 29 02:50:01 AM UTC 2020
cded, am in /root/msipdelta2
Pulling.
Already up to date.
Pulled
Ending... Tue Dec 29 02:50:03 AM UTC 2020
Starting... Tue Dec 29 03:50:01 AM UTC 2020
cded, am in /root/msipdelta2
Pulling.
Already up to date.
Pulled
Ending... Tue Dec 29 03:50:02 AM UTC 2020
Starting... Tue Dec 29 04:50:01 AM UTC 2020
cded, am in /root/msipdelta2
Pulling.
Already up to date.
Pulled
Ending... Tue Dec 29 04:50:02 AM UTC 2020
Starting... Tue Dec 29 05:50:01 AM UTC 2020
cded, am in /root/msipdelta2
Pulling.
Already up to date.
Pulled
Ending... Tue Dec 29 05:50:03 AM UTC 2020
Starting... Tue Dec 29 06:50:01 AM UTC 2020
cded, am in /root/msipdelta2
Pulling.
Already up to date.
Pulled
Ending... Tue Dec 29 06:50:02 AM UTC 2020
Starting... Tue Dec 29 07:50:01 AM UTC 2020
cded, am in /root/msipdelta2
Pulling.
Already up to date.
Pulled
Ending... Tue Dec 29 07:50:04 AM UTC 2020
Starting... Tue Dec 29 08:50:01 AM UTC 2020
cded, am in /root/msipdelta2
Pulling.
Already up to date.
Pulled
Ending... Tue Dec 29 08:50:02 AM UTC 2020
Starting... Tue Dec 29 09:50:01 AM UTC 2020
cded, am in /root/msipdelta2
Pulling.
Already up to date.
Pulled
Ending... Tue Dec 29 09:50:03 AM UTC 2020
Starting... Tue Dec 29 10:50:01 AM UTC 2020
cded, am in /root/msipdelta2
Pulling.
Already up to date.
Pulled
Ending... Tue Dec 29 10:50:02 AM UTC 2020
Starting... Tue Dec 29 11:50:01 AM UTC 2020
cded, am in /root/msipdelta2
Pulling.
Already up to date.
Pulled
Ending... Tue Dec 29 11:50:03 AM UTC 2020
Starting... Tue Dec 29 12:50:01 PM UTC 2020
cded, am in /root/msipdelta2
Pulling.
Already up to date.
Pulled
Ending... Tue Dec 29 12:50:02 PM UTC 2020
Starting... Tue Dec 29 01:50:01 PM UTC 2020
cded, am in /root/msipdelta2
Pulling.
Already up to date.
Pulled
Ending... Tue Dec 29 01:50:03 PM UTC 2020
Starting... Tue Dec 29 02:50:01 PM UTC 2020
cded, am in /root/msipdelta2
Pulling.
Already up to date.
Pulled
Ending... Tue Dec 29 02:50:03 PM UTC 2020
Starting... Tue Dec 29 03:50:01 PM UTC 2020
cded, am in /root/msipdelta2
Pulling.
Already up to date.
Pulled
Ending... Tue Dec 29 03:50:03 PM UTC 2020
Starting... Tue Dec 29 04:50:01 PM UTC 2020
cded, am in /root/msipdelta2
Pulling.
Already up to date.
Pulled
Ending... Tue Dec 29 04:50:02 PM UTC 2020
Starting... Tue Dec 29 05:50:01 PM UTC 2020
cded, am in /root/msipdelta2
Pulling.
Already up to date.
Pulled
Ending... Tue Dec 29 05:50:03 PM UTC 2020
Starting... Tue Dec 29 06:50:01 PM UTC 2020
cded, am in /root/msipdelta2
Pulling.
Already up to date.
Pulled
Ending... Tue Dec 29 06:50:03 PM UTC 2020
Starting... Tue Dec 29 07:50:01 PM UTC 2020
cded, am in /root/msipdelta2
Pulling.
Already up to date.
Pulled
Ending... Tue Dec 29 07:50:03 PM UTC 2020
Starting... Tue Dec 29 08:50:01 PM UTC 2020
cded, am in /root/msipdelta2
Pulling.
Already up to date.
Pulled
Ending... Tue Dec 29 08:50:02 PM UTC 2020
Starting... Tue Dec 29 09:50:01 PM UTC 2020
cded, am in /root/msipdelta2
Pulling.
Already up to date.
Pulled
Ending... Tue Dec 29 09:50:03 PM UTC 2020
Starting... Tue Dec 29 10:50:01 PM UTC 2020
cded, am in /root/msipdelta2
Pulling.
Already up to date.
Pulled
Ending... Tue Dec 29 10:50:02 PM UTC 2020
Starting... Tue Dec 29 11:50:01 PM UTC 2020
cded, am in /root/msipdelta2
Pulling.
Already up to date.
Pulled
Ending... Tue Dec 29 11:50:02 PM UTC 2020
