Starting... Thu Feb 18 12:50:01 AM UTC 2021
cded, am in /root/msipdelta2
Pulling.
Already up to date.
Pulled
Ending... Thu Feb 18 12:50:02 AM UTC 2021
Starting... Thu Feb 18 01:50:01 AM UTC 2021
cded, am in /root/msipdelta2
Pulling.
Already up to date.
Pulled
Ending... Thu Feb 18 01:50:04 AM UTC 2021
Starting... Thu Feb 18 02:50:01 AM UTC 2021
cded, am in /root/msipdelta2
Pulling.
Already up to date.
Pulled
Ending... Thu Feb 18 02:50:03 AM UTC 2021
Starting... Thu Feb 18 03:50:01 AM UTC 2021
cded, am in /root/msipdelta2
Pulling.
Already up to date.
Pulled
Ending... Thu Feb 18 03:50:03 AM UTC 2021
Starting... Thu Feb 18 04:50:01 AM UTC 2021
cded, am in /root/msipdelta2
Pulling.
Already up to date.
Pulled
Ending... Thu Feb 18 04:50:04 AM UTC 2021
Starting... Thu Feb 18 05:50:01 AM UTC 2021
cded, am in /root/msipdelta2
Pulling.
Already up to date.
Pulled
Ending... Thu Feb 18 05:50:04 AM UTC 2021
Starting... Thu Feb 18 06:50:01 AM UTC 2021
cded, am in /root/msipdelta2
Pulling.
Already up to date.
Pulled
Ending... Thu Feb 18 06:50:07 AM UTC 2021
Starting... Thu Feb 18 07:50:01 AM UTC 2021
cded, am in /root/msipdelta2
Pulling.
Already up to date.
Pulled
Ending... Thu Feb 18 07:50:03 AM UTC 2021
Starting... Thu Feb 18 08:50:01 AM UTC 2021
cded, am in /root/msipdelta2
Pulling.
Already up to date.
Pulled
Ending... Thu Feb 18 08:50:03 AM UTC 2021
Starting... Thu Feb 18 09:50:01 AM UTC 2021
cded, am in /root/msipdelta2
Pulling.
Already up to date.
Pulled
Ending... Thu Feb 18 09:50:03 AM UTC 2021
Starting... Thu Feb 18 10:50:01 AM UTC 2021
cded, am in /root/msipdelta2
Pulling.
Already up to date.
Pulled
Ending... Thu Feb 18 10:50:02 AM UTC 2021
Starting... Thu Feb 18 11:50:01 AM UTC 2021
cded, am in /root/msipdelta2
Pulling.
Already up to date.
Pulled
Ending... Thu Feb 18 11:50:04 AM UTC 2021
Starting... Thu Feb 18 12:50:01 PM UTC 2021
cded, am in /root/msipdelta2
Pulling.
Already up to date.
Pulled
Ending... Thu Feb 18 12:50:04 PM UTC 2021
Starting... Thu Feb 18 01:50:01 PM UTC 2021
cded, am in /root/msipdelta2
Pulling.
Already up to date.
Pulled
Ending... Thu Feb 18 01:50:03 PM UTC 2021
Starting... Thu Feb 18 02:50:01 PM UTC 2021
cded, am in /root/msipdelta2
Pulling.
Already up to date.
Pulled
Ending... Thu Feb 18 02:50:03 PM UTC 2021
Starting... Thu Feb 18 03:50:01 PM UTC 2021
cded, am in /root/msipdelta2
Pulling.
Already up to date.
Pulled
Ending... Thu Feb 18 03:50:04 PM UTC 2021
Starting... Thu Feb 18 04:50:01 PM UTC 2021
cded, am in /root/msipdelta2
Pulling.
Already up to date.
Pulled
Ending... Thu Feb 18 04:50:04 PM UTC 2021
Starting... Thu Feb 18 05:50:01 PM UTC 2021
cded, am in /root/msipdelta2
Pulling.
Already up to date.
Pulled
Ending... Thu Feb 18 05:50:04 PM UTC 2021
Starting... Thu Feb 18 06:50:01 PM UTC 2021
cded, am in /root/msipdelta2
Pulling.
Bad Pull.
Ending... Thu Feb 18 06:50:16 PM UTC 2021
Starting... Thu Feb 18 07:50:01 PM UTC 2021
cded, am in /root/msipdelta2
Pulling.
Already up to date.
Pulled
Ending... Thu Feb 18 07:50:03 PM UTC 2021
Starting... Thu Feb 18 08:50:01 PM UTC 2021
cded, am in /root/msipdelta2
Pulling.
Already up to date.
Pulled
Ending... Thu Feb 18 08:50:03 PM UTC 2021
Starting... Thu Feb 18 09:50:01 PM UTC 2021
cded, am in /root/msipdelta2
Pulling.
Already up to date.
Pulled
Ending... Thu Feb 18 09:50:02 PM UTC 2021
Starting... Thu Feb 18 10:50:01 PM UTC 2021
cded, am in /root/msipdelta2
Pulling.
Already up to date.
Pulled
Ending... Thu Feb 18 10:50:03 PM UTC 2021
Starting... Thu Feb 18 11:50:01 PM UTC 2021
cded, am in /root/msipdelta2
Pulling.
Already up to date.
Pulled
Ending... Thu Feb 18 11:50:04 PM UTC 2021
