Starting... Wed Feb 10 12:50:01 AM UTC 2021
cded, am in /root/msipdelta2
Pulling.
Already up to date.
Pulled
Ending... Wed Feb 10 12:50:02 AM UTC 2021
Starting... Wed Feb 10 01:50:01 AM UTC 2021
cded, am in /root/msipdelta2
Pulling.
Already up to date.
Pulled
Ending... Wed Feb 10 01:50:03 AM UTC 2021
Starting... Wed Feb 10 02:50:01 AM UTC 2021
cded, am in /root/msipdelta2
Pulling.
Already up to date.
Pulled
Ending... Wed Feb 10 02:50:04 AM UTC 2021
Starting... Wed Feb 10 03:50:01 AM UTC 2021
cded, am in /root/msipdelta2
Pulling.
Already up to date.
Pulled
Ending... Wed Feb 10 03:50:03 AM UTC 2021
Starting... Wed Feb 10 04:50:01 AM UTC 2021
cded, am in /root/msipdelta2
Pulling.
Already up to date.
Pulled
Ending... Wed Feb 10 04:50:02 AM UTC 2021
Starting... Wed Feb 10 05:50:01 AM UTC 2021
cded, am in /root/msipdelta2
Pulling.
Already up to date.
Pulled
Ending... Wed Feb 10 05:50:01 AM UTC 2021
Starting... Wed Feb 10 06:50:01 AM UTC 2021
cded, am in /root/msipdelta2
Pulling.
Already up to date.
Pulled
Ending... Wed Feb 10 06:50:02 AM UTC 2021
Starting... Wed Feb 10 07:50:01 AM UTC 2021
cded, am in /root/msipdelta2
Pulling.
Already up to date.
Pulled
Ending... Wed Feb 10 07:50:03 AM UTC 2021
Starting... Wed Feb 10 08:50:01 AM UTC 2021
cded, am in /root/msipdelta2
Pulling.
Already up to date.
Pulled
Ending... Wed Feb 10 08:50:04 AM UTC 2021
Starting... Wed Feb 10 09:50:01 AM UTC 2021
cded, am in /root/msipdelta2
Pulling.
Already up to date.
Pulled
Ending... Wed Feb 10 09:50:03 AM UTC 2021
Starting... Wed Feb 10 10:50:01 AM UTC 2021
cded, am in /root/msipdelta2
Pulling.
Already up to date.
Pulled
Ending... Wed Feb 10 10:50:03 AM UTC 2021
Starting... Wed Feb 10 11:50:01 AM UTC 2021
cded, am in /root/msipdelta2
Pulling.
Already up to date.
Pulled
Ending... Wed Feb 10 11:50:03 AM UTC 2021
Starting... Wed Feb 10 12:50:01 PM UTC 2021
cded, am in /root/msipdelta2
Pulling.
Already up to date.
Pulled
Ending... Wed Feb 10 12:50:03 PM UTC 2021
Starting... Wed Feb 10 01:50:01 PM UTC 2021
cded, am in /root/msipdelta2
Pulling.
Already up to date.
Pulled
Ending... Wed Feb 10 01:50:02 PM UTC 2021
Starting... Wed Feb 10 02:50:01 PM UTC 2021
cded, am in /root/msipdelta2
Pulling.
Already up to date.
Pulled
Ending... Wed Feb 10 02:50:03 PM UTC 2021
Starting... Wed Feb 10 03:50:01 PM UTC 2021
cded, am in /root/msipdelta2
Pulling.
Already up to date.
Pulled
Ending... Wed Feb 10 03:50:04 PM UTC 2021
Starting... Wed Feb 10 04:50:01 PM UTC 2021
cded, am in /root/msipdelta2
Pulling.
Already up to date.
Pulled
Ending... Wed Feb 10 04:50:03 PM UTC 2021
Starting... Wed Feb 10 05:50:01 PM UTC 2021
cded, am in /root/msipdelta2
Pulling.
Already up to date.
Pulled
Ending... Wed Feb 10 05:50:03 PM UTC 2021
Starting... Wed Feb 10 06:50:02 PM UTC 2021
cded, am in /root/msipdelta2
Pulling.
Already up to date.
Pulled
Ending... Wed Feb 10 06:50:04 PM UTC 2021
Starting... Wed Feb 10 07:50:01 PM UTC 2021
cded, am in /root/msipdelta2
Pulling.
Already up to date.
Pulled
Ending... Wed Feb 10 07:50:02 PM UTC 2021
Starting... Wed Feb 10 08:50:01 PM UTC 2021
cded, am in /root/msipdelta2
Pulling.
Already up to date.
Pulled
Ending... Wed Feb 10 08:50:03 PM UTC 2021
Starting... Wed Feb 10 09:50:01 PM UTC 2021
cded, am in /root/msipdelta2
Pulling.
Already up to date.
Pulled
Ending... Wed Feb 10 09:50:04 PM UTC 2021
Starting... Wed Feb 10 10:50:01 PM UTC 2021
cded, am in /root/msipdelta2
Pulling.
Already up to date.
Pulled
Ending... Wed Feb 10 10:50:02 PM UTC 2021
Starting... Wed Feb 10 11:50:01 PM UTC 2021
cded, am in /root/msipdelta2
Pulling.
Already up to date.
Pulled
Ending... Wed Feb 10 11:50:02 PM UTC 2021
