Starting... Thu Apr 22 01:50:02 AM UTC 2021
cded, am in /root/msipdelta2
Pulling.
Already up to date.
Pulled
Ending... Thu Apr 22 01:50:05 AM UTC 2021
Starting... Thu Apr 22 02:50:01 AM UTC 2021
cded, am in /root/msipdelta2
Pulling.
Already up to date.
Pulled
Ending... Thu Apr 22 02:50:04 AM UTC 2021
Starting... Thu Apr 22 03:50:01 AM UTC 2021
cded, am in /root/msipdelta2
Pulling.
Already up to date.
Pulled
Ending... Thu Apr 22 03:50:03 AM UTC 2021
Starting... Thu Apr 22 04:50:01 AM UTC 2021
cded, am in /root/msipdelta2
Pulling.
Already up to date.
Pulled
Ending... Thu Apr 22 04:50:03 AM UTC 2021
Starting... Thu Apr 22 05:50:01 AM UTC 2021
cded, am in /root/msipdelta2
Pulling.
Already up to date.
Pulled
Ending... Thu Apr 22 05:50:03 AM UTC 2021
