Starting... Tue Jan 12 12:50:01 AM UTC 2021
cded, am in /root/msipdelta2
Pulling.
Already up to date.
Pulled
Ending... Tue Jan 12 12:50:04 AM UTC 2021
Starting... Tue Jan 12 01:50:01 AM UTC 2021
cded, am in /root/msipdelta2
Pulling.
Already up to date.
Pulled
Ending... Tue Jan 12 01:50:04 AM UTC 2021
Starting... Tue Jan 12 02:50:01 AM UTC 2021
cded, am in /root/msipdelta2
Pulling.
Already up to date.
Pulled
Ending... Tue Jan 12 02:50:02 AM UTC 2021
Starting... Tue Jan 12 03:50:01 AM UTC 2021
cded, am in /root/msipdelta2
Pulling.
Already up to date.
Pulled
Ending... Tue Jan 12 03:50:03 AM UTC 2021
Starting... Tue Jan 12 04:50:01 AM UTC 2021
cded, am in /root/msipdelta2
Pulling.
Already up to date.
Pulled
Ending... Tue Jan 12 04:50:03 AM UTC 2021
Starting... Tue Jan 12 05:50:01 AM UTC 2021
cded, am in /root/msipdelta2
Pulling.
Already up to date.
Pulled
Ending... Tue Jan 12 05:50:03 AM UTC 2021
Starting... Tue Jan 12 06:50:01 AM UTC 2021
cded, am in /root/msipdelta2
Pulling.
Already up to date.
Pulled
Ending... Tue Jan 12 06:50:03 AM UTC 2021
Starting... Tue Jan 12 07:50:01 AM UTC 2021
cded, am in /root/msipdelta2
Pulling.
Already up to date.
Pulled
Ending... Tue Jan 12 07:50:03 AM UTC 2021
Starting... Tue Jan 12 08:50:01 AM UTC 2021
cded, am in /root/msipdelta2
Pulling.
Already up to date.
Pulled
Ending... Tue Jan 12 08:50:04 AM UTC 2021
Starting... Tue Jan 12 09:50:01 AM UTC 2021
cded, am in /root/msipdelta2
Pulling.
Already up to date.
Pulled
Ending... Tue Jan 12 09:50:04 AM UTC 2021
Starting... Tue Jan 12 10:50:01 AM UTC 2021
cded, am in /root/msipdelta2
Pulling.
Already up to date.
Pulled
Ending... Tue Jan 12 10:50:04 AM UTC 2021
Starting... Tue Jan 12 11:50:01 AM UTC 2021
cded, am in /root/msipdelta2
Pulling.
Already up to date.
Pulled
Ending... Tue Jan 12 11:50:03 AM UTC 2021
Starting... Tue Jan 12 12:50:01 PM UTC 2021
cded, am in /root/msipdelta2
Pulling.
Already up to date.
Pulled
Ending... Tue Jan 12 12:50:05 PM UTC 2021
Starting... Tue Jan 12 01:50:01 PM UTC 2021
cded, am in /root/msipdelta2
Pulling.
Already up to date.
Pulled
Ending... Tue Jan 12 01:50:02 PM UTC 2021
Starting... Tue Jan 12 02:50:02 PM UTC 2021
cded, am in /root/msipdelta2
Pulling.
Already up to date.
Pulled
Ending... Tue Jan 12 02:50:04 PM UTC 2021
Starting... Tue Jan 12 03:50:01 PM UTC 2021
cded, am in /root/msipdelta2
Pulling.
Already up to date.
Pulled
Ending... Tue Jan 12 03:50:05 PM UTC 2021
Starting... Tue Jan 12 04:50:01 PM UTC 2021
cded, am in /root/msipdelta2
Pulling.
Already up to date.
Pulled
Ending... Tue Jan 12 04:50:02 PM UTC 2021
Starting... Tue Jan 12 05:50:01 PM UTC 2021
cded, am in /root/msipdelta2
Pulling.
Already up to date.
Pulled
Ending... Tue Jan 12 05:50:04 PM UTC 2021
Starting... Tue Jan 12 06:50:01 PM UTC 2021
cded, am in /root/msipdelta2
Pulling.
Already up to date.
Pulled
Ending... Tue Jan 12 06:50:03 PM UTC 2021
Starting... Tue Jan 12 07:50:01 PM UTC 2021
cded, am in /root/msipdelta2
Pulling.
Already up to date.
Pulled
Ending... Tue Jan 12 07:50:04 PM UTC 2021
Starting... Tue Jan 12 08:50:01 PM UTC 2021
cded, am in /root/msipdelta2
Pulling.
Already up to date.
Pulled
Ending... Tue Jan 12 08:50:05 PM UTC 2021
Starting... Tue Jan 12 09:50:01 PM UTC 2021
cded, am in /root/msipdelta2
Pulling.
Already up to date.
Pulled
Ending... Tue Jan 12 09:50:02 PM UTC 2021
Starting... Tue Jan 12 10:50:01 PM UTC 2021
cded, am in /root/msipdelta2
Pulling.
Already up to date.
Pulled
Ending... Tue Jan 12 10:50:03 PM UTC 2021
Starting... Tue Jan 12 11:50:01 PM UTC 2021
cded, am in /root/msipdelta2
Pulling.
Already up to date.
Pulled
Ending... Tue Jan 12 11:50:04 PM UTC 2021
