Starting... Sat Feb 27 12:50:01 AM UTC 2021
cded, am in /root/msipdelta2
Pulling.
Already up to date.
Pulled
Ending... Sat Feb 27 12:50:03 AM UTC 2021
Starting... Sat Feb 27 01:50:01 AM UTC 2021
cded, am in /root/msipdelta2
Pulling.
Already up to date.
Pulled
Ending... Sat Feb 27 01:50:02 AM UTC 2021
Starting... Sat Feb 27 02:50:01 AM UTC 2021
cded, am in /root/msipdelta2
Pulling.
Already up to date.
Pulled
Ending... Sat Feb 27 02:50:03 AM UTC 2021
Starting... Sat Feb 27 03:50:01 AM UTC 2021
cded, am in /root/msipdelta2
Pulling.
Already up to date.
Pulled
Ending... Sat Feb 27 03:50:02 AM UTC 2021
Starting... Sat Feb 27 04:50:01 AM UTC 2021
cded, am in /root/msipdelta2
Pulling.
Already up to date.
Pulled
Ending... Sat Feb 27 04:50:02 AM UTC 2021
Starting... Sat Feb 27 05:50:01 AM UTC 2021
cded, am in /root/msipdelta2
Pulling.
Already up to date.
Pulled
Ending... Sat Feb 27 05:50:03 AM UTC 2021
