Starting... Fri Mar 19 12:50:01 AM UTC 2021
cded, am in /root/msipdelta2
Pulling.
Already up to date.
Pulled
Ending... Fri Mar 19 12:50:03 AM UTC 2021
Starting... Fri Mar 19 01:50:01 AM UTC 2021
cded, am in /root/msipdelta2
Pulling.
Already up to date.
Pulled
Ending... Fri Mar 19 01:50:02 AM UTC 2021
Starting... Fri Mar 19 02:50:01 AM UTC 2021
cded, am in /root/msipdelta2
Pulling.
Already up to date.
Pulled
Ending... Fri Mar 19 02:50:03 AM UTC 2021
Starting... Fri Mar 19 03:50:01 AM UTC 2021
cded, am in /root/msipdelta2
Pulling.
Already up to date.
Pulled
Ending... Fri Mar 19 03:50:03 AM UTC 2021
Starting... Fri Mar 19 04:50:01 AM UTC 2021
cded, am in /root/msipdelta2
Pulling.
Already up to date.
Pulled
Ending... Fri Mar 19 04:50:03 AM UTC 2021
Starting... Fri Mar 19 05:50:01 AM UTC 2021
cded, am in /root/msipdelta2
Pulling.
Already up to date.
Pulled
Ending... Fri Mar 19 05:50:03 AM UTC 2021
