Starting... Fri Mar 12 12:50:01 AM UTC 2021
cded, am in /root/msipdelta2
Pulling.
Already up to date.
Pulled
Ending... Fri Mar 12 12:50:02 AM UTC 2021
Starting... Fri Mar 12 01:50:01 AM UTC 2021
cded, am in /root/msipdelta2
Pulling.
Already up to date.
Pulled
Ending... Fri Mar 12 01:50:02 AM UTC 2021
Starting... Fri Mar 12 02:50:01 AM UTC 2021
cded, am in /root/msipdelta2
Pulling.
Already up to date.
Pulled
Ending... Fri Mar 12 02:50:03 AM UTC 2021
Starting... Fri Mar 12 03:50:01 AM UTC 2021
cded, am in /root/msipdelta2
Pulling.
Already up to date.
Pulled
Ending... Fri Mar 12 03:50:03 AM UTC 2021
Starting... Fri Mar 12 04:50:01 AM UTC 2021
cded, am in /root/msipdelta2
Pulling.
Already up to date.
Pulled
Ending... Fri Mar 12 04:50:02 AM UTC 2021
Starting... Fri Mar 12 05:50:01 AM UTC 2021
cded, am in /root/msipdelta2
Pulling.
Already up to date.
Pulled
Ending... Fri Mar 12 05:50:03 AM UTC 2021
