Starting... Sun Feb 21 12:50:01 AM UTC 2021
cded, am in /root/msipdelta2
Pulling.
Already up to date.
Pulled
Ending... Sun Feb 21 12:50:03 AM UTC 2021
Starting... Sun Feb 21 01:50:01 AM UTC 2021
cded, am in /root/msipdelta2
Pulling.
Already up to date.
Pulled
Ending... Sun Feb 21 01:50:02 AM UTC 2021
Starting... Sun Feb 21 02:50:01 AM UTC 2021
cded, am in /root/msipdelta2
Pulling.
Already up to date.
Pulled
Ending... Sun Feb 21 02:50:02 AM UTC 2021
Starting... Sun Feb 21 03:50:01 AM UTC 2021
cded, am in /root/msipdelta2
Pulling.
Already up to date.
Pulled
Ending... Sun Feb 21 03:50:02 AM UTC 2021
Starting... Sun Feb 21 04:50:01 AM UTC 2021
cded, am in /root/msipdelta2
Pulling.
Already up to date.
Pulled
Ending... Sun Feb 21 04:50:03 AM UTC 2021
Starting... Sun Feb 21 05:50:01 AM UTC 2021
cded, am in /root/msipdelta2
Pulling.
Already up to date.
Pulled
Ending... Sun Feb 21 05:50:02 AM UTC 2021
