Starting... Sat Nov 28 12:50:01 AM UTC 2020
cded, am in /root/msipdelta2
Pulling.
Already up to date.
Pulled
Ending... Sat Nov 28 12:50:02 AM UTC 2020
Starting... Sat Nov 28 01:50:01 AM UTC 2020
cded, am in /root/msipdelta2
Pulling.
Already up to date.
Pulled
Ending... Sat Nov 28 01:50:02 AM UTC 2020
Starting... Sat Nov 28 02:50:01 AM UTC 2020
cded, am in /root/msipdelta2
Pulling.
Already up to date.
Pulled
Ending... Sat Nov 28 02:50:03 AM UTC 2020
Starting... Sat Nov 28 03:50:01 AM UTC 2020
cded, am in /root/msipdelta2
Pulling.
Already up to date.
Pulled
Ending... Sat Nov 28 03:50:02 AM UTC 2020
Starting... Sat Nov 28 04:50:01 AM UTC 2020
cded, am in /root/msipdelta2
Pulling.
Already up to date.
Pulled
Ending... Sat Nov 28 04:50:03 AM UTC 2020
Starting... Sat Nov 28 05:50:01 AM UTC 2020
cded, am in /root/msipdelta2
Pulling.
Already up to date.
Pulled
Ending... Sat Nov 28 05:50:03 AM UTC 2020
