Starting... Sat Jan 16 12:50:01 AM UTC 2021
cded, am in /root/msipdelta2
Pulling.
Already up to date.
Pulled
Ending... Sat Jan 16 12:50:04 AM UTC 2021
Starting... Sat Jan 16 01:50:01 AM UTC 2021
cded, am in /root/msipdelta2
Pulling.
Already up to date.
Pulled
Ending... Sat Jan 16 01:50:03 AM UTC 2021
Starting... Sat Jan 16 02:50:01 AM UTC 2021
cded, am in /root/msipdelta2
Pulling.
Already up to date.
Pulled
Ending... Sat Jan 16 02:50:04 AM UTC 2021
Starting... Sat Jan 16 03:50:01 AM UTC 2021
cded, am in /root/msipdelta2
Pulling.
Already up to date.
Pulled
Ending... Sat Jan 16 03:50:02 AM UTC 2021
Starting... Sat Jan 16 04:50:01 AM UTC 2021
cded, am in /root/msipdelta2
Pulling.
Already up to date.
Pulled
Ending... Sat Jan 16 04:50:03 AM UTC 2021
Starting... Sat Jan 16 05:50:01 AM UTC 2021
cded, am in /root/msipdelta2
Pulling.
Already up to date.
Pulled
Ending... Sat Jan 16 05:50:03 AM UTC 2021
Starting... Sat Jan 16 06:50:01 AM UTC 2021
cded, am in /root/msipdelta2
Pulling.
Already up to date.
Pulled
Ending... Sat Jan 16 06:50:04 AM UTC 2021
Starting... Sat Jan 16 07:50:01 AM UTC 2021
cded, am in /root/msipdelta2
Pulling.
Already up to date.
Pulled
Ending... Sat Jan 16 07:50:02 AM UTC 2021
Starting... Sat Jan 16 08:50:01 AM UTC 2021
cded, am in /root/msipdelta2
Pulling.
Already up to date.
Pulled
Ending... Sat Jan 16 08:50:03 AM UTC 2021
Starting... Sat Jan 16 09:50:01 AM UTC 2021
cded, am in /root/msipdelta2
Pulling.
Already up to date.
Pulled
Ending... Sat Jan 16 09:50:03 AM UTC 2021
Starting... Sat Jan 16 10:50:01 AM UTC 2021
cded, am in /root/msipdelta2
Pulling.
Already up to date.
Pulled
Ending... Sat Jan 16 10:50:03 AM UTC 2021
Starting... Sat Jan 16 11:50:01 AM UTC 2021
cded, am in /root/msipdelta2
Pulling.
Already up to date.
Pulled
Ending... Sat Jan 16 11:50:03 AM UTC 2021
Starting... Sat Jan 16 12:50:01 PM UTC 2021
cded, am in /root/msipdelta2
Pulling.
Already up to date.
Pulled
Ending... Sat Jan 16 12:50:04 PM UTC 2021
Starting... Sat Jan 16 01:50:01 PM UTC 2021
cded, am in /root/msipdelta2
Pulling.
Already up to date.
Pulled
Ending... Sat Jan 16 01:50:02 PM UTC 2021
Starting... Sat Jan 16 02:50:01 PM UTC 2021
cded, am in /root/msipdelta2
Pulling.
Already up to date.
Pulled
Ending... Sat Jan 16 02:50:04 PM UTC 2021
Starting... Sat Jan 16 03:50:01 PM UTC 2021
cded, am in /root/msipdelta2
Pulling.
Already up to date.
Pulled
Ending... Sat Jan 16 03:50:03 PM UTC 2021
Starting... Sat Jan 16 04:50:01 PM UTC 2021
cded, am in /root/msipdelta2
Pulling.
Already up to date.
Pulled
Ending... Sat Jan 16 04:50:04 PM UTC 2021
Starting... Sat Jan 16 05:50:01 PM UTC 2021
cded, am in /root/msipdelta2
Pulling.
Already up to date.
Pulled
Ending... Sat Jan 16 05:50:03 PM UTC 2021
