Starting... Wed Dec 30 12:50:01 AM UTC 2020
cded, am in /root/msipdelta2
Pulling.
Already up to date.
Pulled
Ending... Wed Dec 30 12:50:02 AM UTC 2020
Starting... Wed Dec 30 01:50:01 AM UTC 2020
cded, am in /root/msipdelta2
Pulling.
Already up to date.
Pulled
Ending... Wed Dec 30 01:50:02 AM UTC 2020
Starting... Wed Dec 30 02:50:01 AM UTC 2020
cded, am in /root/msipdelta2
Pulling.
Already up to date.
Pulled
Ending... Wed Dec 30 02:50:03 AM UTC 2020
Starting... Wed Dec 30 03:50:01 AM UTC 2020
cded, am in /root/msipdelta2
Pulling.
Already up to date.
Pulled
Ending... Wed Dec 30 03:50:03 AM UTC 2020
Starting... Wed Dec 30 04:50:01 AM UTC 2020
cded, am in /root/msipdelta2
Pulling.
Already up to date.
Pulled
Ending... Wed Dec 30 04:50:02 AM UTC 2020
Starting... Wed Dec 30 05:50:01 AM UTC 2020
cded, am in /root/msipdelta2
Pulling.
Already up to date.
Pulled
Ending... Wed Dec 30 05:50:02 AM UTC 2020
Starting... Wed Dec 30 06:50:01 AM UTC 2020
cded, am in /root/msipdelta2
Pulling.
Already up to date.
Pulled
Ending... Wed Dec 30 06:50:03 AM UTC 2020
Starting... Wed Dec 30 07:50:01 AM UTC 2020
cded, am in /root/msipdelta2
Pulling.
Already up to date.
Pulled
Ending... Wed Dec 30 07:50:03 AM UTC 2020
Starting... Wed Dec 30 08:50:01 AM UTC 2020
cded, am in /root/msipdelta2
Pulling.
Already up to date.
Pulled
Ending... Wed Dec 30 08:50:03 AM UTC 2020
Starting... Wed Dec 30 09:50:01 AM UTC 2020
cded, am in /root/msipdelta2
Pulling.
Already up to date.
Pulled
Ending... Wed Dec 30 09:50:03 AM UTC 2020
Starting... Wed Dec 30 10:50:01 AM UTC 2020
cded, am in /root/msipdelta2
Pulling.
Already up to date.
Pulled
Ending... Wed Dec 30 10:50:02 AM UTC 2020
Starting... Wed Dec 30 11:50:01 AM UTC 2020
cded, am in /root/msipdelta2
Pulling.
Already up to date.
Pulled
Ending... Wed Dec 30 11:50:02 AM UTC 2020
Starting... Wed Dec 30 12:50:01 PM UTC 2020
cded, am in /root/msipdelta2
Pulling.
Already up to date.
Pulled
Ending... Wed Dec 30 12:50:03 PM UTC 2020
Starting... Wed Dec 30 01:50:01 PM UTC 2020
cded, am in /root/msipdelta2
Pulling.
Already up to date.
Pulled
Ending... Wed Dec 30 01:50:02 PM UTC 2020
Starting... Wed Dec 30 02:50:01 PM UTC 2020
cded, am in /root/msipdelta2
Pulling.
Already up to date.
Pulled
Ending... Wed Dec 30 02:50:03 PM UTC 2020
Starting... Wed Dec 30 03:50:01 PM UTC 2020
cded, am in /root/msipdelta2
Pulling.
Already up to date.
Pulled
Ending... Wed Dec 30 03:50:02 PM UTC 2020
Starting... Wed Dec 30 04:50:01 PM UTC 2020
cded, am in /root/msipdelta2
Pulling.
Already up to date.
Pulled
Ending... Wed Dec 30 04:50:03 PM UTC 2020
Starting... Wed Dec 30 05:50:01 PM UTC 2020
cded, am in /root/msipdelta2
Pulling.
Already up to date.
Pulled
Ending... Wed Dec 30 05:50:05 PM UTC 2020
