Starting... Thu Apr 15 12:50:01 AM UTC 2021
cded, am in /root/msipdelta2
Pulling.
Already up to date.
Pulled
Ending... Thu Apr 15 12:50:03 AM UTC 2021
Starting... Thu Apr 15 01:50:01 AM UTC 2021
cded, am in /root/msipdelta2
Pulling.
Already up to date.
Pulled
Ending... Thu Apr 15 01:50:03 AM UTC 2021
Starting... Thu Apr 15 02:50:01 AM UTC 2021
cded, am in /root/msipdelta2
Pulling.
Already up to date.
Pulled
Ending... Thu Apr 15 02:50:03 AM UTC 2021
Starting... Thu Apr 15 03:50:01 AM UTC 2021
cded, am in /root/msipdelta2
Pulling.
Already up to date.
Pulled
Ending... Thu Apr 15 03:50:02 AM UTC 2021
Starting... Thu Apr 15 04:50:01 AM UTC 2021
cded, am in /root/msipdelta2
Pulling.
Already up to date.
Pulled
Ending... Thu Apr 15 04:50:02 AM UTC 2021
Starting... Thu Apr 15 05:50:01 AM UTC 2021
cded, am in /root/msipdelta2
Pulling.
Already up to date.
Pulled
Ending... Thu Apr 15 05:50:04 AM UTC 2021
Starting... Thu Apr 15 06:50:01 AM UTC 2021
cded, am in /root/msipdelta2
Pulling.
Already up to date.
Pulled
Ending... Thu Apr 15 06:50:04 AM UTC 2021
Starting... Thu Apr 15 07:50:01 AM UTC 2021
cded, am in /root/msipdelta2
Pulling.
Already up to date.
Pulled
Ending... Thu Apr 15 07:50:04 AM UTC 2021
Starting... Thu Apr 15 08:50:01 AM UTC 2021
cded, am in /root/msipdelta2
Pulling.
Already up to date.
Pulled
Ending... Thu Apr 15 08:50:04 AM UTC 2021
Starting... Thu Apr 15 09:50:01 AM UTC 2021
cded, am in /root/msipdelta2
Pulling.
Already up to date.
Pulled
Ending... Thu Apr 15 09:50:02 AM UTC 2021
Starting... Thu Apr 15 10:50:01 AM UTC 2021
cded, am in /root/msipdelta2
Pulling.
Already up to date.
Pulled
Ending... Thu Apr 15 10:50:03 AM UTC 2021
Starting... Thu Apr 15 11:50:01 AM UTC 2021
cded, am in /root/msipdelta2
Pulling.
Already up to date.
Pulled
Ending... Thu Apr 15 11:50:04 AM UTC 2021
Starting... Thu Apr 15 12:50:01 PM UTC 2021
cded, am in /root/msipdelta2
Pulling.
Already up to date.
Pulled
Ending... Thu Apr 15 12:50:03 PM UTC 2021
Starting... Thu Apr 15 01:50:01 PM UTC 2021
cded, am in /root/msipdelta2
Pulling.
Already up to date.
Pulled
Ending... Thu Apr 15 01:50:03 PM UTC 2021
Starting... Thu Apr 15 02:50:01 PM UTC 2021
cded, am in /root/msipdelta2
Pulling.
Already up to date.
Pulled
Ending... Thu Apr 15 02:50:04 PM UTC 2021
Starting... Thu Apr 15 03:50:01 PM UTC 2021
cded, am in /root/msipdelta2
Pulling.
Already up to date.
Pulled
Ending... Thu Apr 15 03:50:02 PM UTC 2021
Starting... Thu Apr 15 04:50:01 PM UTC 2021
cded, am in /root/msipdelta2
Pulling.
Already up to date.
Pulled
Ending... Thu Apr 15 04:50:04 PM UTC 2021
Starting... Thu Apr 15 05:50:01 PM UTC 2021
cded, am in /root/msipdelta2
Pulling.
Already up to date.
Pulled
Ending... Thu Apr 15 05:50:04 PM UTC 2021
