Starting... Fri Feb 12 12:50:01 AM UTC 2021
cded, am in /root/msipdelta2
Pulling.
Already up to date.
Pulled
Ending... Fri Feb 12 12:50:03 AM UTC 2021
Starting... Fri Feb 12 01:50:01 AM UTC 2021
cded, am in /root/msipdelta2
Pulling.
Already up to date.
Pulled
Ending... Fri Feb 12 01:50:04 AM UTC 2021
Starting... Fri Feb 12 02:50:01 AM UTC 2021
cded, am in /root/msipdelta2
Pulling.
Already up to date.
Pulled
Ending... Fri Feb 12 02:50:02 AM UTC 2021
Starting... Fri Feb 12 03:50:01 AM UTC 2021
cded, am in /root/msipdelta2
Pulling.
Already up to date.
Pulled
Ending... Fri Feb 12 03:50:03 AM UTC 2021
Starting... Fri Feb 12 04:50:01 AM UTC 2021
cded, am in /root/msipdelta2
Pulling.
Already up to date.
Pulled
Ending... Fri Feb 12 04:50:03 AM UTC 2021
Starting... Fri Feb 12 05:50:01 AM UTC 2021
cded, am in /root/msipdelta2
Pulling.
Already up to date.
Pulled
Ending... Fri Feb 12 05:50:03 AM UTC 2021
Starting... Fri Feb 12 06:50:01 AM UTC 2021
cded, am in /root/msipdelta2
Pulling.
Already up to date.
Pulled
Ending... Fri Feb 12 06:50:03 AM UTC 2021
Starting... Fri Feb 12 07:50:01 AM UTC 2021
cded, am in /root/msipdelta2
Pulling.
Already up to date.
Pulled
Ending... Fri Feb 12 07:50:03 AM UTC 2021
Starting... Fri Feb 12 08:50:01 AM UTC 2021
cded, am in /root/msipdelta2
Pulling.
Already up to date.
Pulled
Ending... Fri Feb 12 08:50:03 AM UTC 2021
Starting... Fri Feb 12 09:50:01 AM UTC 2021
cded, am in /root/msipdelta2
Pulling.
Already up to date.
Pulled
Ending... Fri Feb 12 09:50:03 AM UTC 2021
Starting... Fri Feb 12 10:50:01 AM UTC 2021
cded, am in /root/msipdelta2
Pulling.
Already up to date.
Pulled
Ending... Fri Feb 12 10:50:03 AM UTC 2021
Starting... Fri Feb 12 11:50:01 AM UTC 2021
cded, am in /root/msipdelta2
Pulling.
Already up to date.
Pulled
Ending... Fri Feb 12 11:50:03 AM UTC 2021
