Starting... Wed Nov 18 12:50:01 AM UTC 2020
cded, am in /root/msipdelta2
Pulling.
Already up to date.
Pulled
Ending... Wed Nov 18 12:50:03 AM UTC 2020
Starting... Wed Nov 18 01:50:01 AM UTC 2020
cded, am in /root/msipdelta2
Pulling.
Already up to date.
Pulled
Ending... Wed Nov 18 01:50:02 AM UTC 2020
Starting... Wed Nov 18 02:50:01 AM UTC 2020
cded, am in /root/msipdelta2
Pulling.
Already up to date.
Pulled
Ending... Wed Nov 18 02:50:03 AM UTC 2020
Starting... Wed Nov 18 03:50:01 AM UTC 2020
cded, am in /root/msipdelta2
Pulling.
Already up to date.
Pulled
Ending... Wed Nov 18 03:50:02 AM UTC 2020
Starting... Wed Nov 18 04:50:01 AM UTC 2020
cded, am in /root/msipdelta2
Pulling.
Already up to date.
Pulled
Ending... Wed Nov 18 04:50:02 AM UTC 2020
Starting... Wed Nov 18 05:50:01 AM UTC 2020
cded, am in /root/msipdelta2
Pulling.
Already up to date.
Pulled
Ending... Wed Nov 18 05:50:03 AM UTC 2020
