Starting... Thu Feb  4 12:50:01 AM UTC 2021
cded, am in /root/msipdelta2
Pulling.
Already up to date.
Pulled
Ending... Thu Feb  4 12:50:02 AM UTC 2021
Starting... Thu Feb  4 01:50:02 AM UTC 2021
cded, am in /root/msipdelta2
Pulling.
Already up to date.
Pulled
Ending... Thu Feb  4 01:50:04 AM UTC 2021
Starting... Thu Feb  4 02:50:01 AM UTC 2021
cded, am in /root/msipdelta2
Pulling.
Already up to date.
Pulled
Ending... Thu Feb  4 02:50:03 AM UTC 2021
Starting... Thu Feb  4 03:50:01 AM UTC 2021
cded, am in /root/msipdelta2
Pulling.
Already up to date.
Pulled
Ending... Thu Feb  4 03:50:03 AM UTC 2021
Starting... Thu Feb  4 04:50:01 AM UTC 2021
cded, am in /root/msipdelta2
Pulling.
Already up to date.
Pulled
Ending... Thu Feb  4 04:50:03 AM UTC 2021
Starting... Thu Feb  4 05:50:01 AM UTC 2021
cded, am in /root/msipdelta2
Pulling.
Already up to date.
Pulled
Ending... Thu Feb  4 05:50:03 AM UTC 2021
Starting... Thu Feb  4 06:50:01 AM UTC 2021
cded, am in /root/msipdelta2
Pulling.
Already up to date.
Pulled
Ending... Thu Feb  4 06:50:03 AM UTC 2021
Starting... Thu Feb  4 07:50:01 AM UTC 2021
cded, am in /root/msipdelta2
Pulling.
Already up to date.
Pulled
Ending... Thu Feb  4 07:50:03 AM UTC 2021
Starting... Thu Feb  4 08:50:01 AM UTC 2021
cded, am in /root/msipdelta2
Pulling.
Already up to date.
Pulled
Ending... Thu Feb  4 08:50:04 AM UTC 2021
Starting... Thu Feb  4 09:50:01 AM UTC 2021
cded, am in /root/msipdelta2
Pulling.
Already up to date.
Pulled
Ending... Thu Feb  4 09:50:03 AM UTC 2021
Starting... Thu Feb  4 10:50:01 AM UTC 2021
cded, am in /root/msipdelta2
Pulling.
Already up to date.
Pulled
Ending... Thu Feb  4 10:50:04 AM UTC 2021
Starting... Thu Feb  4 11:50:01 AM UTC 2021
cded, am in /root/msipdelta2
Pulling.
Already up to date.
Pulled
Ending... Thu Feb  4 11:50:04 AM UTC 2021
Starting... Thu Feb  4 12:50:01 PM UTC 2021
cded, am in /root/msipdelta2
Pulling.
Already up to date.
Pulled
Ending... Thu Feb  4 12:50:03 PM UTC 2021
Starting... Thu Feb  4 01:50:01 PM UTC 2021
cded, am in /root/msipdelta2
Pulling.
Already up to date.
Pulled
Ending... Thu Feb  4 01:50:03 PM UTC 2021
Starting... Thu Feb  4 02:50:01 PM UTC 2021
cded, am in /root/msipdelta2
Pulling.
Already up to date.
Pulled
Ending... Thu Feb  4 02:50:04 PM UTC 2021
Starting... Thu Feb  4 03:50:01 PM UTC 2021
cded, am in /root/msipdelta2
Pulling.
Already up to date.
Pulled
Ending... Thu Feb  4 03:50:04 PM UTC 2021
Starting... Thu Feb  4 04:50:01 PM UTC 2021
cded, am in /root/msipdelta2
Pulling.
Already up to date.
Pulled
Ending... Thu Feb  4 04:50:05 PM UTC 2021
Starting... Thu Feb  4 05:50:01 PM UTC 2021
cded, am in /root/msipdelta2
Pulling.
Already up to date.
Pulled
Ending... Thu Feb  4 05:50:02 PM UTC 2021
Starting... Thu Feb  4 06:50:01 PM UTC 2021
cded, am in /root/msipdelta2
Pulling.
Already up to date.
Pulled
Ending... Thu Feb  4 06:50:04 PM UTC 2021
Starting... Thu Feb  4 07:50:01 PM UTC 2021
cded, am in /root/msipdelta2
Pulling.
Already up to date.
Pulled
Ending... Thu Feb  4 07:50:03 PM UTC 2021
Starting... Thu Feb  4 08:50:01 PM UTC 2021
cded, am in /root/msipdelta2
Pulling.
Already up to date.
Pulled
Ending... Thu Feb  4 08:50:02 PM UTC 2021
Starting... Thu Feb  4 09:50:01 PM UTC 2021
cded, am in /root/msipdelta2
Pulling.
Already up to date.
Pulled
Ending... Thu Feb  4 09:50:04 PM UTC 2021
Starting... Thu Feb  4 10:50:01 PM UTC 2021
cded, am in /root/msipdelta2
Pulling.
Already up to date.
Pulled
Ending... Thu Feb  4 10:50:02 PM UTC 2021
Starting... Thu Feb  4 11:50:02 PM UTC 2021
cded, am in /root/msipdelta2
Pulling.
Already up to date.
Pulled
Ending... Thu Feb  4 11:50:04 PM UTC 2021
