Starting... Thu Jan 28 12:50:01 AM UTC 2021
cded, am in /root/msipdelta2
Pulling.
Already up to date.
Pulled
Ending... Thu Jan 28 12:50:04 AM UTC 2021
Starting... Thu Jan 28 01:50:01 AM UTC 2021
cded, am in /root/msipdelta2
Pulling.
Already up to date.
Pulled
Ending... Thu Jan 28 01:50:03 AM UTC 2021
Starting... Thu Jan 28 02:50:01 AM UTC 2021
cded, am in /root/msipdelta2
Pulling.
Already up to date.
Pulled
Ending... Thu Jan 28 02:50:05 AM UTC 2021
Starting... Thu Jan 28 03:50:01 AM UTC 2021
cded, am in /root/msipdelta2
Pulling.
Already up to date.
Pulled
Ending... Thu Jan 28 03:50:02 AM UTC 2021
Starting... Thu Jan 28 04:50:01 AM UTC 2021
cded, am in /root/msipdelta2
Pulling.
Already up to date.
Pulled
Ending... Thu Jan 28 04:50:03 AM UTC 2021
Starting... Thu Jan 28 05:50:01 AM UTC 2021
cded, am in /root/msipdelta2
Pulling.
Already up to date.
Pulled
Ending... Thu Jan 28 05:50:03 AM UTC 2021
