Starting... Fri Jan 22 12:50:01 AM UTC 2021
cded, am in /root/msipdelta2
Pulling.
Already up to date.
Pulled
Ending... Fri Jan 22 12:50:04 AM UTC 2021
Starting... Fri Jan 22 01:50:01 AM UTC 2021
cded, am in /root/msipdelta2
Pulling.
Already up to date.
Pulled
Ending... Fri Jan 22 01:50:04 AM UTC 2021
Starting... Fri Jan 22 02:50:01 AM UTC 2021
cded, am in /root/msipdelta2
Pulling.
Already up to date.
Pulled
Ending... Fri Jan 22 02:50:04 AM UTC 2021
Starting... Fri Jan 22 03:50:01 AM UTC 2021
cded, am in /root/msipdelta2
Pulling.
Already up to date.
Pulled
Ending... Fri Jan 22 03:50:05 AM UTC 2021
Starting... Fri Jan 22 04:50:01 AM UTC 2021
cded, am in /root/msipdelta2
Pulling.
Already up to date.
Pulled
Ending... Fri Jan 22 04:50:02 AM UTC 2021
Starting... Fri Jan 22 05:50:01 AM UTC 2021
cded, am in /root/msipdelta2
Pulling.
Already up to date.
Pulled
Ending... Fri Jan 22 05:50:04 AM UTC 2021
