Starting... Tue Apr  6 12:50:01 AM UTC 2021
cded, am in /root/msipdelta2
Pulling.
Already up to date.
Pulled
Ending... Tue Apr  6 12:50:04 AM UTC 2021
Starting... Tue Apr  6 01:50:01 AM UTC 2021
cded, am in /root/msipdelta2
Pulling.
Already up to date.
Pulled
Ending... Tue Apr  6 01:50:02 AM UTC 2021
Starting... Tue Apr  6 02:50:01 AM UTC 2021
cded, am in /root/msipdelta2
Pulling.
Already up to date.
Pulled
Ending... Tue Apr  6 02:50:03 AM UTC 2021
Starting... Tue Apr  6 03:50:01 AM UTC 2021
cded, am in /root/msipdelta2
Pulling.
Already up to date.
Pulled
Ending... Tue Apr  6 03:50:03 AM UTC 2021
Starting... Tue Apr  6 04:50:01 AM UTC 2021
cded, am in /root/msipdelta2
Pulling.
Already up to date.
Pulled
Ending... Tue Apr  6 04:50:03 AM UTC 2021
Starting... Tue Apr  6 05:50:01 AM UTC 2021
cded, am in /root/msipdelta2
Pulling.
Already up to date.
Pulled
Ending... Tue Apr  6 05:50:02 AM UTC 2021
