Starting... Thu Feb 25 12:50:01 AM UTC 2021
cded, am in /root/msipdelta2
Pulling.
Already up to date.
Pulled
Ending... Thu Feb 25 12:50:03 AM UTC 2021
Starting... Thu Feb 25 01:50:01 AM UTC 2021
cded, am in /root/msipdelta2
Pulling.
Already up to date.
Pulled
Ending... Thu Feb 25 01:50:03 AM UTC 2021
Starting... Thu Feb 25 02:50:01 AM UTC 2021
cded, am in /root/msipdelta2
Pulling.
Already up to date.
Pulled
Ending... Thu Feb 25 02:50:03 AM UTC 2021
Starting... Thu Feb 25 03:50:01 AM UTC 2021
cded, am in /root/msipdelta2
Pulling.
Already up to date.
Pulled
Ending... Thu Feb 25 03:50:02 AM UTC 2021
Starting... Thu Feb 25 04:50:01 AM UTC 2021
cded, am in /root/msipdelta2
Pulling.
Already up to date.
Pulled
Ending... Thu Feb 25 04:50:04 AM UTC 2021
Starting... Thu Feb 25 05:50:01 AM UTC 2021
cded, am in /root/msipdelta2
Pulling.
Already up to date.
Pulled
Ending... Thu Feb 25 05:50:02 AM UTC 2021
