Starting... Tue Apr 20 12:50:01 AM UTC 2021
cded, am in /root/msipdelta2
Pulling.
Already up to date.
Pulled
Ending... Tue Apr 20 12:50:04 AM UTC 2021
Starting... Tue Apr 20 01:50:01 AM UTC 2021
cded, am in /root/msipdelta2
Pulling.
Already up to date.
Pulled
Ending... Tue Apr 20 01:50:03 AM UTC 2021
Starting... Tue Apr 20 02:50:01 AM UTC 2021
cded, am in /root/msipdelta2
Pulling.
Already up to date.
Pulled
Ending... Tue Apr 20 02:50:03 AM UTC 2021
Starting... Tue Apr 20 03:50:01 AM UTC 2021
cded, am in /root/msipdelta2
Pulling.
Already up to date.
Pulled
Ending... Tue Apr 20 03:50:03 AM UTC 2021
Starting... Tue Apr 20 04:50:01 AM UTC 2021
cded, am in /root/msipdelta2
Pulling.
Already up to date.
Pulled
Ending... Tue Apr 20 04:50:03 AM UTC 2021
Starting... Tue Apr 20 05:50:01 AM UTC 2021
cded, am in /root/msipdelta2
Pulling.
Already up to date.
Pulled
Ending... Tue Apr 20 05:50:04 AM UTC 2021
Starting... Tue Apr 20 06:50:01 AM UTC 2021
cded, am in /root/msipdelta2
Pulling.
Already up to date.
Pulled
Ending... Tue Apr 20 06:50:04 AM UTC 2021
Starting... Tue Apr 20 07:50:01 AM UTC 2021
cded, am in /root/msipdelta2
Pulling.
Already up to date.
Pulled
Ending... Tue Apr 20 07:50:04 AM UTC 2021
Starting... Tue Apr 20 08:50:01 AM UTC 2021
cded, am in /root/msipdelta2
Pulling.
Already up to date.
Pulled
Ending... Tue Apr 20 08:50:04 AM UTC 2021
Starting... Tue Apr 20 09:50:01 AM UTC 2021
cded, am in /root/msipdelta2
Pulling.
Already up to date.
Pulled
Ending... Tue Apr 20 09:50:02 AM UTC 2021
Starting... Tue Apr 20 10:50:01 AM UTC 2021
cded, am in /root/msipdelta2
Pulling.
Already up to date.
Pulled
Ending... Tue Apr 20 10:50:03 AM UTC 2021
Starting... Tue Apr 20 11:50:01 AM UTC 2021
cded, am in /root/msipdelta2
Pulling.
Already up to date.
Pulled
Ending... Tue Apr 20 11:50:04 AM UTC 2021
