Starting... Thu Dec 24 12:50:01 AM UTC 2020
cded, am in /root/msipdelta2
Pulling.
Already up to date.
Pulled
Ending... Thu Dec 24 12:50:03 AM UTC 2020
Starting... Thu Dec 24 01:50:01 AM UTC 2020
cded, am in /root/msipdelta2
Pulling.
Already up to date.
Pulled
Ending... Thu Dec 24 01:50:02 AM UTC 2020
Starting... Thu Dec 24 02:50:01 AM UTC 2020
cded, am in /root/msipdelta2
Pulling.
Already up to date.
Pulled
Ending... Thu Dec 24 02:50:02 AM UTC 2020
Starting... Thu Dec 24 03:50:01 AM UTC 2020
cded, am in /root/msipdelta2
Pulling.
Already up to date.
Pulled
Ending... Thu Dec 24 03:50:03 AM UTC 2020
Starting... Thu Dec 24 04:50:01 AM UTC 2020
cded, am in /root/msipdelta2
Pulling.
Already up to date.
Pulled
Ending... Thu Dec 24 04:50:03 AM UTC 2020
Starting... Thu Dec 24 05:50:01 AM UTC 2020
cded, am in /root/msipdelta2
Pulling.
Already up to date.
Pulled
Ending... Thu Dec 24 05:50:02 AM UTC 2020
Starting... Thu Dec 24 06:50:01 AM UTC 2020
cded, am in /root/msipdelta2
Pulling.
Already up to date.
Pulled
Ending... Thu Dec 24 06:50:04 AM UTC 2020
Starting... Thu Dec 24 07:50:01 AM UTC 2020
cded, am in /root/msipdelta2
Pulling.
Already up to date.
Pulled
Ending... Thu Dec 24 07:50:02 AM UTC 2020
Starting... Thu Dec 24 08:50:01 AM UTC 2020
cded, am in /root/msipdelta2
Pulling.
Already up to date.
Pulled
Ending... Thu Dec 24 08:50:03 AM UTC 2020
Starting... Thu Dec 24 09:50:01 AM UTC 2020
cded, am in /root/msipdelta2
Pulling.
Already up to date.
Pulled
Ending... Thu Dec 24 09:50:03 AM UTC 2020
Starting... Thu Dec 24 10:50:01 AM UTC 2020
cded, am in /root/msipdelta2
Pulling.
Already up to date.
Pulled
Ending... Thu Dec 24 10:50:01 AM UTC 2020
Starting... Thu Dec 24 11:50:02 AM UTC 2020
cded, am in /root/msipdelta2
Pulling.
Already up to date.
Pulled
Ending... Thu Dec 24 11:50:03 AM UTC 2020
