Starting... Wed Dec  2 12:50:01 AM UTC 2020
cded, am in /root/msipdelta2
Pulling.
Already up to date.
Pulled
Ending... Wed Dec  2 12:50:02 AM UTC 2020
Starting... Wed Dec  2 01:50:01 AM UTC 2020
cded, am in /root/msipdelta2
Pulling.
Already up to date.
Pulled
Ending... Wed Dec  2 01:50:04 AM UTC 2020
Starting... Wed Dec  2 02:50:01 AM UTC 2020
cded, am in /root/msipdelta2
Pulling.
Already up to date.
Pulled
Ending... Wed Dec  2 02:50:04 AM UTC 2020
Starting... Wed Dec  2 03:50:01 AM UTC 2020
cded, am in /root/msipdelta2
Pulling.
Already up to date.
Pulled
Ending... Wed Dec  2 03:50:02 AM UTC 2020
Starting... Wed Dec  2 04:50:01 AM UTC 2020
cded, am in /root/msipdelta2
Pulling.
Already up to date.
Pulled
Ending... Wed Dec  2 04:50:03 AM UTC 2020
Starting... Wed Dec  2 05:50:01 AM UTC 2020
cded, am in /root/msipdelta2
Pulling.
Already up to date.
Pulled
Ending... Wed Dec  2 05:50:02 AM UTC 2020
