Starting... Sat Apr 24 12:50:01 AM UTC 2021
cded, am in /root/msipdelta2
Pulling.
Already up to date.
Pulled
Ending... Sat Apr 24 12:50:03 AM UTC 2021
Starting... Sat Apr 24 01:50:02 AM UTC 2021
cded, am in /root/msipdelta2
Pulling.
Already up to date.
Pulled
Ending... Sat Apr 24 01:50:04 AM UTC 2021
Starting... Sat Apr 24 02:50:01 AM UTC 2021
cded, am in /root/msipdelta2
Pulling.
Already up to date.
Pulled
Ending... Sat Apr 24 02:50:02 AM UTC 2021
Starting... Sat Apr 24 03:50:01 AM UTC 2021
cded, am in /root/msipdelta2
Pulling.
Already up to date.
Pulled
Ending... Sat Apr 24 03:50:03 AM UTC 2021
Starting... Sat Apr 24 04:50:01 AM UTC 2021
cded, am in /root/msipdelta2
Pulling.
Already up to date.
Pulled
Ending... Sat Apr 24 04:50:03 AM UTC 2021
Starting... Sat Apr 24 05:50:01 AM UTC 2021
cded, am in /root/msipdelta2
Pulling.
Already up to date.
Pulled
Ending... Sat Apr 24 05:50:03 AM UTC 2021
Starting... Sat Apr 24 06:50:01 AM UTC 2021
cded, am in /root/msipdelta2
Pulling.
Already up to date.
Pulled
Ending... Sat Apr 24 06:50:02 AM UTC 2021
Starting... Sat Apr 24 07:50:01 AM UTC 2021
cded, am in /root/msipdelta2
Pulling.
Already up to date.
Pulled
Ending... Sat Apr 24 07:50:03 AM UTC 2021
Starting... Sat Apr 24 08:50:01 AM UTC 2021
cded, am in /root/msipdelta2
Pulling.
Already up to date.
Pulled
Ending... Sat Apr 24 08:50:03 AM UTC 2021
Starting... Sat Apr 24 09:50:01 AM UTC 2021
cded, am in /root/msipdelta2
Pulling.
Already up to date.
Pulled
Ending... Sat Apr 24 09:50:03 AM UTC 2021
Starting... Sat Apr 24 10:50:01 AM UTC 2021
cded, am in /root/msipdelta2
Pulling.
Already up to date.
Pulled
Ending... Sat Apr 24 10:50:05 AM UTC 2021
Starting... Sat Apr 24 11:50:01 AM UTC 2021
cded, am in /root/msipdelta2
Pulling.
Already up to date.
Pulled
Ending... Sat Apr 24 11:50:02 AM UTC 2021
Starting... Sat Apr 24 12:50:01 PM UTC 2021
cded, am in /root/msipdelta2
Pulling.
Already up to date.
Pulled
Ending... Sat Apr 24 12:50:04 PM UTC 2021
Starting... Sat Apr 24 01:50:01 PM UTC 2021
cded, am in /root/msipdelta2
Pulling.
Already up to date.
Pulled
Ending... Sat Apr 24 01:50:04 PM UTC 2021
Starting... Sat Apr 24 02:50:01 PM UTC 2021
cded, am in /root/msipdelta2
Pulling.
Already up to date.
Pulled
Ending... Sat Apr 24 02:50:04 PM UTC 2021
Starting... Sat Apr 24 03:50:01 PM UTC 2021
cded, am in /root/msipdelta2
Pulling.
Already up to date.
Pulled
Ending... Sat Apr 24 03:50:02 PM UTC 2021
Starting... Sat Apr 24 04:50:01 PM UTC 2021
cded, am in /root/msipdelta2
Pulling.
Already up to date.
Pulled
Ending... Sat Apr 24 04:50:04 PM UTC 2021
Starting... Sat Apr 24 05:50:01 PM UTC 2021
cded, am in /root/msipdelta2
Pulling.
Already up to date.
Pulled
Ending... Sat Apr 24 05:50:04 PM UTC 2021
