Starting... Thu Jan  7 12:50:01 AM UTC 2021
cded, am in /root/msipdelta2
Pulling.
Already up to date.
Pulled
Ending... Thu Jan  7 12:50:03 AM UTC 2021
Starting... Thu Jan  7 01:50:01 AM UTC 2021
cded, am in /root/msipdelta2
Pulling.
Already up to date.
Pulled
Ending... Thu Jan  7 01:50:02 AM UTC 2021
Starting... Thu Jan  7 02:50:01 AM UTC 2021
cded, am in /root/msipdelta2
Pulling.
Already up to date.
Pulled
Ending... Thu Jan  7 02:50:03 AM UTC 2021
Starting... Thu Jan  7 03:50:01 AM UTC 2021
cded, am in /root/msipdelta2
Pulling.
Already up to date.
Pulled
Ending... Thu Jan  7 03:50:03 AM UTC 2021
Starting... Thu Jan  7 04:50:01 AM UTC 2021
cded, am in /root/msipdelta2
Pulling.
Already up to date.
Pulled
Ending... Thu Jan  7 04:50:03 AM UTC 2021
Starting... Thu Jan  7 05:50:01 AM UTC 2021
cded, am in /root/msipdelta2
Pulling.
Already up to date.
Pulled
Ending... Thu Jan  7 05:50:03 AM UTC 2021
Starting... Thu Jan  7 06:50:01 AM UTC 2021
cded, am in /root/msipdelta2
Pulling.
Already up to date.
Pulled
Ending... Thu Jan  7 06:50:03 AM UTC 2021
Starting... Thu Jan  7 07:50:01 AM UTC 2021
cded, am in /root/msipdelta2
Pulling.
Already up to date.
Pulled
Ending... Thu Jan  7 07:50:02 AM UTC 2021
Starting... Thu Jan  7 08:50:01 AM UTC 2021
cded, am in /root/msipdelta2
Pulling.
Already up to date.
Pulled
Ending... Thu Jan  7 08:50:03 AM UTC 2021
Starting... Thu Jan  7 09:50:01 AM UTC 2021
cded, am in /root/msipdelta2
Pulling.
Already up to date.
Pulled
Ending... Thu Jan  7 09:50:04 AM UTC 2021
Starting... Thu Jan  7 10:50:01 AM UTC 2021
cded, am in /root/msipdelta2
Pulling.
Already up to date.
Pulled
Ending... Thu Jan  7 10:50:03 AM UTC 2021
Starting... Thu Jan  7 11:50:01 AM UTC 2021
cded, am in /root/msipdelta2
Pulling.
Already up to date.
Pulled
Ending... Thu Jan  7 11:50:04 AM UTC 2021
Starting... Thu Jan  7 12:50:01 PM UTC 2021
cded, am in /root/msipdelta2
Pulling.
Already up to date.
Pulled
Ending... Thu Jan  7 12:50:03 PM UTC 2021
Starting... Thu Jan  7 01:50:01 PM UTC 2021
cded, am in /root/msipdelta2
Pulling.
Already up to date.
Pulled
Ending... Thu Jan  7 01:50:04 PM UTC 2021
Starting... Thu Jan  7 02:50:01 PM UTC 2021
cded, am in /root/msipdelta2
Pulling.
Already up to date.
Pulled
Ending... Thu Jan  7 02:50:03 PM UTC 2021
Starting... Thu Jan  7 03:50:01 PM UTC 2021
cded, am in /root/msipdelta2
Pulling.
Already up to date.
Pulled
Ending... Thu Jan  7 03:50:03 PM UTC 2021
Starting... Thu Jan  7 04:50:01 PM UTC 2021
cded, am in /root/msipdelta2
Pulling.
Already up to date.
Pulled
Ending... Thu Jan  7 04:50:03 PM UTC 2021
Starting... Thu Jan  7 05:50:01 PM UTC 2021
cded, am in /root/msipdelta2
Pulling.
Already up to date.
Pulled
Ending... Thu Jan  7 05:50:02 PM UTC 2021
