Starting... Sun Nov 29 12:50:01 AM UTC 2020
cded, am in /root/msipdelta2
Pulling.
Already up to date.
Pulled
Ending... Sun Nov 29 12:50:12 AM UTC 2020
Starting... Sun Nov 29 01:50:01 AM UTC 2020
cded, am in /root/msipdelta2
Pulling.
Already up to date.
Pulled
Ending... Sun Nov 29 01:50:03 AM UTC 2020
Starting... Sun Nov 29 02:50:01 AM UTC 2020
cded, am in /root/msipdelta2
Pulling.
Already up to date.
Pulled
Ending... Sun Nov 29 02:50:09 AM UTC 2020
Starting... Sun Nov 29 03:50:01 AM UTC 2020
cded, am in /root/msipdelta2
Pulling.
Already up to date.
Pulled
Ending... Sun Nov 29 03:50:03 AM UTC 2020
Starting... Sun Nov 29 04:50:01 AM UTC 2020
cded, am in /root/msipdelta2
Pulling.
Already up to date.
Pulled
Ending... Sun Nov 29 04:50:02 AM UTC 2020
Starting... Sun Nov 29 05:50:01 AM UTC 2020
cded, am in /root/msipdelta2
Pulling.
Already up to date.
Pulled
Ending... Sun Nov 29 05:50:02 AM UTC 2020
