Starting... Sun Dec  6 12:50:01 AM UTC 2020
cded, am in /root/msipdelta2
Pulling.
Already up to date.
Pulled
Ending... Sun Dec  6 12:50:02 AM UTC 2020
Starting... Sun Dec  6 01:50:01 AM UTC 2020
cded, am in /root/msipdelta2
Pulling.
Already up to date.
Pulled
Ending... Sun Dec  6 01:50:02 AM UTC 2020
Starting... Sun Dec  6 02:50:01 AM UTC 2020
cded, am in /root/msipdelta2
Pulling.
Already up to date.
Pulled
Ending... Sun Dec  6 02:50:02 AM UTC 2020
Starting... Sun Dec  6 03:50:01 AM UTC 2020
cded, am in /root/msipdelta2
Pulling.
Already up to date.
Pulled
Ending... Sun Dec  6 03:50:03 AM UTC 2020
Starting... Sun Dec  6 04:50:01 AM UTC 2020
cded, am in /root/msipdelta2
Pulling.
Already up to date.
Pulled
Ending... Sun Dec  6 04:50:01 AM UTC 2020
Starting... Sun Dec  6 05:50:01 AM UTC 2020
cded, am in /root/msipdelta2
Pulling.
Already up to date.
Pulled
Ending... Sun Dec  6 05:50:02 AM UTC 2020
