Starting... Tue Nov 17 12:50:01 AM UTC 2020
cded, am in /root/msipdelta2
Pulling.
Already up to date.
Pulled
Ending... Tue Nov 17 12:50:03 AM UTC 2020
Starting... Tue Nov 17 01:50:01 AM UTC 2020
cded, am in /root/msipdelta2
Pulling.
Already up to date.
Pulled
Ending... Tue Nov 17 01:50:03 AM UTC 2020
Starting... Tue Nov 17 02:50:01 AM UTC 2020
cded, am in /root/msipdelta2
Pulling.
Already up to date.
Pulled
Ending... Tue Nov 17 02:50:02 AM UTC 2020
Starting... Tue Nov 17 03:50:01 AM UTC 2020
cded, am in /root/msipdelta2
Pulling.
Already up to date.
Pulled
Ending... Tue Nov 17 03:50:03 AM UTC 2020
Starting... Tue Nov 17 04:50:01 AM UTC 2020
cded, am in /root/msipdelta2
Pulling.
Already up to date.
Pulled
Ending... Tue Nov 17 04:50:03 AM UTC 2020
Starting... Tue Nov 17 05:50:01 AM UTC 2020
cded, am in /root/msipdelta2
Pulling.
Already up to date.
Pulled
Ending... Tue Nov 17 05:50:02 AM UTC 2020
Starting... Tue Nov 17 06:50:01 AM UTC 2020
cded, am in /root/msipdelta2
Pulling.
Already up to date.
Pulled
Ending... Tue Nov 17 06:50:03 AM UTC 2020
Starting... Tue Nov 17 07:50:01 AM UTC 2020
cded, am in /root/msipdelta2
Pulling.
Already up to date.
Pulled
Ending... Tue Nov 17 07:50:03 AM UTC 2020
Starting... Tue Nov 17 08:50:01 AM UTC 2020
cded, am in /root/msipdelta2
Pulling.
Already up to date.
Pulled
Ending... Tue Nov 17 08:50:02 AM UTC 2020
Starting... Tue Nov 17 09:50:01 AM UTC 2020
cded, am in /root/msipdelta2
Pulling.
Already up to date.
Pulled
Ending... Tue Nov 17 09:50:03 AM UTC 2020
Starting... Tue Nov 17 10:50:01 AM UTC 2020
cded, am in /root/msipdelta2
Pulling.
Already up to date.
Pulled
Ending... Tue Nov 17 10:50:02 AM UTC 2020
Starting... Tue Nov 17 11:50:01 AM UTC 2020
cded, am in /root/msipdelta2
Pulling.
Already up to date.
Pulled
Ending... Tue Nov 17 11:50:03 AM UTC 2020
