Starting... Fri Mar 26 12:50:01 AM UTC 2021
cded, am in /root/msipdelta2
Pulling.
Already up to date.
Pulled
Ending... Fri Mar 26 12:50:03 AM UTC 2021
Starting... Fri Mar 26 01:50:01 AM UTC 2021
cded, am in /root/msipdelta2
Pulling.
Already up to date.
Pulled
Ending... Fri Mar 26 01:50:04 AM UTC 2021
Starting... Fri Mar 26 02:50:01 AM UTC 2021
cded, am in /root/msipdelta2
Pulling.
Already up to date.
Pulled
Ending... Fri Mar 26 02:50:02 AM UTC 2021
Starting... Fri Mar 26 03:50:01 AM UTC 2021
cded, am in /root/msipdelta2
Pulling.
Already up to date.
Pulled
Ending... Fri Mar 26 03:50:03 AM UTC 2021
Starting... Fri Mar 26 04:50:01 AM UTC 2021
cded, am in /root/msipdelta2
Pulling.
Already up to date.
Pulled
Ending... Fri Mar 26 04:50:02 AM UTC 2021
Starting... Fri Mar 26 05:50:01 AM UTC 2021
cded, am in /root/msipdelta2
Pulling.
Already up to date.
Pulled
Ending... Fri Mar 26 05:50:03 AM UTC 2021
