Starting... Thu Jul 15 12:50:02 AM UTC 2021
cded, am in /root/msipdelta2
Pulling.
Already up to date.
Pulled
Ending... Thu Jul 15 12:50:03 AM UTC 2021
Starting... Thu Jul 15 01:50:01 AM UTC 2021
cded, am in /root/msipdelta2
Pulling.
Already up to date.
Pulled
Ending... Thu Jul 15 01:50:03 AM UTC 2021
Starting... Thu Jul 15 02:50:01 AM UTC 2021
cded, am in /root/msipdelta2
Pulling.
Already up to date.
Pulled
Ending... Thu Jul 15 02:50:02 AM UTC 2021
Starting... Thu Jul 15 03:50:01 AM UTC 2021
cded, am in /root/msipdelta2
Pulling.
Already up to date.
Pulled
Ending... Thu Jul 15 03:50:03 AM UTC 2021
Starting... Thu Jul 15 04:50:01 AM UTC 2021
cded, am in /root/msipdelta2
Pulling.
Already up to date.
Pulled
Ending... Thu Jul 15 04:50:02 AM UTC 2021
Starting... Thu Jul 15 05:50:01 AM UTC 2021
cded, am in /root/msipdelta2
Pulling.
Already up to date.
Pulled
Ending... Thu Jul 15 05:50:03 AM UTC 2021
