Starting... Wed Jan  6 12:50:01 AM UTC 2021
cded, am in /root/msipdelta2
Pulling.
Already up to date.
Pulled
Ending... Wed Jan  6 12:50:03 AM UTC 2021
Starting... Wed Jan  6 01:50:01 AM UTC 2021
cded, am in /root/msipdelta2
Pulling.
Already up to date.
Pulled
Ending... Wed Jan  6 01:50:02 AM UTC 2021
Starting... Wed Jan  6 02:50:02 AM UTC 2021
cded, am in /root/msipdelta2
Pulling.
Already up to date.
Pulled
Ending... Wed Jan  6 02:50:03 AM UTC 2021
Starting... Wed Jan  6 03:50:01 AM UTC 2021
cded, am in /root/msipdelta2
Pulling.
Already up to date.
Pulled
Ending... Wed Jan  6 03:50:02 AM UTC 2021
Starting... Wed Jan  6 04:50:01 AM UTC 2021
cded, am in /root/msipdelta2
Pulling.
Already up to date.
Pulled
Ending... Wed Jan  6 04:50:03 AM UTC 2021
Starting... Wed Jan  6 05:50:01 AM UTC 2021
cded, am in /root/msipdelta2
Pulling.
Already up to date.
Pulled
Ending... Wed Jan  6 05:50:03 AM UTC 2021
