Starting... Wed Mar 24 12:50:01 AM UTC 2021
cded, am in /root/msipdelta2
Pulling.
Already up to date.
Pulled
Ending... Wed Mar 24 12:50:03 AM UTC 2021
Starting... Wed Mar 24 01:50:01 AM UTC 2021
cded, am in /root/msipdelta2
Pulling.
Already up to date.
Pulled
Ending... Wed Mar 24 01:50:03 AM UTC 2021
Starting... Wed Mar 24 02:50:01 AM UTC 2021
cded, am in /root/msipdelta2
Pulling.
Already up to date.
Pulled
Ending... Wed Mar 24 02:50:03 AM UTC 2021
Starting... Wed Mar 24 03:50:01 AM UTC 2021
cded, am in /root/msipdelta2
Pulling.
Already up to date.
Pulled
Ending... Wed Mar 24 03:50:03 AM UTC 2021
Starting... Wed Mar 24 04:50:01 AM UTC 2021
cded, am in /root/msipdelta2
Pulling.
Already up to date.
Pulled
Ending... Wed Mar 24 04:50:02 AM UTC 2021
Starting... Wed Mar 24 05:50:01 AM UTC 2021
cded, am in /root/msipdelta2
Pulling.
Already up to date.
Pulled
Ending... Wed Mar 24 05:50:04 AM UTC 2021
Starting... Wed Mar 24 06:50:01 AM UTC 2021
cded, am in /root/msipdelta2
Pulling.
Already up to date.
Pulled
Ending... Wed Mar 24 06:50:03 AM UTC 2021
Starting... Wed Mar 24 07:50:01 AM UTC 2021
cded, am in /root/msipdelta2
Pulling.
Already up to date.
Pulled
Ending... Wed Mar 24 07:50:03 AM UTC 2021
Starting... Wed Mar 24 08:50:01 AM UTC 2021
cded, am in /root/msipdelta2
Pulling.
Already up to date.
Pulled
Ending... Wed Mar 24 08:50:04 AM UTC 2021
Starting... Wed Mar 24 09:50:01 AM UTC 2021
cded, am in /root/msipdelta2
Pulling.
Already up to date.
Pulled
Ending... Wed Mar 24 09:50:03 AM UTC 2021
Starting... Wed Mar 24 10:50:01 AM UTC 2021
cded, am in /root/msipdelta2
Pulling.
Already up to date.
Pulled
Ending... Wed Mar 24 10:50:03 AM UTC 2021
Starting... Wed Mar 24 11:50:01 AM UTC 2021
cded, am in /root/msipdelta2
Pulling.
Already up to date.
Pulled
Ending... Wed Mar 24 11:50:02 AM UTC 2021
Starting... Wed Mar 24 12:50:01 PM UTC 2021
cded, am in /root/msipdelta2
Pulling.
Already up to date.
Pulled
Ending... Wed Mar 24 12:50:03 PM UTC 2021
Starting... Wed Mar 24 01:50:01 PM UTC 2021
cded, am in /root/msipdelta2
Pulling.
Already up to date.
Pulled
Ending... Wed Mar 24 01:50:05 PM UTC 2021
Starting... Wed Mar 24 02:50:01 PM UTC 2021
cded, am in /root/msipdelta2
Pulling.
Already up to date.
Pulled
Ending... Wed Mar 24 02:50:02 PM UTC 2021
Starting... Wed Mar 24 03:50:01 PM UTC 2021
cded, am in /root/msipdelta2
Pulling.
Already up to date.
Pulled
Ending... Wed Mar 24 03:50:04 PM UTC 2021
Starting... Wed Mar 24 04:50:01 PM UTC 2021
cded, am in /root/msipdelta2
Pulling.
Already up to date.
Pulled
Ending... Wed Mar 24 04:50:03 PM UTC 2021
Starting... Wed Mar 24 05:50:01 PM UTC 2021
cded, am in /root/msipdelta2
Pulling.
Already up to date.
Pulled
Ending... Wed Mar 24 05:50:02 PM UTC 2021
Starting... Wed Mar 24 06:50:01 PM UTC 2021
cded, am in /root/msipdelta2
Pulling.
Already up to date.
Pulled
Ending... Wed Mar 24 06:50:04 PM UTC 2021
Starting... Wed Mar 24 07:50:01 PM UTC 2021
cded, am in /root/msipdelta2
Pulling.
Already up to date.
Pulled
Ending... Wed Mar 24 07:50:03 PM UTC 2021
Starting... Wed Mar 24 08:50:01 PM UTC 2021
cded, am in /root/msipdelta2
Pulling.
Already up to date.
Pulled
Ending... Wed Mar 24 08:50:04 PM UTC 2021
Starting... Wed Mar 24 09:50:01 PM UTC 2021
cded, am in /root/msipdelta2
Pulling.
Already up to date.
Pulled
Ending... Wed Mar 24 09:50:03 PM UTC 2021
Starting... Wed Mar 24 10:50:01 PM UTC 2021
cded, am in /root/msipdelta2
Pulling.
Already up to date.
Pulled
Ending... Wed Mar 24 10:50:02 PM UTC 2021
Starting... Wed Mar 24 11:50:01 PM UTC 2021
cded, am in /root/msipdelta2
Pulling.
Already up to date.
Pulled
Ending... Wed Mar 24 11:50:02 PM UTC 2021
