Starting... Fri Apr 16 12:50:01 AM UTC 2021
cded, am in /root/msipdelta2
Pulling.
Already up to date.
Pulled
Ending... Fri Apr 16 12:50:02 AM UTC 2021
Starting... Fri Apr 16 01:50:01 AM UTC 2021
cded, am in /root/msipdelta2
Pulling.
Already up to date.
Pulled
Ending... Fri Apr 16 01:50:02 AM UTC 2021
Starting... Fri Apr 16 02:50:01 AM UTC 2021
cded, am in /root/msipdelta2
Pulling.
Already up to date.
Pulled
Ending... Fri Apr 16 02:50:03 AM UTC 2021
Starting... Fri Apr 16 03:50:01 AM UTC 2021
cded, am in /root/msipdelta2
Pulling.
Already up to date.
Pulled
Ending... Fri Apr 16 03:50:03 AM UTC 2021
Starting... Fri Apr 16 04:50:01 AM UTC 2021
cded, am in /root/msipdelta2
Pulling.
Already up to date.
Pulled
Ending... Fri Apr 16 04:50:04 AM UTC 2021
Starting... Fri Apr 16 05:50:01 AM UTC 2021
cded, am in /root/msipdelta2
Pulling.
Already up to date.
Pulled
Ending... Fri Apr 16 05:50:04 AM UTC 2021
