Starting... Thu Jan 21 12:50:01 AM UTC 2021
cded, am in /root/msipdelta2
Pulling.
Already up to date.
Pulled
Ending... Thu Jan 21 12:50:04 AM UTC 2021
Starting... Thu Jan 21 01:50:01 AM UTC 2021
cded, am in /root/msipdelta2
Pulling.
Already up to date.
Pulled
Ending... Thu Jan 21 01:50:04 AM UTC 2021
Starting... Thu Jan 21 02:50:01 AM UTC 2021
cded, am in /root/msipdelta2
Pulling.
Already up to date.
Pulled
Ending... Thu Jan 21 02:50:03 AM UTC 2021
Starting... Thu Jan 21 03:50:01 AM UTC 2021
cded, am in /root/msipdelta2
Pulling.
Already up to date.
Pulled
Ending... Thu Jan 21 03:50:04 AM UTC 2021
Starting... Thu Jan 21 04:50:01 AM UTC 2021
cded, am in /root/msipdelta2
Pulling.
Already up to date.
Pulled
Ending... Thu Jan 21 04:50:04 AM UTC 2021
Starting... Thu Jan 21 05:50:01 AM UTC 2021
cded, am in /root/msipdelta2
Pulling.
Already up to date.
Pulled
Ending... Thu Jan 21 05:50:04 AM UTC 2021
Starting... Thu Jan 21 06:50:01 AM UTC 2021
cded, am in /root/msipdelta2
Pulling.
Already up to date.
Pulled
Ending... Thu Jan 21 06:50:04 AM UTC 2021
Starting... Thu Jan 21 07:50:01 AM UTC 2021
cded, am in /root/msipdelta2
Pulling.
Already up to date.
Pulled
Ending... Thu Jan 21 07:50:02 AM UTC 2021
Starting... Thu Jan 21 08:50:01 AM UTC 2021
cded, am in /root/msipdelta2
Pulling.
Already up to date.
Pulled
Ending... Thu Jan 21 08:50:04 AM UTC 2021
Starting... Thu Jan 21 09:50:01 AM UTC 2021
cded, am in /root/msipdelta2
Pulling.
Already up to date.
Pulled
Ending... Thu Jan 21 09:50:05 AM UTC 2021
Starting... Thu Jan 21 10:50:01 AM UTC 2021
cded, am in /root/msipdelta2
Pulling.
Already up to date.
Pulled
Ending... Thu Jan 21 10:50:04 AM UTC 2021
Starting... Thu Jan 21 11:50:01 AM UTC 2021
cded, am in /root/msipdelta2
Pulling.
Already up to date.
Pulled
Ending... Thu Jan 21 11:50:05 AM UTC 2021
Starting... Thu Jan 21 12:50:01 PM UTC 2021
cded, am in /root/msipdelta2
Pulling.
Already up to date.
Pulled
Ending... Thu Jan 21 12:50:05 PM UTC 2021
Starting... Thu Jan 21 01:50:01 PM UTC 2021
cded, am in /root/msipdelta2
Pulling.
Already up to date.
Pulled
Ending... Thu Jan 21 01:50:04 PM UTC 2021
Starting... Thu Jan 21 02:50:01 PM UTC 2021
cded, am in /root/msipdelta2
Pulling.
Already up to date.
Pulled
Ending... Thu Jan 21 02:50:04 PM UTC 2021
Starting... Thu Jan 21 03:50:01 PM UTC 2021
cded, am in /root/msipdelta2
Pulling.
Already up to date.
Pulled
Ending... Thu Jan 21 03:50:05 PM UTC 2021
Starting... Thu Jan 21 04:50:01 PM UTC 2021
cded, am in /root/msipdelta2
Pulling.
Already up to date.
Pulled
Ending... Thu Jan 21 04:50:04 PM UTC 2021
Starting... Thu Jan 21 05:50:01 PM UTC 2021
cded, am in /root/msipdelta2
Pulling.
Already up to date.
Pulled
Ending... Thu Jan 21 05:50:04 PM UTC 2021
