Starting... Fri Nov 27 12:50:01 AM UTC 2020
cded, am in /root/msipdelta2
Pulling.
Already up to date.
Pulled
Ending... Fri Nov 27 12:50:02 AM UTC 2020
Starting... Fri Nov 27 01:50:01 AM UTC 2020
cded, am in /root/msipdelta2
Pulling.
Already up to date.
Pulled
Ending... Fri Nov 27 01:50:03 AM UTC 2020
Starting... Fri Nov 27 02:50:01 AM UTC 2020
cded, am in /root/msipdelta2
Pulling.
Already up to date.
Pulled
Ending... Fri Nov 27 02:50:02 AM UTC 2020
Starting... Fri Nov 27 03:50:01 AM UTC 2020
cded, am in /root/msipdelta2
Pulling.
Already up to date.
Pulled
Ending... Fri Nov 27 03:50:03 AM UTC 2020
Starting... Fri Nov 27 04:50:01 AM UTC 2020
cded, am in /root/msipdelta2
Pulling.
Already up to date.
Pulled
Ending... Fri Nov 27 04:50:02 AM UTC 2020
Starting... Fri Nov 27 05:50:01 AM UTC 2020
cded, am in /root/msipdelta2
Pulling.
Already up to date.
Pulled
Ending... Fri Nov 27 05:50:03 AM UTC 2020
