Starting... Sat Nov 14 12:50:01 AM UTC 2020
cded, am in /root/msipdelta2
Pulling.
Already up to date.
Pulled
Ending... Sat Nov 14 12:50:03 AM UTC 2020
Starting... Sat Nov 14 01:50:01 AM UTC 2020
cded, am in /root/msipdelta2
Pulling.
Already up to date.
Pulled
Ending... Sat Nov 14 01:50:03 AM UTC 2020
Starting... Sat Nov 14 02:50:01 AM UTC 2020
cded, am in /root/msipdelta2
Pulling.
Already up to date.
Pulled
Ending... Sat Nov 14 02:50:02 AM UTC 2020
Starting... Sat Nov 14 03:50:01 AM UTC 2020
cded, am in /root/msipdelta2
Pulling.
Already up to date.
Pulled
Ending... Sat Nov 14 03:50:03 AM UTC 2020
Starting... Sat Nov 14 04:50:01 AM UTC 2020
cded, am in /root/msipdelta2
Pulling.
Already up to date.
Pulled
Ending... Sat Nov 14 04:50:02 AM UTC 2020
Starting... Sat Nov 14 05:50:01 AM UTC 2020
cded, am in /root/msipdelta2
Pulling.
Already up to date.
Pulled
Ending... Sat Nov 14 05:50:02 AM UTC 2020
Starting... Sat Nov 14 06:50:01 AM UTC 2020
cded, am in /root/msipdelta2
Pulling.
Already up to date.
Pulled
Ending... Sat Nov 14 06:50:03 AM UTC 2020
Starting... Sat Nov 14 07:50:01 AM UTC 2020
cded, am in /root/msipdelta2
Pulling.
Already up to date.
Pulled
Ending... Sat Nov 14 07:50:04 AM UTC 2020
Starting... Sat Nov 14 08:50:01 AM UTC 2020
cded, am in /root/msipdelta2
Pulling.
Already up to date.
Pulled
Ending... Sat Nov 14 08:50:03 AM UTC 2020
Starting... Sat Nov 14 09:50:01 AM UTC 2020
cded, am in /root/msipdelta2
Pulling.
Already up to date.
Pulled
Ending... Sat Nov 14 09:50:04 AM UTC 2020
Starting... Sat Nov 14 10:50:01 AM UTC 2020
cded, am in /root/msipdelta2
Pulling.
Already up to date.
Pulled
Ending... Sat Nov 14 10:50:11 AM UTC 2020
Starting... Sat Nov 14 11:50:01 AM UTC 2020
cded, am in /root/msipdelta2
Pulling.
Already up to date.
Pulled
Ending... Sat Nov 14 11:50:03 AM UTC 2020
Starting... Sat Nov 14 12:50:01 PM UTC 2020
cded, am in /root/msipdelta2
Pulling.
Already up to date.
Pulled
Ending... Sat Nov 14 12:50:03 PM UTC 2020
Starting... Sat Nov 14 01:50:01 PM UTC 2020
cded, am in /root/msipdelta2
Pulling.
Already up to date.
Pulled
Ending... Sat Nov 14 01:50:02 PM UTC 2020
Starting... Sat Nov 14 02:50:01 PM UTC 2020
cded, am in /root/msipdelta2
Pulling.
Already up to date.
Pulled
Ending... Sat Nov 14 02:50:03 PM UTC 2020
Starting... Sat Nov 14 03:50:01 PM UTC 2020
cded, am in /root/msipdelta2
Pulling.
Already up to date.
Pulled
Ending... Sat Nov 14 03:50:03 PM UTC 2020
Starting... Sat Nov 14 04:50:01 PM UTC 2020
cded, am in /root/msipdelta2
Pulling.
Bad Pull.
Ending... Sat Nov 14 04:50:11 PM UTC 2020
Starting... Sat Nov 14 05:50:01 PM UTC 2020
cded, am in /root/msipdelta2
Pulling.
Already up to date.
Pulled
Ending... Sat Nov 14 05:50:02 PM UTC 2020
