Starting... Wed Dec  9 12:50:02 AM UTC 2020
cded, am in /root/msipdelta2
Pulling.
Already up to date.
Pulled
Ending... Wed Dec  9 12:50:04 AM UTC 2020
Starting... Wed Dec  9 01:50:01 AM UTC 2020
cded, am in /root/msipdelta2
Pulling.
Already up to date.
Pulled
Ending... Wed Dec  9 01:50:02 AM UTC 2020
Starting... Wed Dec  9 02:50:01 AM UTC 2020
cded, am in /root/msipdelta2
Pulling.
Already up to date.
Pulled
Ending... Wed Dec  9 02:50:02 AM UTC 2020
Starting... Wed Dec  9 03:50:01 AM UTC 2020
cded, am in /root/msipdelta2
Pulling.
Already up to date.
Pulled
Ending... Wed Dec  9 03:50:03 AM UTC 2020
Starting... Wed Dec  9 04:50:01 AM UTC 2020
cded, am in /root/msipdelta2
Pulling.
Already up to date.
Pulled
Ending... Wed Dec  9 04:50:02 AM UTC 2020
Starting... Wed Dec  9 05:50:01 AM UTC 2020
cded, am in /root/msipdelta2
Pulling.
Already up to date.
Pulled
Ending... Wed Dec  9 05:50:02 AM UTC 2020
