Starting... Mon Nov 16 12:50:01 AM UTC 2020
cded, am in /root/msipdelta2
Pulling.
Already up to date.
Pulled
Ending... Mon Nov 16 12:50:02 AM UTC 2020
Starting... Mon Nov 16 01:50:01 AM UTC 2020
cded, am in /root/msipdelta2
Pulling.
Already up to date.
Pulled
Ending... Mon Nov 16 01:50:02 AM UTC 2020
Starting... Mon Nov 16 02:50:01 AM UTC 2020
cded, am in /root/msipdelta2
Pulling.
Already up to date.
Pulled
Ending... Mon Nov 16 02:50:03 AM UTC 2020
Starting... Mon Nov 16 03:50:01 AM UTC 2020
cded, am in /root/msipdelta2
Pulling.
Already up to date.
Pulled
Ending... Mon Nov 16 03:50:03 AM UTC 2020
Starting... Mon Nov 16 04:50:01 AM UTC 2020
cded, am in /root/msipdelta2
Pulling.
Already up to date.
Pulled
Ending... Mon Nov 16 04:50:03 AM UTC 2020
Starting... Mon Nov 16 05:50:01 AM UTC 2020
cded, am in /root/msipdelta2
Pulling.
Already up to date.
Pulled
Ending... Mon Nov 16 05:50:02 AM UTC 2020
Starting... Mon Nov 16 06:50:01 AM UTC 2020
cded, am in /root/msipdelta2
Pulling.
Already up to date.
Pulled
Ending... Mon Nov 16 06:50:03 AM UTC 2020
Starting... Mon Nov 16 07:50:01 AM UTC 2020
cded, am in /root/msipdelta2
Pulling.
Already up to date.
Pulled
Ending... Mon Nov 16 07:50:03 AM UTC 2020
Starting... Mon Nov 16 08:50:01 AM UTC 2020
cded, am in /root/msipdelta2
Pulling.
Already up to date.
Pulled
Ending... Mon Nov 16 08:50:03 AM UTC 2020
Starting... Mon Nov 16 09:50:01 AM UTC 2020
cded, am in /root/msipdelta2
Pulling.
Already up to date.
Pulled
Ending... Mon Nov 16 09:50:07 AM UTC 2020
Starting... Mon Nov 16 10:50:01 AM UTC 2020
cded, am in /root/msipdelta2
Pulling.
Already up to date.
Pulled
Ending... Mon Nov 16 10:50:03 AM UTC 2020
Starting... Mon Nov 16 11:50:01 AM UTC 2020
cded, am in /root/msipdelta2
Pulling.
Already up to date.
Pulled
Ending... Mon Nov 16 11:50:03 AM UTC 2020
Starting... Mon Nov 16 12:50:01 PM UTC 2020
cded, am in /root/msipdelta2
Pulling.
Already up to date.
Pulled
Ending... Mon Nov 16 12:50:06 PM UTC 2020
Starting... Mon Nov 16 01:50:01 PM UTC 2020
cded, am in /root/msipdelta2
Pulling.
Already up to date.
Pulled
Ending... Mon Nov 16 01:50:05 PM UTC 2020
Starting... Mon Nov 16 02:50:01 PM UTC 2020
cded, am in /root/msipdelta2
Pulling.
Already up to date.
Pulled
Ending... Mon Nov 16 02:50:05 PM UTC 2020
Starting... Mon Nov 16 03:50:01 PM UTC 2020
cded, am in /root/msipdelta2
Pulling.
Already up to date.
Pulled
Ending... Mon Nov 16 03:50:02 PM UTC 2020
Starting... Mon Nov 16 04:50:01 PM UTC 2020
cded, am in /root/msipdelta2
Pulling.
Already up to date.
Pulled
Ending... Mon Nov 16 04:50:03 PM UTC 2020
Starting... Mon Nov 16 05:50:01 PM UTC 2020
cded, am in /root/msipdelta2
Pulling.
Already up to date.
Pulled
Ending... Mon Nov 16 05:50:03 PM UTC 2020
