Starting... Thu Apr 29 12:50:01 AM UTC 2021
cded, am in /root/msipdelta2
Pulling.
Already up to date.
Pulled
Ending... Thu Apr 29 12:50:04 AM UTC 2021
Starting... Thu Apr 29 01:50:01 AM UTC 2021
cded, am in /root/msipdelta2
Pulling.
Already up to date.
Pulled
Ending... Thu Apr 29 01:50:03 AM UTC 2021
Starting... Thu Apr 29 02:50:01 AM UTC 2021
cded, am in /root/msipdelta2
Pulling.
Already up to date.
Pulled
Ending... Thu Apr 29 02:50:03 AM UTC 2021
Starting... Thu Apr 29 03:50:01 AM UTC 2021
cded, am in /root/msipdelta2
Pulling.
Already up to date.
Pulled
Ending... Thu Apr 29 03:50:04 AM UTC 2021
Starting... Thu Apr 29 04:50:01 AM UTC 2021
cded, am in /root/msipdelta2
Pulling.
Already up to date.
Pulled
Ending... Thu Apr 29 04:50:03 AM UTC 2021
Starting... Thu Apr 29 05:50:01 AM UTC 2021
cded, am in /root/msipdelta2
Pulling.
Already up to date.
Pulled
Ending... Thu Apr 29 05:50:05 AM UTC 2021
