Starting... Sat Mar 27 12:50:01 AM UTC 2021
cded, am in /root/msipdelta2
Pulling.
Already up to date.
Pulled
Ending... Sat Mar 27 12:50:02 AM UTC 2021
Starting... Sat Mar 27 01:50:01 AM UTC 2021
cded, am in /root/msipdelta2
Pulling.
Already up to date.
Pulled
Ending... Sat Mar 27 01:50:03 AM UTC 2021
Starting... Sat Mar 27 02:50:01 AM UTC 2021
cded, am in /root/msipdelta2
Pulling.
Already up to date.
Pulled
Ending... Sat Mar 27 02:50:02 AM UTC 2021
Starting... Sat Mar 27 03:50:01 AM UTC 2021
cded, am in /root/msipdelta2
Pulling.
Already up to date.
Pulled
Ending... Sat Mar 27 03:50:04 AM UTC 2021
Starting... Sat Mar 27 04:50:01 AM UTC 2021
cded, am in /root/msipdelta2
Pulling.
Already up to date.
Pulled
Ending... Sat Mar 27 04:50:03 AM UTC 2021
Starting... Sat Mar 27 05:50:01 AM UTC 2021
cded, am in /root/msipdelta2
Pulling.
Already up to date.
Pulled
Ending... Sat Mar 27 05:50:02 AM UTC 2021
Starting... Sat Mar 27 06:50:01 AM UTC 2021
cded, am in /root/msipdelta2
Pulling.
Already up to date.
Pulled
Ending... Sat Mar 27 06:50:04 AM UTC 2021
Starting... Sat Mar 27 07:50:01 AM UTC 2021
cded, am in /root/msipdelta2
Pulling.
Already up to date.
Pulled
Ending... Sat Mar 27 07:50:02 AM UTC 2021
Starting... Sat Mar 27 08:50:01 AM UTC 2021
cded, am in /root/msipdelta2
Pulling.
Already up to date.
Pulled
Ending... Sat Mar 27 08:50:03 AM UTC 2021
Starting... Sat Mar 27 09:50:01 AM UTC 2021
cded, am in /root/msipdelta2
Pulling.
Already up to date.
Pulled
Ending... Sat Mar 27 09:50:03 AM UTC 2021
Starting... Sat Mar 27 10:50:01 AM UTC 2021
cded, am in /root/msipdelta2
Pulling.
Already up to date.
Pulled
Ending... Sat Mar 27 10:50:03 AM UTC 2021
Starting... Sat Mar 27 11:50:01 AM UTC 2021
cded, am in /root/msipdelta2
Pulling.
Already up to date.
Pulled
Ending... Sat Mar 27 11:50:02 AM UTC 2021
