Starting... Sat Apr  3 12:50:01 AM UTC 2021
cded, am in /root/msipdelta2
Pulling.
Already up to date.
Pulled
Ending... Sat Apr  3 12:50:03 AM UTC 2021
Starting... Sat Apr  3 01:50:01 AM UTC 2021
cded, am in /root/msipdelta2
Pulling.
Already up to date.
Pulled
Ending... Sat Apr  3 01:50:02 AM UTC 2021
Starting... Sat Apr  3 02:50:01 AM UTC 2021
cded, am in /root/msipdelta2
Pulling.
Already up to date.
Pulled
Ending... Sat Apr  3 02:50:02 AM UTC 2021
Starting... Sat Apr  3 03:50:01 AM UTC 2021
cded, am in /root/msipdelta2
Pulling.
Already up to date.
Pulled
Ending... Sat Apr  3 03:50:03 AM UTC 2021
Starting... Sat Apr  3 04:50:01 AM UTC 2021
cded, am in /root/msipdelta2
Pulling.
Already up to date.
Pulled
Ending... Sat Apr  3 04:50:02 AM UTC 2021
Starting... Sat Apr  3 05:50:01 AM UTC 2021
cded, am in /root/msipdelta2
Pulling.
Already up to date.
Pulled
Ending... Sat Apr  3 05:50:02 AM UTC 2021
