Starting... Wed Jan 13 12:50:01 AM UTC 2021
cded, am in /root/msipdelta2
Pulling.
Already up to date.
Pulled
Ending... Wed Jan 13 12:50:04 AM UTC 2021
Starting... Wed Jan 13 01:50:01 AM UTC 2021
cded, am in /root/msipdelta2
Pulling.
Already up to date.
Pulled
Ending... Wed Jan 13 01:50:02 AM UTC 2021
Starting... Wed Jan 13 02:50:01 AM UTC 2021
cded, am in /root/msipdelta2
Pulling.
Already up to date.
Pulled
Ending... Wed Jan 13 02:50:04 AM UTC 2021
Starting... Wed Jan 13 03:50:01 AM UTC 2021
cded, am in /root/msipdelta2
Pulling.
Already up to date.
Pulled
Ending... Wed Jan 13 03:50:03 AM UTC 2021
Starting... Wed Jan 13 04:50:01 AM UTC 2021
cded, am in /root/msipdelta2
Pulling.
Already up to date.
Pulled
Ending... Wed Jan 13 04:50:04 AM UTC 2021
Starting... Wed Jan 13 05:50:01 AM UTC 2021
cded, am in /root/msipdelta2
Pulling.
Already up to date.
Pulled
Ending... Wed Jan 13 05:50:02 AM UTC 2021
Starting... Wed Jan 13 06:50:01 AM UTC 2021
cded, am in /root/msipdelta2
Pulling.
Already up to date.
Pulled
Ending... Wed Jan 13 06:50:03 AM UTC 2021
Starting... Wed Jan 13 07:50:01 AM UTC 2021
cded, am in /root/msipdelta2
Pulling.
Already up to date.
Pulled
Ending... Wed Jan 13 07:50:04 AM UTC 2021
Starting... Wed Jan 13 08:50:01 AM UTC 2021
cded, am in /root/msipdelta2
Pulling.
Already up to date.
Pulled
Ending... Wed Jan 13 08:50:04 AM UTC 2021
Starting... Wed Jan 13 09:50:01 AM UTC 2021
cded, am in /root/msipdelta2
Pulling.
Already up to date.
Pulled
Ending... Wed Jan 13 09:50:03 AM UTC 2021
Starting... Wed Jan 13 10:50:01 AM UTC 2021
cded, am in /root/msipdelta2
Pulling.
Already up to date.
Pulled
Ending... Wed Jan 13 10:50:04 AM UTC 2021
Starting... Wed Jan 13 11:50:01 AM UTC 2021
cded, am in /root/msipdelta2
Pulling.
Already up to date.
Pulled
Ending... Wed Jan 13 11:50:03 AM UTC 2021
