Starting... Sun Apr  4 12:50:01 AM UTC 2021
cded, am in /root/msipdelta2
Pulling.
Already up to date.
Pulled
Ending... Sun Apr  4 12:50:02 AM UTC 2021
Starting... Sun Apr  4 01:50:01 AM UTC 2021
cded, am in /root/msipdelta2
Pulling.
Already up to date.
Pulled
Ending... Sun Apr  4 01:50:03 AM UTC 2021
Starting... Sun Apr  4 02:50:01 AM UTC 2021
cded, am in /root/msipdelta2
Pulling.
Already up to date.
Pulled
Ending... Sun Apr  4 02:50:02 AM UTC 2021
Starting... Sun Apr  4 03:50:01 AM UTC 2021
cded, am in /root/msipdelta2
Pulling.
Already up to date.
Pulled
Ending... Sun Apr  4 03:50:03 AM UTC 2021
Starting... Sun Apr  4 04:50:01 AM UTC 2021
cded, am in /root/msipdelta2
Pulling.
Already up to date.
Pulled
Ending... Sun Apr  4 04:50:02 AM UTC 2021
Starting... Sun Apr  4 05:50:01 AM UTC 2021
cded, am in /root/msipdelta2
Pulling.
Already up to date.
Pulled
Ending... Sun Apr  4 05:50:03 AM UTC 2021
