Starting... Sun Jan 24 12:50:01 AM UTC 2021
cded, am in /root/msipdelta2
Pulling.
Already up to date.
Pulled
Ending... Sun Jan 24 12:50:02 AM UTC 2021
Starting... Sun Jan 24 01:50:01 AM UTC 2021
cded, am in /root/msipdelta2
Pulling.
Already up to date.
Pulled
Ending... Sun Jan 24 01:50:03 AM UTC 2021
Starting... Sun Jan 24 02:50:01 AM UTC 2021
cded, am in /root/msipdelta2
Pulling.
Already up to date.
Pulled
Ending... Sun Jan 24 02:50:03 AM UTC 2021
Starting... Sun Jan 24 03:50:01 AM UTC 2021
cded, am in /root/msipdelta2
Pulling.
Already up to date.
Pulled
Ending... Sun Jan 24 03:50:03 AM UTC 2021
Starting... Sun Jan 24 04:50:01 AM UTC 2021
cded, am in /root/msipdelta2
Pulling.
Already up to date.
Pulled
Ending... Sun Jan 24 04:50:03 AM UTC 2021
Starting... Sun Jan 24 05:50:01 AM UTC 2021
cded, am in /root/msipdelta2
Pulling.
Already up to date.
Pulled
Ending... Sun Jan 24 05:50:03 AM UTC 2021
