Starting... Sun May  2 12:50:01 AM UTC 2021
cded, am in /root/msipdelta2
Pulling.
Already up to date.
Pulled
Ending... Sun May  2 12:50:03 AM UTC 2021
Starting... Sun May  2 01:50:01 AM UTC 2021
cded, am in /root/msipdelta2
Pulling.
Already up to date.
Pulled
Ending... Sun May  2 01:50:03 AM UTC 2021
Starting... Sun May  2 02:50:01 AM UTC 2021
cded, am in /root/msipdelta2
Pulling.
Already up to date.
Pulled
Ending... Sun May  2 02:50:03 AM UTC 2021
Starting... Sun May  2 03:50:01 AM UTC 2021
cded, am in /root/msipdelta2
Pulling.
Already up to date.
Pulled
Ending... Sun May  2 03:50:03 AM UTC 2021
Starting... Sun May  2 04:50:01 AM UTC 2021
cded, am in /root/msipdelta2
Pulling.
Already up to date.
Pulled
Ending... Sun May  2 04:50:02 AM UTC 2021
Starting... Sun May  2 05:50:01 AM UTC 2021
cded, am in /root/msipdelta2
Pulling.
Already up to date.
Pulled
Ending... Sun May  2 05:50:04 AM UTC 2021
Starting... Sun May  2 06:50:01 AM UTC 2021
cded, am in /root/msipdelta2
Pulling.
Already up to date.
Pulled
Ending... Sun May  2 06:50:03 AM UTC 2021
Starting... Sun May  2 07:50:01 AM UTC 2021
cded, am in /root/msipdelta2
Pulling.
Already up to date.
Pulled
Ending... Sun May  2 07:50:03 AM UTC 2021
Starting... Sun May  2 08:50:01 AM UTC 2021
cded, am in /root/msipdelta2
Pulling.
Already up to date.
Pulled
Ending... Sun May  2 08:50:03 AM UTC 2021
Starting... Sun May  2 09:50:01 AM UTC 2021
cded, am in /root/msipdelta2
Pulling.
Already up to date.
Pulled
Ending... Sun May  2 09:50:03 AM UTC 2021
Starting... Sun May  2 10:50:01 AM UTC 2021
cded, am in /root/msipdelta2
Pulling.
Already up to date.
Pulled
Ending... Sun May  2 10:50:03 AM UTC 2021
Starting... Sun May  2 11:50:01 AM UTC 2021
cded, am in /root/msipdelta2
Pulling.
Already up to date.
Pulled
Ending... Sun May  2 11:50:03 AM UTC 2021
Starting... Sun May  2 12:50:01 PM UTC 2021
cded, am in /root/msipdelta2
Pulling.
Already up to date.
Pulled
Ending... Sun May  2 12:50:02 PM UTC 2021
Starting... Sun May  2 01:50:01 PM UTC 2021
cded, am in /root/msipdelta2
Pulling.
Already up to date.
Pulled
Ending... Sun May  2 01:50:02 PM UTC 2021
Starting... Sun May  2 02:50:01 PM UTC 2021
cded, am in /root/msipdelta2
Pulling.
Already up to date.
Pulled
Ending... Sun May  2 02:50:03 PM UTC 2021
Starting... Sun May  2 03:50:01 PM UTC 2021
cded, am in /root/msipdelta2
Pulling.
Bad Pull.
Ending... Sun May  2 03:50:06 PM UTC 2021
Starting... Sun May  2 04:50:01 PM UTC 2021
cded, am in /root/msipdelta2
Pulling.
Bad Pull.
Ending... Sun May  2 04:50:06 PM UTC 2021
Starting... Sun May  2 05:50:01 PM UTC 2021
cded, am in /root/msipdelta2
Pulling.
Already up to date.
Pulled
Ending... Sun May  2 05:50:02 PM UTC 2021
Starting... Sun May  2 06:50:01 PM UTC 2021
cded, am in /root/msipdelta2
Pulling.
Already up to date.
Pulled
Ending... Sun May  2 06:50:03 PM UTC 2021
Starting... Sun May  2 07:50:01 PM UTC 2021
cded, am in /root/msipdelta2
Pulling.
Already up to date.
Pulled
Ending... Sun May  2 07:50:03 PM UTC 2021
Starting... Sun May  2 08:50:01 PM UTC 2021
cded, am in /root/msipdelta2
Pulling.
Already up to date.
Pulled
Ending... Sun May  2 08:50:03 PM UTC 2021
Starting... Sun May  2 09:50:01 PM UTC 2021
cded, am in /root/msipdelta2
Pulling.
Already up to date.
Pulled
Ending... Sun May  2 09:50:04 PM UTC 2021
Starting... Sun May  2 10:50:01 PM UTC 2021
cded, am in /root/msipdelta2
Pulling.
Already up to date.
Pulled
Ending... Sun May  2 10:50:02 PM UTC 2021
Starting... Sun May  2 11:50:01 PM UTC 2021
cded, am in /root/msipdelta2
Pulling.
Already up to date.
Pulled
Ending... Sun May  2 11:50:03 PM UTC 2021
