Starting... Fri Apr 30 12:50:01 AM UTC 2021
cded, am in /root/msipdelta2
Pulling.
Already up to date.
Pulled
Ending... Fri Apr 30 12:50:05 AM UTC 2021
Starting... Fri Apr 30 01:50:01 AM UTC 2021
cded, am in /root/msipdelta2
Pulling.
Already up to date.
Pulled
Ending... Fri Apr 30 01:50:03 AM UTC 2021
Starting... Fri Apr 30 02:50:01 AM UTC 2021
cded, am in /root/msipdelta2
Pulling.
Already up to date.
Pulled
Ending... Fri Apr 30 02:50:04 AM UTC 2021
Starting... Fri Apr 30 03:50:01 AM UTC 2021
cded, am in /root/msipdelta2
Pulling.
Already up to date.
Pulled
Ending... Fri Apr 30 03:50:03 AM UTC 2021
Starting... Fri Apr 30 04:50:01 AM UTC 2021
cded, am in /root/msipdelta2
Pulling.
Already up to date.
Pulled
Ending... Fri Apr 30 04:50:03 AM UTC 2021
Starting... Fri Apr 30 05:50:01 AM UTC 2021
cded, am in /root/msipdelta2
Pulling.
Already up to date.
Pulled
Ending... Fri Apr 30 05:50:03 AM UTC 2021
Starting... Fri Apr 30 06:50:02 AM UTC 2021
cded, am in /root/msipdelta2
Pulling.
Already up to date.
Pulled
Ending... Fri Apr 30 06:50:04 AM UTC 2021
Starting... Fri Apr 30 07:50:01 AM UTC 2021
cded, am in /root/msipdelta2
Pulling.
Already up to date.
Pulled
Ending... Fri Apr 30 07:50:03 AM UTC 2021
Starting... Fri Apr 30 08:50:01 AM UTC 2021
cded, am in /root/msipdelta2
Pulling.
Already up to date.
Pulled
Ending... Fri Apr 30 08:50:04 AM UTC 2021
Starting... Fri Apr 30 09:50:01 AM UTC 2021
cded, am in /root/msipdelta2
Pulling.
Already up to date.
Pulled
Ending... Fri Apr 30 09:50:04 AM UTC 2021
Starting... Fri Apr 30 10:50:01 AM UTC 2021
cded, am in /root/msipdelta2
Pulling.
Already up to date.
Pulled
Ending... Fri Apr 30 10:50:05 AM UTC 2021
Starting... Fri Apr 30 11:50:01 AM UTC 2021
cded, am in /root/msipdelta2
Pulling.
Already up to date.
Pulled
Ending... Fri Apr 30 11:50:03 AM UTC 2021
