Starting... Mon Apr 19 12:50:01 AM UTC 2021
cded, am in /root/msipdelta2
Pulling.
Already up to date.
Pulled
Ending... Mon Apr 19 12:50:03 AM UTC 2021
Starting... Mon Apr 19 01:50:01 AM UTC 2021
cded, am in /root/msipdelta2
Pulling.
Already up to date.
Pulled
Ending... Mon Apr 19 01:50:03 AM UTC 2021
Starting... Mon Apr 19 02:50:01 AM UTC 2021
cded, am in /root/msipdelta2
Pulling.
Already up to date.
Pulled
Ending... Mon Apr 19 02:50:03 AM UTC 2021
Starting... Mon Apr 19 03:50:01 AM UTC 2021
cded, am in /root/msipdelta2
Pulling.
Already up to date.
Pulled
Ending... Mon Apr 19 03:50:02 AM UTC 2021
Starting... Mon Apr 19 04:50:01 AM UTC 2021
cded, am in /root/msipdelta2
Pulling.
Already up to date.
Pulled
Ending... Mon Apr 19 04:50:04 AM UTC 2021
Starting... Mon Apr 19 05:50:01 AM UTC 2021
cded, am in /root/msipdelta2
Pulling.
Already up to date.
Pulled
Ending... Mon Apr 19 05:50:03 AM UTC 2021
Starting... Mon Apr 19 06:50:01 AM UTC 2021
cded, am in /root/msipdelta2
Pulling.
Already up to date.
Pulled
Ending... Mon Apr 19 06:50:03 AM UTC 2021
Starting... Mon Apr 19 07:50:01 AM UTC 2021
cded, am in /root/msipdelta2
Pulling.
Already up to date.
Pulled
Ending... Mon Apr 19 07:50:04 AM UTC 2021
Starting... Mon Apr 19 08:50:01 AM UTC 2021
cded, am in /root/msipdelta2
Pulling.
Already up to date.
Pulled
Ending... Mon Apr 19 08:50:03 AM UTC 2021
Starting... Mon Apr 19 09:50:01 AM UTC 2021
cded, am in /root/msipdelta2
Pulling.
Already up to date.
Pulled
Ending... Mon Apr 19 09:50:03 AM UTC 2021
Starting... Mon Apr 19 10:50:01 AM UTC 2021
cded, am in /root/msipdelta2
Pulling.
Already up to date.
Pulled
Ending... Mon Apr 19 10:50:03 AM UTC 2021
Starting... Mon Apr 19 11:50:01 AM UTC 2021
cded, am in /root/msipdelta2
Pulling.
Already up to date.
Pulled
Ending... Mon Apr 19 11:50:04 AM UTC 2021
Starting... Mon Apr 19 12:50:01 PM UTC 2021
cded, am in /root/msipdelta2
Pulling.
Already up to date.
Pulled
Ending... Mon Apr 19 12:50:04 PM UTC 2021
Starting... Mon Apr 19 01:50:01 PM UTC 2021
cded, am in /root/msipdelta2
Pulling.
Already up to date.
Pulled
Ending... Mon Apr 19 01:50:03 PM UTC 2021
Starting... Mon Apr 19 02:50:01 PM UTC 2021
cded, am in /root/msipdelta2
Pulling.
Already up to date.
Pulled
Ending... Mon Apr 19 02:50:03 PM UTC 2021
Starting... Mon Apr 19 03:50:01 PM UTC 2021
cded, am in /root/msipdelta2
Pulling.
Already up to date.
Pulled
Ending... Mon Apr 19 03:50:04 PM UTC 2021
Starting... Mon Apr 19 04:50:01 PM UTC 2021
cded, am in /root/msipdelta2
Pulling.
Already up to date.
Pulled
Ending... Mon Apr 19 04:50:03 PM UTC 2021
Starting... Mon Apr 19 05:50:01 PM UTC 2021
cded, am in /root/msipdelta2
Pulling.
Already up to date.
Pulled
Ending... Mon Apr 19 05:50:04 PM UTC 2021
Starting... Mon Apr 19 06:50:01 PM UTC 2021
cded, am in /root/msipdelta2
Pulling.
Already up to date.
Pulled
Ending... Mon Apr 19 06:50:03 PM UTC 2021
Starting... Mon Apr 19 07:50:01 PM UTC 2021
cded, am in /root/msipdelta2
Pulling.
Already up to date.
Pulled
Ending... Mon Apr 19 07:50:04 PM UTC 2021
Starting... Mon Apr 19 08:50:01 PM UTC 2021
cded, am in /root/msipdelta2
Pulling.
Already up to date.
Pulled
Ending... Mon Apr 19 08:50:04 PM UTC 2021
Starting... Mon Apr 19 09:50:01 PM UTC 2021
cded, am in /root/msipdelta2
Pulling.
Already up to date.
Pulled
Ending... Mon Apr 19 09:50:03 PM UTC 2021
Starting... Mon Apr 19 10:50:01 PM UTC 2021
cded, am in /root/msipdelta2
Pulling.
Already up to date.
Pulled
Ending... Mon Apr 19 10:50:04 PM UTC 2021
Starting... Mon Apr 19 11:50:01 PM UTC 2021
cded, am in /root/msipdelta2
Pulling.
Already up to date.
Pulled
Ending... Mon Apr 19 11:50:03 PM UTC 2021
