Starting... Wed Mar 17 12:50:01 AM UTC 2021
cded, am in /root/msipdelta2
Pulling.
Already up to date.
Pulled
Ending... Wed Mar 17 12:50:02 AM UTC 2021
Starting... Wed Mar 17 01:50:01 AM UTC 2021
cded, am in /root/msipdelta2
Pulling.
Already up to date.
Pulled
Ending... Wed Mar 17 01:50:03 AM UTC 2021
Starting... Wed Mar 17 02:50:01 AM UTC 2021
cded, am in /root/msipdelta2
Pulling.
Already up to date.
Pulled
Ending... Wed Mar 17 02:50:03 AM UTC 2021
Starting... Wed Mar 17 03:50:01 AM UTC 2021
cded, am in /root/msipdelta2
Pulling.
Already up to date.
Pulled
Ending... Wed Mar 17 03:50:03 AM UTC 2021
Starting... Wed Mar 17 04:50:01 AM UTC 2021
cded, am in /root/msipdelta2
Pulling.
Already up to date.
Pulled
Ending... Wed Mar 17 04:50:03 AM UTC 2021
Starting... Wed Mar 17 05:50:01 AM UTC 2021
cded, am in /root/msipdelta2
Pulling.
Already up to date.
Pulled
Ending... Wed Mar 17 05:50:03 AM UTC 2021
