Starting... Sat Mar 20 12:50:01 AM UTC 2021
cded, am in /root/msipdelta2
Pulling.
Already up to date.
Pulled
Ending... Sat Mar 20 12:50:02 AM UTC 2021
Starting... Sat Mar 20 01:50:01 AM UTC 2021
cded, am in /root/msipdelta2
Pulling.
Already up to date.
Pulled
Ending... Sat Mar 20 01:50:02 AM UTC 2021
Starting... Sat Mar 20 02:50:01 AM UTC 2021
cded, am in /root/msipdelta2
Pulling.
Already up to date.
Pulled
Ending... Sat Mar 20 02:50:03 AM UTC 2021
Starting... Sat Mar 20 03:50:01 AM UTC 2021
cded, am in /root/msipdelta2
Pulling.
Already up to date.
Pulled
Ending... Sat Mar 20 03:50:03 AM UTC 2021
Starting... Sat Mar 20 04:50:01 AM UTC 2021
cded, am in /root/msipdelta2
Pulling.
Already up to date.
Pulled
Ending... Sat Mar 20 04:50:03 AM UTC 2021
Starting... Sat Mar 20 05:50:01 AM UTC 2021
cded, am in /root/msipdelta2
Pulling.
Already up to date.
Pulled
Ending... Sat Mar 20 05:50:02 AM UTC 2021
Starting... Sat Mar 20 06:50:01 AM UTC 2021
cded, am in /root/msipdelta2
Pulling.
Already up to date.
Pulled
Ending... Sat Mar 20 06:50:02 AM UTC 2021
Starting... Sat Mar 20 07:50:01 AM UTC 2021
cded, am in /root/msipdelta2
Pulling.
Already up to date.
Pulled
Ending... Sat Mar 20 07:50:03 AM UTC 2021
Starting... Sat Mar 20 08:50:01 AM UTC 2021
cded, am in /root/msipdelta2
Pulling.
Already up to date.
Pulled
Ending... Sat Mar 20 08:50:02 AM UTC 2021
Starting... Sat Mar 20 09:50:01 AM UTC 2021
cded, am in /root/msipdelta2
Pulling.
Already up to date.
Pulled
Ending... Sat Mar 20 09:50:02 AM UTC 2021
Starting... Sat Mar 20 10:50:01 AM UTC 2021
cded, am in /root/msipdelta2
Pulling.
Already up to date.
Pulled
Ending... Sat Mar 20 10:50:03 AM UTC 2021
Starting... Sat Mar 20 11:50:01 AM UTC 2021
cded, am in /root/msipdelta2
Pulling.
Already up to date.
Pulled
Ending... Sat Mar 20 11:50:03 AM UTC 2021
Starting... Sat Mar 20 12:50:01 PM UTC 2021
cded, am in /root/msipdelta2
Pulling.
Already up to date.
Pulled
Ending... Sat Mar 20 12:50:02 PM UTC 2021
Starting... Sat Mar 20 01:50:01 PM UTC 2021
cded, am in /root/msipdelta2
Pulling.
Already up to date.
Pulled
Ending... Sat Mar 20 01:50:03 PM UTC 2021
Starting... Sat Mar 20 02:50:01 PM UTC 2021
cded, am in /root/msipdelta2
Pulling.
Already up to date.
Pulled
Ending... Sat Mar 20 02:50:03 PM UTC 2021
Starting... Sat Mar 20 03:50:01 PM UTC 2021
cded, am in /root/msipdelta2
Pulling.
Already up to date.
Pulled
Ending... Sat Mar 20 03:50:02 PM UTC 2021
Starting... Sat Mar 20 04:50:01 PM UTC 2021
cded, am in /root/msipdelta2
Pulling.
Already up to date.
Pulled
Ending... Sat Mar 20 04:50:03 PM UTC 2021
Starting... Sat Mar 20 05:50:01 PM UTC 2021
cded, am in /root/msipdelta2
Pulling.
Already up to date.
Pulled
Ending... Sat Mar 20 05:50:03 PM UTC 2021
Starting... Sat Mar 20 06:50:01 PM UTC 2021
cded, am in /root/msipdelta2
Pulling.
Already up to date.
Pulled
Ending... Sat Mar 20 06:50:03 PM UTC 2021
Starting... Sat Mar 20 07:50:01 PM UTC 2021
cded, am in /root/msipdelta2
Pulling.
Already up to date.
Pulled
Ending... Sat Mar 20 07:50:03 PM UTC 2021
Starting... Sat Mar 20 08:50:01 PM UTC 2021
cded, am in /root/msipdelta2
Pulling.
Already up to date.
Pulled
Ending... Sat Mar 20 08:50:03 PM UTC 2021
Starting... Sat Mar 20 09:50:01 PM UTC 2021
cded, am in /root/msipdelta2
Pulling.
Already up to date.
Pulled
Ending... Sat Mar 20 09:50:02 PM UTC 2021
Starting... Sat Mar 20 10:50:01 PM UTC 2021
cded, am in /root/msipdelta2
Pulling.
Already up to date.
Pulled
Ending... Sat Mar 20 10:50:03 PM UTC 2021
Starting... Sat Mar 20 11:50:01 PM UTC 2021
cded, am in /root/msipdelta2
Pulling.
Already up to date.
Pulled
Ending... Sat Mar 20 11:50:02 PM UTC 2021
