Starting... Tue Dec 15 12:50:01 AM UTC 2020
cded, am in /root/msipdelta2
Pulling.
Already up to date.
Pulled
Ending... Tue Dec 15 12:50:03 AM UTC 2020
Starting... Tue Dec 15 01:50:01 AM UTC 2020
cded, am in /root/msipdelta2
Pulling.
Already up to date.
Pulled
Ending... Tue Dec 15 01:50:03 AM UTC 2020
Starting... Tue Dec 15 02:50:01 AM UTC 2020
cded, am in /root/msipdelta2
Pulling.
Already up to date.
Pulled
Ending... Tue Dec 15 02:50:07 AM UTC 2020
Starting... Tue Dec 15 03:50:01 AM UTC 2020
cded, am in /root/msipdelta2
Pulling.
Already up to date.
Pulled
Ending... Tue Dec 15 03:50:03 AM UTC 2020
Starting... Tue Dec 15 04:50:01 AM UTC 2020
cded, am in /root/msipdelta2
Pulling.
Already up to date.
Pulled
Ending... Tue Dec 15 04:50:03 AM UTC 2020
Starting... Tue Dec 15 05:50:01 AM UTC 2020
cded, am in /root/msipdelta2
Pulling.
Already up to date.
Pulled
Ending... Tue Dec 15 05:50:02 AM UTC 2020
