Starting... Mon May  3 12:50:01 AM UTC 2021
cded, am in /root/msipdelta2
Pulling.
Already up to date.
Pulled
Ending... Mon May  3 12:50:03 AM UTC 2021
Starting... Mon May  3 01:50:01 AM UTC 2021
cded, am in /root/msipdelta2
Pulling.
Already up to date.
Pulled
Ending... Mon May  3 01:50:03 AM UTC 2021
Starting... Mon May  3 02:50:01 AM UTC 2021
cded, am in /root/msipdelta2
Pulling.
Already up to date.
Pulled
Ending... Mon May  3 02:50:03 AM UTC 2021
Starting... Mon May  3 03:50:01 AM UTC 2021
cded, am in /root/msipdelta2
Pulling.
Already up to date.
Pulled
Ending... Mon May  3 03:50:04 AM UTC 2021
Starting... Mon May  3 04:50:01 AM UTC 2021
cded, am in /root/msipdelta2
Pulling.
Already up to date.
Pulled
Ending... Mon May  3 04:50:03 AM UTC 2021
Starting... Mon May  3 05:50:01 AM UTC 2021
cded, am in /root/msipdelta2
Pulling.
Already up to date.
Pulled
Ending... Mon May  3 05:50:03 AM UTC 2021
Starting... Mon May  3 06:50:01 AM UTC 2021
cded, am in /root/msipdelta2
Pulling.
Already up to date.
Pulled
Ending... Mon May  3 06:50:04 AM UTC 2021
Starting... Mon May  3 07:50:01 AM UTC 2021
cded, am in /root/msipdelta2
Pulling.
Already up to date.
Pulled
Ending... Mon May  3 07:50:04 AM UTC 2021
Starting... Mon May  3 08:50:01 AM UTC 2021
cded, am in /root/msipdelta2
Pulling.
Already up to date.
Pulled
Ending... Mon May  3 08:50:03 AM UTC 2021
Starting... Mon May  3 09:50:01 AM UTC 2021
cded, am in /root/msipdelta2
Pulling.
Already up to date.
Pulled
Ending... Mon May  3 09:50:04 AM UTC 2021
Starting... Mon May  3 10:50:01 AM UTC 2021
cded, am in /root/msipdelta2
Pulling.
Already up to date.
Pulled
Ending... Mon May  3 10:50:04 AM UTC 2021
Starting... Mon May  3 11:50:01 AM UTC 2021
cded, am in /root/msipdelta2
Pulling.
Already up to date.
Pulled
Ending... Mon May  3 11:50:03 AM UTC 2021
