Starting... Thu Nov 26 12:50:01 AM UTC 2020
cded, am in /root/msipdelta2
Pulling.
Already up to date.
Pulled
Ending... Thu Nov 26 12:50:03 AM UTC 2020
Starting... Thu Nov 26 01:50:01 AM UTC 2020
cded, am in /root/msipdelta2
Pulling.
Already up to date.
Pulled
Ending... Thu Nov 26 01:50:02 AM UTC 2020
Starting... Thu Nov 26 02:50:01 AM UTC 2020
cded, am in /root/msipdelta2
Pulling.
Already up to date.
Pulled
Ending... Thu Nov 26 02:50:03 AM UTC 2020
Starting... Thu Nov 26 03:50:01 AM UTC 2020
cded, am in /root/msipdelta2
Pulling.
Already up to date.
Pulled
Ending... Thu Nov 26 03:50:03 AM UTC 2020
Starting... Thu Nov 26 04:50:01 AM UTC 2020
cded, am in /root/msipdelta2
Pulling.
Already up to date.
Pulled
Ending... Thu Nov 26 04:50:03 AM UTC 2020
Starting... Thu Nov 26 05:50:01 AM UTC 2020
cded, am in /root/msipdelta2
Pulling.
Already up to date.
Pulled
Ending... Thu Nov 26 05:50:02 AM UTC 2020
Starting... Thu Nov 26 06:50:01 AM UTC 2020
cded, am in /root/msipdelta2
Pulling.
Already up to date.
Pulled
Ending... Thu Nov 26 06:50:02 AM UTC 2020
Starting... Thu Nov 26 07:50:01 AM UTC 2020
cded, am in /root/msipdelta2
Pulling.
Already up to date.
Pulled
Ending... Thu Nov 26 07:50:04 AM UTC 2020
Starting... Thu Nov 26 08:50:01 AM UTC 2020
cded, am in /root/msipdelta2
Pulling.
Already up to date.
Pulled
Ending... Thu Nov 26 08:50:02 AM UTC 2020
Starting... Thu Nov 26 09:50:01 AM UTC 2020
cded, am in /root/msipdelta2
Pulling.
Already up to date.
Pulled
Ending... Thu Nov 26 09:50:03 AM UTC 2020
Starting... Thu Nov 26 10:50:01 AM UTC 2020
cded, am in /root/msipdelta2
Pulling.
Already up to date.
Pulled
Ending... Thu Nov 26 10:50:04 AM UTC 2020
Starting... Thu Nov 26 11:50:01 AM UTC 2020
cded, am in /root/msipdelta2
Pulling.
Already up to date.
Pulled
Ending... Thu Nov 26 11:50:02 AM UTC 2020
