Starting... Wed Dec 23 12:50:01 AM UTC 2020
cded, am in /root/msipdelta2
Pulling.
Already up to date.
Pulled
Ending... Wed Dec 23 12:50:03 AM UTC 2020
Starting... Wed Dec 23 01:50:01 AM UTC 2020
cded, am in /root/msipdelta2
Pulling.
Already up to date.
Pulled
Ending... Wed Dec 23 01:50:03 AM UTC 2020
Starting... Wed Dec 23 02:50:01 AM UTC 2020
cded, am in /root/msipdelta2
Pulling.
Already up to date.
Pulled
Ending... Wed Dec 23 02:50:02 AM UTC 2020
Starting... Wed Dec 23 03:50:01 AM UTC 2020
cded, am in /root/msipdelta2
Pulling.
Already up to date.
Pulled
Ending... Wed Dec 23 03:50:03 AM UTC 2020
Starting... Wed Dec 23 04:50:01 AM UTC 2020
cded, am in /root/msipdelta2
Pulling.
Already up to date.
Pulled
Ending... Wed Dec 23 04:50:03 AM UTC 2020
Starting... Wed Dec 23 05:50:01 AM UTC 2020
cded, am in /root/msipdelta2
Pulling.
Already up to date.
Pulled
Ending... Wed Dec 23 05:50:02 AM UTC 2020
