Starting... Tue Dec  1 12:50:01 AM UTC 2020
cded, am in /root/msipdelta2
Pulling.
Already up to date.
Pulled
Ending... Tue Dec  1 12:50:04 AM UTC 2020
Starting... Tue Dec  1 01:50:01 AM UTC 2020
cded, am in /root/msipdelta2
Pulling.
Already up to date.
Pulled
Ending... Tue Dec  1 01:50:03 AM UTC 2020
Starting... Tue Dec  1 02:50:01 AM UTC 2020
cded, am in /root/msipdelta2
Pulling.
Already up to date.
Pulled
Ending... Tue Dec  1 02:50:08 AM UTC 2020
Starting... Tue Dec  1 03:50:01 AM UTC 2020
cded, am in /root/msipdelta2
Pulling.
Already up to date.
Pulled
Ending... Tue Dec  1 03:50:02 AM UTC 2020
Starting... Tue Dec  1 04:50:01 AM UTC 2020
cded, am in /root/msipdelta2
Pulling.
Already up to date.
Pulled
Ending... Tue Dec  1 04:50:03 AM UTC 2020
Starting... Tue Dec  1 05:50:01 AM UTC 2020
cded, am in /root/msipdelta2
Pulling.
Bad Pull.
Ending... Tue Dec  1 05:50:19 AM UTC 2020
Starting... Tue Dec  1 06:50:01 AM UTC 2020
cded, am in /root/msipdelta2
Pulling.
Already up to date.
Pulled
Ending... Tue Dec  1 06:50:02 AM UTC 2020
Starting... Tue Dec  1 07:50:01 AM UTC 2020
cded, am in /root/msipdelta2
Pulling.
Already up to date.
Pulled
Ending... Tue Dec  1 07:50:02 AM UTC 2020
Starting... Tue Dec  1 08:50:01 AM UTC 2020
cded, am in /root/msipdelta2
Pulling.
Already up to date.
Pulled
Ending... Tue Dec  1 08:50:04 AM UTC 2020
Starting... Tue Dec  1 09:50:01 AM UTC 2020
cded, am in /root/msipdelta2
Pulling.
Already up to date.
Pulled
Ending... Tue Dec  1 09:50:03 AM UTC 2020
Starting... Tue Dec  1 10:50:01 AM UTC 2020
cded, am in /root/msipdelta2
Pulling.
Already up to date.
Pulled
Ending... Tue Dec  1 10:50:04 AM UTC 2020
Starting... Tue Dec  1 11:50:01 AM UTC 2020
cded, am in /root/msipdelta2
Pulling.
Already up to date.
Pulled
Ending... Tue Dec  1 11:50:03 AM UTC 2020
Starting... Tue Dec  1 12:50:01 PM UTC 2020
cded, am in /root/msipdelta2
Pulling.
Already up to date.
Pulled
Ending... Tue Dec  1 12:50:03 PM UTC 2020
Starting... Tue Dec  1 01:50:01 PM UTC 2020
cded, am in /root/msipdelta2
Pulling.
Already up to date.
Pulled
Ending... Tue Dec  1 01:50:03 PM UTC 2020
Starting... Tue Dec  1 02:50:01 PM UTC 2020
cded, am in /root/msipdelta2
Pulling.
Already up to date.
Pulled
Ending... Tue Dec  1 02:50:04 PM UTC 2020
Starting... Tue Dec  1 03:50:01 PM UTC 2020
cded, am in /root/msipdelta2
Pulling.
Already up to date.
Pulled
Ending... Tue Dec  1 03:50:03 PM UTC 2020
Starting... Tue Dec  1 05:50:01 PM UTC 2020
cded, am in /root/msipdelta2
Pulling.
Already up to date.
Pulled
Ending... Tue Dec  1 05:50:04 PM UTC 2020
