Starting... Fri Dec 18 12:50:01 AM UTC 2020
cded, am in /root/msipdelta2
Pulling.
Already up to date.
Pulled
Ending... Fri Dec 18 12:50:04 AM UTC 2020
Starting... Fri Dec 18 01:50:01 AM UTC 2020
cded, am in /root/msipdelta2
Pulling.
Already up to date.
Pulled
Ending... Fri Dec 18 01:50:02 AM UTC 2020
Starting... Fri Dec 18 02:50:01 AM UTC 2020
cded, am in /root/msipdelta2
Pulling.
Already up to date.
Pulled
Ending... Fri Dec 18 02:50:02 AM UTC 2020
Starting... Fri Dec 18 03:50:01 AM UTC 2020
cded, am in /root/msipdelta2
Pulling.
Already up to date.
Pulled
Ending... Fri Dec 18 03:50:04 AM UTC 2020
Starting... Fri Dec 18 04:50:01 AM UTC 2020
cded, am in /root/msipdelta2
Pulling.
Already up to date.
Pulled
Ending... Fri Dec 18 04:50:01 AM UTC 2020
Starting... Fri Dec 18 05:50:01 AM UTC 2020
cded, am in /root/msipdelta2
Pulling.
Already up to date.
Pulled
Ending... Fri Dec 18 05:50:03 AM UTC 2020
Starting... Fri Dec 18 06:50:01 AM UTC 2020
cded, am in /root/msipdelta2
Pulling.
Already up to date.
Pulled
Ending... Fri Dec 18 06:50:03 AM UTC 2020
Starting... Fri Dec 18 07:50:01 AM UTC 2020
cded, am in /root/msipdelta2
Pulling.
Already up to date.
Pulled
Ending... Fri Dec 18 07:50:04 AM UTC 2020
Starting... Fri Dec 18 08:50:01 AM UTC 2020
cded, am in /root/msipdelta2
Pulling.
Already up to date.
Pulled
Ending... Fri Dec 18 08:50:03 AM UTC 2020
Starting... Fri Dec 18 09:50:01 AM UTC 2020
cded, am in /root/msipdelta2
Pulling.
Already up to date.
Pulled
Ending... Fri Dec 18 09:50:03 AM UTC 2020
Starting... Fri Dec 18 10:50:01 AM UTC 2020
cded, am in /root/msipdelta2
Pulling.
Already up to date.
Pulled
Ending... Fri Dec 18 10:50:02 AM UTC 2020
Starting... Fri Dec 18 11:50:01 AM UTC 2020
cded, am in /root/msipdelta2
Pulling.
Already up to date.
Pulled
Ending... Fri Dec 18 11:50:03 AM UTC 2020
Starting... Fri Dec 18 12:50:01 PM UTC 2020
cded, am in /root/msipdelta2
Pulling.
Already up to date.
Pulled
Ending... Fri Dec 18 12:50:04 PM UTC 2020
Starting... Fri Dec 18 01:50:01 PM UTC 2020
cded, am in /root/msipdelta2
Pulling.
Already up to date.
Pulled
Ending... Fri Dec 18 01:50:02 PM UTC 2020
Starting... Fri Dec 18 02:50:01 PM UTC 2020
cded, am in /root/msipdelta2
Pulling.
Already up to date.
Pulled
Ending... Fri Dec 18 02:50:03 PM UTC 2020
Starting... Fri Dec 18 03:50:01 PM UTC 2020
cded, am in /root/msipdelta2
Pulling.
Already up to date.
Pulled
Ending... Fri Dec 18 03:50:04 PM UTC 2020
Starting... Fri Dec 18 04:50:01 PM UTC 2020
cded, am in /root/msipdelta2
Pulling.
Already up to date.
Pulled
Ending... Fri Dec 18 04:50:03 PM UTC 2020
Starting... Fri Dec 18 05:50:01 PM UTC 2020
cded, am in /root/msipdelta2
Pulling.
Already up to date.
Pulled
Ending... Fri Dec 18 05:50:02 PM UTC 2020
Starting... Fri Dec 18 06:50:01 PM UTC 2020
cded, am in /root/msipdelta2
Pulling.
Already up to date.
Pulled
Ending... Fri Dec 18 06:50:03 PM UTC 2020
Starting... Fri Dec 18 07:50:01 PM UTC 2020
cded, am in /root/msipdelta2
Pulling.
Already up to date.
Pulled
Ending... Fri Dec 18 07:50:02 PM UTC 2020
Starting... Fri Dec 18 08:50:01 PM UTC 2020
cded, am in /root/msipdelta2
Pulling.
Already up to date.
Pulled
Ending... Fri Dec 18 08:50:03 PM UTC 2020
Starting... Fri Dec 18 09:50:01 PM UTC 2020
cded, am in /root/msipdelta2
Pulling.
Already up to date.
Pulled
Ending... Fri Dec 18 09:50:02 PM UTC 2020
Starting... Fri Dec 18 10:50:01 PM UTC 2020
cded, am in /root/msipdelta2
Pulling.
Already up to date.
Pulled
Ending... Fri Dec 18 10:50:03 PM UTC 2020
Starting... Fri Dec 18 11:50:01 PM UTC 2020
cded, am in /root/msipdelta2
Pulling.
Already up to date.
Pulled
Ending... Fri Dec 18 11:50:03 PM UTC 2020
