Starting... Tue Apr 13 12:50:01 AM UTC 2021
cded, am in /root/msipdelta2
Pulling.
Already up to date.
Pulled
Ending... Tue Apr 13 12:50:03 AM UTC 2021
Starting... Tue Apr 13 01:50:01 AM UTC 2021
cded, am in /root/msipdelta2
Pulling.
Already up to date.
Pulled
Ending... Tue Apr 13 01:50:03 AM UTC 2021
Starting... Tue Apr 13 02:50:01 AM UTC 2021
cded, am in /root/msipdelta2
Pulling.
Already up to date.
Pulled
Ending... Tue Apr 13 02:50:04 AM UTC 2021
Starting... Tue Apr 13 03:50:01 AM UTC 2021
cded, am in /root/msipdelta2
Pulling.
Already up to date.
Pulled
Ending... Tue Apr 13 03:50:03 AM UTC 2021
Starting... Tue Apr 13 04:50:01 AM UTC 2021
cded, am in /root/msipdelta2
Pulling.
Already up to date.
Pulled
Ending... Tue Apr 13 04:50:03 AM UTC 2021
Starting... Tue Apr 13 05:50:01 AM UTC 2021
cded, am in /root/msipdelta2
Pulling.
Already up to date.
Pulled
Ending... Tue Apr 13 05:50:03 AM UTC 2021
Starting... Tue Apr 13 06:50:01 AM UTC 2021
cded, am in /root/msipdelta2
Pulling.
Already up to date.
Pulled
Ending... Tue Apr 13 06:50:04 AM UTC 2021
Starting... Tue Apr 13 07:50:01 AM UTC 2021
cded, am in /root/msipdelta2
Pulling.
Already up to date.
Pulled
Ending... Tue Apr 13 07:50:03 AM UTC 2021
Starting... Tue Apr 13 08:50:01 AM UTC 2021
cded, am in /root/msipdelta2
Pulling.
Already up to date.
Pulled
Ending... Tue Apr 13 08:50:04 AM UTC 2021
Starting... Tue Apr 13 09:50:01 AM UTC 2021
cded, am in /root/msipdelta2
Pulling.
Already up to date.
Pulled
Ending... Tue Apr 13 09:50:03 AM UTC 2021
Starting... Tue Apr 13 10:50:01 AM UTC 2021
cded, am in /root/msipdelta2
Pulling.
Already up to date.
Pulled
Ending... Tue Apr 13 10:50:02 AM UTC 2021
Starting... Tue Apr 13 11:50:01 AM UTC 2021
cded, am in /root/msipdelta2
Pulling.
Already up to date.
Pulled
Ending... Tue Apr 13 11:50:04 AM UTC 2021
Starting... Tue Apr 13 12:50:01 PM UTC 2021
cded, am in /root/msipdelta2
Pulling.
Already up to date.
Pulled
Ending... Tue Apr 13 12:50:03 PM UTC 2021
Starting... Tue Apr 13 01:50:01 PM UTC 2021
cded, am in /root/msipdelta2
Pulling.
Already up to date.
Pulled
Ending... Tue Apr 13 01:50:03 PM UTC 2021
Starting... Tue Apr 13 02:50:01 PM UTC 2021
cded, am in /root/msipdelta2
Pulling.
Already up to date.
Pulled
Ending... Tue Apr 13 02:50:05 PM UTC 2021
Starting... Tue Apr 13 03:50:01 PM UTC 2021
cded, am in /root/msipdelta2
Pulling.
Already up to date.
Pulled
Ending... Tue Apr 13 03:50:03 PM UTC 2021
Starting... Tue Apr 13 04:50:01 PM UTC 2021
cded, am in /root/msipdelta2
Pulling.
Already up to date.
Pulled
Ending... Tue Apr 13 04:50:03 PM UTC 2021
Starting... Tue Apr 13 05:50:01 PM UTC 2021
cded, am in /root/msipdelta2
Pulling.
Already up to date.
Pulled
Ending... Tue Apr 13 05:50:04 PM UTC 2021
Starting... Tue Apr 13 06:50:01 PM UTC 2021
cded, am in /root/msipdelta2
Pulling.
Already up to date.
Pulled
Ending... Tue Apr 13 06:50:03 PM UTC 2021
Starting... Tue Apr 13 07:50:01 PM UTC 2021
cded, am in /root/msipdelta2
Pulling.
Already up to date.
Pulled
Ending... Tue Apr 13 07:50:02 PM UTC 2021
Starting... Tue Apr 13 08:50:01 PM UTC 2021
cded, am in /root/msipdelta2
Pulling.
Already up to date.
Pulled
Ending... Tue Apr 13 08:50:03 PM UTC 2021
Starting... Tue Apr 13 09:50:01 PM UTC 2021
cded, am in /root/msipdelta2
Pulling.
Already up to date.
Pulled
Ending... Tue Apr 13 09:50:03 PM UTC 2021
Starting... Tue Apr 13 10:50:01 PM UTC 2021
cded, am in /root/msipdelta2
Pulling.
Already up to date.
Pulled
Ending... Tue Apr 13 10:50:02 PM UTC 2021
Starting... Tue Apr 13 11:50:01 PM UTC 2021
cded, am in /root/msipdelta2
Pulling.
Already up to date.
Pulled
Ending... Tue Apr 13 11:50:03 PM UTC 2021
