Starting... Tue Jul 13 06:50:01 PM UTC 2021
cded, am in /root/msipdelta2
Pulling.
Already up to date.
Pulled
Ending... Tue Jul 13 06:50:03 PM UTC 2021
Starting... Tue Jul 13 07:50:01 PM UTC 2021
cded, am in /root/msipdelta2
Pulling.
Already up to date.
Pulled
Ending... Tue Jul 13 07:50:02 PM UTC 2021
Starting... Tue Jul 13 08:50:01 PM UTC 2021
cded, am in /root/msipdelta2
Pulling.
Already up to date.
Pulled
Ending... Tue Jul 13 08:50:02 PM UTC 2021
Starting... Tue Jul 13 09:50:01 PM UTC 2021
cded, am in /root/msipdelta2
Pulling.
Already up to date.
Pulled
Ending... Tue Jul 13 09:50:02 PM UTC 2021
Starting... Tue Jul 13 10:50:01 PM UTC 2021
cded, am in /root/msipdelta2
Pulling.
Already up to date.
Pulled
Ending... Tue Jul 13 10:50:02 PM UTC 2021
Starting... Tue Jul 13 11:50:01 PM UTC 2021
cded, am in /root/msipdelta2
Pulling.
Already up to date.
Pulled
Ending... Tue Jul 13 11:50:02 PM UTC 2021
