Starting... Sun Mar  7 12:50:01 AM UTC 2021
cded, am in /root/msipdelta2
Pulling.
Already up to date.
Pulled
Ending... Sun Mar  7 12:50:03 AM UTC 2021
Starting... Sun Mar  7 01:50:01 AM UTC 2021
cded, am in /root/msipdelta2
Pulling.
Already up to date.
Pulled
Ending... Sun Mar  7 01:50:03 AM UTC 2021
Starting... Sun Mar  7 02:50:01 AM UTC 2021
cded, am in /root/msipdelta2
Pulling.
Already up to date.
Pulled
Ending... Sun Mar  7 02:50:03 AM UTC 2021
Starting... Sun Mar  7 03:50:01 AM UTC 2021
cded, am in /root/msipdelta2
Pulling.
Already up to date.
Pulled
Ending... Sun Mar  7 03:50:02 AM UTC 2021
Starting... Sun Mar  7 04:50:01 AM UTC 2021
cded, am in /root/msipdelta2
Pulling.
Already up to date.
Pulled
Ending... Sun Mar  7 04:50:03 AM UTC 2021
Starting... Sun Mar  7 05:50:01 AM UTC 2021
cded, am in /root/msipdelta2
Pulling.
Already up to date.
Pulled
Ending... Sun Mar  7 05:50:02 AM UTC 2021
Starting... Sun Mar  7 06:50:01 AM UTC 2021
cded, am in /root/msipdelta2
Pulling.
Already up to date.
Pulled
Ending... Sun Mar  7 06:50:02 AM UTC 2021
Starting... Sun Mar  7 07:50:01 AM UTC 2021
cded, am in /root/msipdelta2
Pulling.
Already up to date.
Pulled
Ending... Sun Mar  7 07:50:02 AM UTC 2021
Starting... Sun Mar  7 08:50:01 AM UTC 2021
cded, am in /root/msipdelta2
Pulling.
Already up to date.
Pulled
Ending... Sun Mar  7 08:50:03 AM UTC 2021
Starting... Sun Mar  7 09:50:01 AM UTC 2021
cded, am in /root/msipdelta2
Pulling.
Already up to date.
Pulled
Ending... Sun Mar  7 09:50:02 AM UTC 2021
Starting... Sun Mar  7 10:50:01 AM UTC 2021
cded, am in /root/msipdelta2
Pulling.
Already up to date.
Pulled
Ending... Sun Mar  7 10:50:02 AM UTC 2021
Starting... Sun Mar  7 11:50:01 AM UTC 2021
cded, am in /root/msipdelta2
Pulling.
Already up to date.
Pulled
Ending... Sun Mar  7 11:50:02 AM UTC 2021
Starting... Sun Mar  7 12:50:01 PM UTC 2021
cded, am in /root/msipdelta2
Pulling.
Already up to date.
Pulled
Ending... Sun Mar  7 12:50:02 PM UTC 2021
Starting... Sun Mar  7 01:50:01 PM UTC 2021
cded, am in /root/msipdelta2
Pulling.
Already up to date.
Pulled
Ending... Sun Mar  7 01:50:02 PM UTC 2021
Starting... Sun Mar  7 02:50:01 PM UTC 2021
cded, am in /root/msipdelta2
Pulling.
Already up to date.
Pulled
Ending... Sun Mar  7 02:50:02 PM UTC 2021
Starting... Sun Mar  7 03:50:01 PM UTC 2021
cded, am in /root/msipdelta2
Pulling.
Already up to date.
Pulled
Ending... Sun Mar  7 03:50:03 PM UTC 2021
Starting... Sun Mar  7 04:50:01 PM UTC 2021
cded, am in /root/msipdelta2
Pulling.
Already up to date.
Pulled
Ending... Sun Mar  7 04:50:02 PM UTC 2021
Starting... Sun Mar  7 05:50:01 PM UTC 2021
cded, am in /root/msipdelta2
Pulling.
Already up to date.
Pulled
Ending... Sun Mar  7 05:50:02 PM UTC 2021
Starting... Sun Mar  7 06:50:01 PM UTC 2021
cded, am in /root/msipdelta2
Pulling.
Already up to date.
Pulled
Ending... Sun Mar  7 06:50:02 PM UTC 2021
Starting... Sun Mar  7 07:50:01 PM UTC 2021
cded, am in /root/msipdelta2
Pulling.
Already up to date.
Pulled
Ending... Sun Mar  7 07:50:02 PM UTC 2021
Starting... Sun Mar  7 08:50:01 PM UTC 2021
cded, am in /root/msipdelta2
Pulling.
Already up to date.
Pulled
Ending... Sun Mar  7 08:50:02 PM UTC 2021
Starting... Sun Mar  7 09:50:01 PM UTC 2021
cded, am in /root/msipdelta2
Pulling.
Already up to date.
Pulled
Ending... Sun Mar  7 09:50:03 PM UTC 2021
Starting... Sun Mar  7 10:50:01 PM UTC 2021
cded, am in /root/msipdelta2
Pulling.
Already up to date.
Pulled
Ending... Sun Mar  7 10:50:02 PM UTC 2021
Starting... Sun Mar  7 11:50:01 PM UTC 2021
cded, am in /root/msipdelta2
Pulling.
Already up to date.
Pulled
Ending... Sun Mar  7 11:50:02 PM UTC 2021
