Starting... Mon Nov 23 12:50:01 AM UTC 2020
cded, am in /root/msipdelta2
Pulling.
Already up to date.
Pulled
Ending... Mon Nov 23 12:50:03 AM UTC 2020
Starting... Mon Nov 23 01:50:01 AM UTC 2020
cded, am in /root/msipdelta2
Pulling.
Already up to date.
Pulled
Ending... Mon Nov 23 01:50:02 AM UTC 2020
Starting... Mon Nov 23 02:50:01 AM UTC 2020
cded, am in /root/msipdelta2
Pulling.
Already up to date.
Pulled
Ending... Mon Nov 23 02:50:05 AM UTC 2020
Starting... Mon Nov 23 03:50:01 AM UTC 2020
cded, am in /root/msipdelta2
Pulling.
Already up to date.
Pulled
Ending... Mon Nov 23 03:50:01 AM UTC 2020
Starting... Mon Nov 23 04:50:01 AM UTC 2020
cded, am in /root/msipdelta2
Pulling.
Already up to date.
Pulled
Ending... Mon Nov 23 04:50:02 AM UTC 2020
Starting... Mon Nov 23 05:50:01 AM UTC 2020
cded, am in /root/msipdelta2
Pulling.
Already up to date.
Pulled
Ending... Mon Nov 23 05:50:01 AM UTC 2020
