Starting... Mon Jan 11 12:50:01 AM UTC 2021
cded, am in /root/msipdelta2
Pulling.
Already up to date.
Pulled
Ending... Mon Jan 11 12:50:03 AM UTC 2021
Starting... Mon Jan 11 01:50:01 AM UTC 2021
cded, am in /root/msipdelta2
Pulling.
Already up to date.
Pulled
Ending... Mon Jan 11 01:50:04 AM UTC 2021
Starting... Mon Jan 11 02:50:01 AM UTC 2021
cded, am in /root/msipdelta2
Pulling.
Already up to date.
Pulled
Ending... Mon Jan 11 02:50:04 AM UTC 2021
Starting... Mon Jan 11 03:50:01 AM UTC 2021
cded, am in /root/msipdelta2
Pulling.
Already up to date.
Pulled
Ending... Mon Jan 11 03:50:02 AM UTC 2021
Starting... Mon Jan 11 04:50:01 AM UTC 2021
cded, am in /root/msipdelta2
Pulling.
Already up to date.
Pulled
Ending... Mon Jan 11 04:50:02 AM UTC 2021
Starting... Mon Jan 11 05:50:01 AM UTC 2021
cded, am in /root/msipdelta2
Pulling.
Already up to date.
Pulled
Ending... Mon Jan 11 05:50:03 AM UTC 2021
