Starting... Sat Jan  9 12:50:01 AM UTC 2021
cded, am in /root/msipdelta2
Pulling.
Already up to date.
Pulled
Ending... Sat Jan  9 12:50:03 AM UTC 2021
Starting... Sat Jan  9 01:50:01 AM UTC 2021
cded, am in /root/msipdelta2
Pulling.
Already up to date.
Pulled
Ending... Sat Jan  9 01:50:03 AM UTC 2021
Starting... Sat Jan  9 02:50:01 AM UTC 2021
cded, am in /root/msipdelta2
Pulling.
Already up to date.
Pulled
Ending... Sat Jan  9 02:50:02 AM UTC 2021
Starting... Sat Jan  9 03:50:01 AM UTC 2021
cded, am in /root/msipdelta2
Pulling.
Already up to date.
Pulled
Ending... Sat Jan  9 03:50:03 AM UTC 2021
Starting... Sat Jan  9 04:50:01 AM UTC 2021
cded, am in /root/msipdelta2
Pulling.
Already up to date.
Pulled
Ending... Sat Jan  9 04:50:02 AM UTC 2021
Starting... Sat Jan  9 05:50:01 AM UTC 2021
cded, am in /root/msipdelta2
Pulling.
Already up to date.
Pulled
Ending... Sat Jan  9 05:50:02 AM UTC 2021
Starting... Sat Jan  9 06:50:01 AM UTC 2021
cded, am in /root/msipdelta2
Pulling.
Already up to date.
Pulled
Ending... Sat Jan  9 06:50:03 AM UTC 2021
Starting... Sat Jan  9 07:50:01 AM UTC 2021
cded, am in /root/msipdelta2
Pulling.
Already up to date.
Pulled
Ending... Sat Jan  9 07:50:03 AM UTC 2021
Starting... Sat Jan  9 08:50:01 AM UTC 2021
cded, am in /root/msipdelta2
Pulling.
Already up to date.
Pulled
Ending... Sat Jan  9 08:50:03 AM UTC 2021
Starting... Sat Jan  9 09:50:01 AM UTC 2021
cded, am in /root/msipdelta2
Pulling.
Already up to date.
Pulled
Ending... Sat Jan  9 09:50:03 AM UTC 2021
Starting... Sat Jan  9 10:50:01 AM UTC 2021
cded, am in /root/msipdelta2
Pulling.
Already up to date.
Pulled
Ending... Sat Jan  9 10:50:04 AM UTC 2021
Starting... Sat Jan  9 11:50:01 AM UTC 2021
cded, am in /root/msipdelta2
Pulling.
Already up to date.
Pulled
Ending... Sat Jan  9 11:50:02 AM UTC 2021
Starting... Sat Jan  9 12:50:01 PM UTC 2021
cded, am in /root/msipdelta2
Pulling.
Already up to date.
Pulled
Ending... Sat Jan  9 12:50:02 PM UTC 2021
Starting... Sat Jan  9 01:50:01 PM UTC 2021
cded, am in /root/msipdelta2
Pulling.
Already up to date.
Pulled
Ending... Sat Jan  9 01:50:04 PM UTC 2021
Starting... Sat Jan  9 02:50:01 PM UTC 2021
cded, am in /root/msipdelta2
Pulling.
Already up to date.
Pulled
Ending... Sat Jan  9 02:50:02 PM UTC 2021
Starting... Sat Jan  9 03:50:01 PM UTC 2021
cded, am in /root/msipdelta2
Pulling.
Already up to date.
Pulled
Ending... Sat Jan  9 03:50:03 PM UTC 2021
Starting... Sat Jan  9 04:50:01 PM UTC 2021
cded, am in /root/msipdelta2
Pulling.
Already up to date.
Pulled
Ending... Sat Jan  9 04:50:03 PM UTC 2021
Starting... Sat Jan  9 05:50:01 PM UTC 2021
cded, am in /root/msipdelta2
Pulling.
Already up to date.
Pulled
Ending... Sat Jan  9 05:50:03 PM UTC 2021
