Starting... Tue Jan 19 12:50:01 AM UTC 2021
cded, am in /root/msipdelta2
Pulling.
Already up to date.
Pulled
Ending... Tue Jan 19 12:50:04 AM UTC 2021
Starting... Tue Jan 19 01:50:01 AM UTC 2021
cded, am in /root/msipdelta2
Pulling.
Already up to date.
Pulled
Ending... Tue Jan 19 01:50:03 AM UTC 2021
Starting... Tue Jan 19 02:50:01 AM UTC 2021
cded, am in /root/msipdelta2
Pulling.
Already up to date.
Pulled
Ending... Tue Jan 19 02:50:04 AM UTC 2021
Starting... Tue Jan 19 03:50:01 AM UTC 2021
cded, am in /root/msipdelta2
Pulling.
Already up to date.
Pulled
Ending... Tue Jan 19 03:50:03 AM UTC 2021
Starting... Tue Jan 19 04:50:01 AM UTC 2021
cded, am in /root/msipdelta2
Pulling.
Already up to date.
Pulled
Ending... Tue Jan 19 04:50:03 AM UTC 2021
Starting... Tue Jan 19 05:50:01 AM UTC 2021
cded, am in /root/msipdelta2
Pulling.
Already up to date.
Pulled
Ending... Tue Jan 19 05:50:03 AM UTC 2021
Starting... Tue Jan 19 06:50:01 AM UTC 2021
cded, am in /root/msipdelta2
Pulling.
Already up to date.
Pulled
Ending... Tue Jan 19 06:50:04 AM UTC 2021
Starting... Tue Jan 19 07:50:01 AM UTC 2021
cded, am in /root/msipdelta2
Pulling.
Already up to date.
Pulled
Ending... Tue Jan 19 07:50:05 AM UTC 2021
Starting... Tue Jan 19 08:50:01 AM UTC 2021
cded, am in /root/msipdelta2
Pulling.
Already up to date.
Pulled
Ending... Tue Jan 19 08:50:04 AM UTC 2021
Starting... Tue Jan 19 09:50:01 AM UTC 2021
cded, am in /root/msipdelta2
Pulling.
Already up to date.
Pulled
Ending... Tue Jan 19 09:50:05 AM UTC 2021
Starting... Tue Jan 19 10:50:01 AM UTC 2021
cded, am in /root/msipdelta2
Pulling.
Already up to date.
Pulled
Ending... Tue Jan 19 10:50:04 AM UTC 2021
Starting... Tue Jan 19 11:50:01 AM UTC 2021
cded, am in /root/msipdelta2
Pulling.
Already up to date.
Pulled
Ending... Tue Jan 19 11:50:04 AM UTC 2021
