Starting... Sun Nov 22 12:50:01 AM UTC 2020
cded, am in /root/msipdelta2
Pulling.
Already up to date.
Pulled
Ending... Sun Nov 22 12:50:01 AM UTC 2020
Starting... Sun Nov 22 01:50:01 AM UTC 2020
cded, am in /root/msipdelta2
Pulling.
Already up to date.
Pulled
Ending... Sun Nov 22 01:50:02 AM UTC 2020
Starting... Sun Nov 22 02:50:01 AM UTC 2020
cded, am in /root/msipdelta2
Pulling.
Already up to date.
Pulled
Ending... Sun Nov 22 02:50:03 AM UTC 2020
Starting... Sun Nov 22 03:50:01 AM UTC 2020
cded, am in /root/msipdelta2
Pulling.
Already up to date.
Pulled
Ending... Sun Nov 22 03:50:02 AM UTC 2020
Starting... Sun Nov 22 04:50:01 AM UTC 2020
cded, am in /root/msipdelta2
Pulling.
Already up to date.
Pulled
Ending... Sun Nov 22 04:50:02 AM UTC 2020
Starting... Sun Nov 22 05:50:01 AM UTC 2020
cded, am in /root/msipdelta2
Pulling.
Already up to date.
Pulled
Ending... Sun Nov 22 05:50:04 AM UTC 2020
Starting... Sun Nov 22 06:50:01 AM UTC 2020
cded, am in /root/msipdelta2
Pulling.
Already up to date.
Pulled
Ending... Sun Nov 22 06:50:03 AM UTC 2020
Starting... Sun Nov 22 07:50:01 AM UTC 2020
cded, am in /root/msipdelta2
Pulling.
Already up to date.
Pulled
Ending... Sun Nov 22 07:50:02 AM UTC 2020
Starting... Sun Nov 22 08:50:01 AM UTC 2020
cded, am in /root/msipdelta2
Pulling.
Already up to date.
Pulled
Ending... Sun Nov 22 08:50:03 AM UTC 2020
Starting... Sun Nov 22 09:50:01 AM UTC 2020
cded, am in /root/msipdelta2
Pulling.
Already up to date.
Pulled
Ending... Sun Nov 22 09:50:02 AM UTC 2020
Starting... Sun Nov 22 10:50:01 AM UTC 2020
cded, am in /root/msipdelta2
Pulling.
Already up to date.
Pulled
Ending... Sun Nov 22 10:50:02 AM UTC 2020
Starting... Sun Nov 22 11:50:01 AM UTC 2020
cded, am in /root/msipdelta2
Pulling.
Already up to date.
Pulled
Ending... Sun Nov 22 11:50:02 AM UTC 2020
Starting... Sun Nov 22 12:50:01 PM UTC 2020
cded, am in /root/msipdelta2
Pulling.
Already up to date.
Pulled
Ending... Sun Nov 22 12:50:02 PM UTC 2020
Starting... Sun Nov 22 01:50:01 PM UTC 2020
cded, am in /root/msipdelta2
Pulling.
Already up to date.
Pulled
Ending... Sun Nov 22 01:50:08 PM UTC 2020
Starting... Sun Nov 22 02:50:01 PM UTC 2020
cded, am in /root/msipdelta2
Pulling.
Already up to date.
Pulled
Ending... Sun Nov 22 02:50:01 PM UTC 2020
Starting... Sun Nov 22 03:50:01 PM UTC 2020
cded, am in /root/msipdelta2
Pulling.
Already up to date.
Pulled
Ending... Sun Nov 22 03:50:03 PM UTC 2020
Starting... Sun Nov 22 04:50:01 PM UTC 2020
cded, am in /root/msipdelta2
Pulling.
Already up to date.
Pulled
Ending... Sun Nov 22 04:50:02 PM UTC 2020
Starting... Sun Nov 22 05:50:01 PM UTC 2020
cded, am in /root/msipdelta2
Pulling.
Already up to date.
Pulled
Ending... Sun Nov 22 05:50:03 PM UTC 2020
Starting... Sun Nov 22 06:50:01 PM UTC 2020
cded, am in /root/msipdelta2
Pulling.
Already up to date.
Pulled
Ending... Sun Nov 22 06:50:06 PM UTC 2020
Starting... Sun Nov 22 07:50:01 PM UTC 2020
cded, am in /root/msipdelta2
Pulling.
Already up to date.
Pulled
Ending... Sun Nov 22 07:50:03 PM UTC 2020
Starting... Sun Nov 22 08:50:01 PM UTC 2020
cded, am in /root/msipdelta2
Pulling.
Already up to date.
Pulled
Ending... Sun Nov 22 08:50:02 PM UTC 2020
Starting... Sun Nov 22 09:50:01 PM UTC 2020
cded, am in /root/msipdelta2
Pulling.
Already up to date.
Pulled
Ending... Sun Nov 22 09:50:02 PM UTC 2020
Starting... Sun Nov 22 10:50:01 PM UTC 2020
cded, am in /root/msipdelta2
Pulling.
Already up to date.
Pulled
Ending... Sun Nov 22 10:50:02 PM UTC 2020
Starting... Sun Nov 22 11:50:01 PM UTC 2020
cded, am in /root/msipdelta2
Pulling.
Already up to date.
Pulled
Ending... Sun Nov 22 11:50:02 PM UTC 2020
