Starting... Wed Nov 25 12:50:01 AM UTC 2020
cded, am in /root/msipdelta2
Pulling.
Already up to date.
Pulled
Ending... Wed Nov 25 12:50:02 AM UTC 2020
Starting... Wed Nov 25 01:50:01 AM UTC 2020
cded, am in /root/msipdelta2
Pulling.
Already up to date.
Pulled
Ending... Wed Nov 25 01:50:03 AM UTC 2020
Starting... Wed Nov 25 02:50:01 AM UTC 2020
cded, am in /root/msipdelta2
Pulling.
Already up to date.
Pulled
Ending... Wed Nov 25 02:50:07 AM UTC 2020
Starting... Wed Nov 25 03:50:01 AM UTC 2020
cded, am in /root/msipdelta2
Pulling.
Already up to date.
Pulled
Ending... Wed Nov 25 03:50:03 AM UTC 2020
Starting... Wed Nov 25 04:50:01 AM UTC 2020
cded, am in /root/msipdelta2
Pulling.
Already up to date.
Pulled
Ending... Wed Nov 25 04:50:08 AM UTC 2020
Starting... Wed Nov 25 05:50:01 AM UTC 2020
cded, am in /root/msipdelta2
Pulling.
Already up to date.
Pulled
Ending... Wed Nov 25 05:50:02 AM UTC 2020
Starting... Wed Nov 25 06:50:01 AM UTC 2020
cded, am in /root/msipdelta2
Pulling.
Already up to date.
Pulled
Ending... Wed Nov 25 06:50:02 AM UTC 2020
Starting... Wed Nov 25 07:50:01 AM UTC 2020
cded, am in /root/msipdelta2
Pulling.
Already up to date.
Pulled
Ending... Wed Nov 25 07:50:02 AM UTC 2020
Starting... Wed Nov 25 08:50:01 AM UTC 2020
cded, am in /root/msipdelta2
Pulling.
Already up to date.
Pulled
Ending... Wed Nov 25 08:50:02 AM UTC 2020
Starting... Wed Nov 25 09:50:01 AM UTC 2020
cded, am in /root/msipdelta2
Pulling.
Already up to date.
Pulled
Ending... Wed Nov 25 09:50:03 AM UTC 2020
Starting... Wed Nov 25 10:50:01 AM UTC 2020
cded, am in /root/msipdelta2
Pulling.
Already up to date.
Pulled
Ending... Wed Nov 25 10:50:03 AM UTC 2020
Starting... Wed Nov 25 11:50:01 AM UTC 2020
cded, am in /root/msipdelta2
Pulling.
Already up to date.
Pulled
Ending... Wed Nov 25 11:50:02 AM UTC 2020
Starting... Wed Nov 25 12:50:01 PM UTC 2020
cded, am in /root/msipdelta2
Pulling.
Already up to date.
Pulled
Ending... Wed Nov 25 12:50:03 PM UTC 2020
Starting... Wed Nov 25 01:50:01 PM UTC 2020
cded, am in /root/msipdelta2
Pulling.
Already up to date.
Pulled
Ending... Wed Nov 25 01:50:03 PM UTC 2020
Starting... Wed Nov 25 02:50:01 PM UTC 2020
cded, am in /root/msipdelta2
Pulling.
Already up to date.
Pulled
Ending... Wed Nov 25 02:50:02 PM UTC 2020
Starting... Wed Nov 25 03:50:01 PM UTC 2020
cded, am in /root/msipdelta2
Pulling.
Already up to date.
Pulled
Ending... Wed Nov 25 03:50:04 PM UTC 2020
Starting... Wed Nov 25 04:50:01 PM UTC 2020
cded, am in /root/msipdelta2
Pulling.
Already up to date.
Pulled
Ending... Wed Nov 25 04:50:04 PM UTC 2020
Starting... Wed Nov 25 05:50:01 PM UTC 2020
cded, am in /root/msipdelta2
Pulling.
Already up to date.
Pulled
Ending... Wed Nov 25 05:50:03 PM UTC 2020
