Starting... Thu Dec 10 12:50:01 AM UTC 2020
cded, am in /root/msipdelta2
Pulling.
Already up to date.
Pulled
Ending... Thu Dec 10 12:50:03 AM UTC 2020
Starting... Thu Dec 10 01:50:01 AM UTC 2020
cded, am in /root/msipdelta2
Pulling.
Already up to date.
Pulled
Ending... Thu Dec 10 01:50:03 AM UTC 2020
Starting... Thu Dec 10 02:50:01 AM UTC 2020
cded, am in /root/msipdelta2
Pulling.
Already up to date.
Pulled
Ending... Thu Dec 10 02:50:02 AM UTC 2020
Starting... Thu Dec 10 03:50:01 AM UTC 2020
cded, am in /root/msipdelta2
Pulling.
Already up to date.
Pulled
Ending... Thu Dec 10 03:50:03 AM UTC 2020
Starting... Thu Dec 10 04:50:01 AM UTC 2020
cded, am in /root/msipdelta2
Pulling.
Already up to date.
Pulled
Ending... Thu Dec 10 04:50:02 AM UTC 2020
Starting... Thu Dec 10 05:50:01 AM UTC 2020
cded, am in /root/msipdelta2
Pulling.
Already up to date.
Pulled
Ending... Thu Dec 10 05:50:03 AM UTC 2020
