Starting... Mon Jan  4 12:50:01 AM UTC 2021
cded, am in /root/msipdelta2
Pulling.
Already up to date.
Pulled
Ending... Mon Jan  4 12:50:07 AM UTC 2021
Starting... Mon Jan  4 01:50:01 AM UTC 2021
cded, am in /root/msipdelta2
Pulling.
Already up to date.
Pulled
Ending... Mon Jan  4 01:50:03 AM UTC 2021
Starting... Mon Jan  4 02:50:01 AM UTC 2021
cded, am in /root/msipdelta2
Pulling.
Already up to date.
Pulled
Ending... Mon Jan  4 02:50:02 AM UTC 2021
Starting... Mon Jan  4 03:50:01 AM UTC 2021
cded, am in /root/msipdelta2
Pulling.
Already up to date.
Pulled
Ending... Mon Jan  4 03:50:02 AM UTC 2021
Starting... Mon Jan  4 04:50:01 AM UTC 2021
cded, am in /root/msipdelta2
Pulling.
Already up to date.
Pulled
Ending... Mon Jan  4 04:50:03 AM UTC 2021
Starting... Mon Jan  4 05:50:01 AM UTC 2021
cded, am in /root/msipdelta2
Pulling.
Already up to date.
Pulled
Ending... Mon Jan  4 05:50:03 AM UTC 2021
