Starting... Sat Feb 13 12:50:01 AM UTC 2021
cded, am in /root/msipdelta2
Pulling.
Already up to date.
Pulled
Ending... Sat Feb 13 12:50:02 AM UTC 2021
Starting... Sat Feb 13 01:50:01 AM UTC 2021
cded, am in /root/msipdelta2
Pulling.
Already up to date.
Pulled
Ending... Sat Feb 13 01:50:03 AM UTC 2021
Starting... Sat Feb 13 02:50:01 AM UTC 2021
cded, am in /root/msipdelta2
Pulling.
Already up to date.
Pulled
Ending... Sat Feb 13 02:50:04 AM UTC 2021
Starting... Sat Feb 13 03:50:01 AM UTC 2021
cded, am in /root/msipdelta2
Pulling.
Already up to date.
Pulled
Ending... Sat Feb 13 03:50:02 AM UTC 2021
Starting... Sat Feb 13 04:50:01 AM UTC 2021
cded, am in /root/msipdelta2
Pulling.
Already up to date.
Pulled
Ending... Sat Feb 13 04:50:02 AM UTC 2021
Starting... Sat Feb 13 05:50:01 AM UTC 2021
cded, am in /root/msipdelta2
Pulling.
Already up to date.
Pulled
Ending... Sat Feb 13 05:50:03 AM UTC 2021
Starting... Sat Feb 13 06:50:01 AM UTC 2021
cded, am in /root/msipdelta2
Pulling.
Already up to date.
Pulled
Ending... Sat Feb 13 06:50:02 AM UTC 2021
Starting... Sat Feb 13 07:50:01 AM UTC 2021
cded, am in /root/msipdelta2
Pulling.
Already up to date.
Pulled
Ending... Sat Feb 13 07:50:02 AM UTC 2021
Starting... Sat Feb 13 08:50:01 AM UTC 2021
cded, am in /root/msipdelta2
Pulling.
Already up to date.
Pulled
Ending... Sat Feb 13 08:50:02 AM UTC 2021
Starting... Sat Feb 13 09:50:01 AM UTC 2021
cded, am in /root/msipdelta2
Pulling.
Already up to date.
Pulled
Ending... Sat Feb 13 09:50:03 AM UTC 2021
Starting... Sat Feb 13 10:50:01 AM UTC 2021
cded, am in /root/msipdelta2
Pulling.
Already up to date.
Pulled
Ending... Sat Feb 13 10:50:04 AM UTC 2021
Starting... Sat Feb 13 11:50:01 AM UTC 2021
cded, am in /root/msipdelta2
Pulling.
Already up to date.
Pulled
Ending... Sat Feb 13 11:50:02 AM UTC 2021
Starting... Sat Feb 13 12:50:01 PM UTC 2021
cded, am in /root/msipdelta2
Pulling.
Already up to date.
Pulled
Ending... Sat Feb 13 12:50:02 PM UTC 2021
Starting... Sat Feb 13 01:50:01 PM UTC 2021
cded, am in /root/msipdelta2
Pulling.
Already up to date.
Pulled
Ending... Sat Feb 13 01:50:02 PM UTC 2021
Starting... Sat Feb 13 02:50:01 PM UTC 2021
cded, am in /root/msipdelta2
Pulling.
Already up to date.
Pulled
Ending... Sat Feb 13 02:50:03 PM UTC 2021
Starting... Sat Feb 13 03:50:01 PM UTC 2021
cded, am in /root/msipdelta2
Pulling.
Already up to date.
Pulled
Ending... Sat Feb 13 03:50:02 PM UTC 2021
Starting... Sat Feb 13 04:50:01 PM UTC 2021
cded, am in /root/msipdelta2
Pulling.
Already up to date.
Pulled
Ending... Sat Feb 13 04:50:03 PM UTC 2021
Starting... Sat Feb 13 05:50:01 PM UTC 2021
cded, am in /root/msipdelta2
Pulling.
Already up to date.
Pulled
Ending... Sat Feb 13 05:50:02 PM UTC 2021
