Starting... Sat Apr 10 12:50:01 AM UTC 2021
cded, am in /root/msipdelta2
Pulling.
Already up to date.
Pulled
Ending... Sat Apr 10 12:50:03 AM UTC 2021
Starting... Sat Apr 10 01:50:01 AM UTC 2021
cded, am in /root/msipdelta2
Pulling.
Already up to date.
Pulled
Ending... Sat Apr 10 01:50:03 AM UTC 2021
Starting... Sat Apr 10 02:50:01 AM UTC 2021
cded, am in /root/msipdelta2
Pulling.
Already up to date.
Pulled
Ending... Sat Apr 10 02:50:02 AM UTC 2021
Starting... Sat Apr 10 03:50:01 AM UTC 2021
cded, am in /root/msipdelta2
Pulling.
Already up to date.
Pulled
Ending... Sat Apr 10 03:50:03 AM UTC 2021
Starting... Sat Apr 10 04:50:01 AM UTC 2021
cded, am in /root/msipdelta2
Pulling.
Already up to date.
Pulled
Ending... Sat Apr 10 04:50:03 AM UTC 2021
Starting... Sat Apr 10 05:50:01 AM UTC 2021
cded, am in /root/msipdelta2
Pulling.
Already up to date.
Pulled
Ending... Sat Apr 10 05:50:02 AM UTC 2021
Starting... Sat Apr 10 06:50:01 AM UTC 2021
cded, am in /root/msipdelta2
Pulling.
Already up to date.
Pulled
Ending... Sat Apr 10 06:50:02 AM UTC 2021
Starting... Sat Apr 10 07:50:01 AM UTC 2021
cded, am in /root/msipdelta2
Pulling.
Already up to date.
Pulled
Ending... Sat Apr 10 07:50:04 AM UTC 2021
Starting... Sat Apr 10 08:50:01 AM UTC 2021
cded, am in /root/msipdelta2
Pulling.
Already up to date.
Pulled
Ending... Sat Apr 10 08:50:03 AM UTC 2021
Starting... Sat Apr 10 09:50:01 AM UTC 2021
cded, am in /root/msipdelta2
Pulling.
Already up to date.
Pulled
Ending... Sat Apr 10 09:50:03 AM UTC 2021
Starting... Sat Apr 10 10:50:01 AM UTC 2021
cded, am in /root/msipdelta2
Pulling.
Already up to date.
Pulled
Ending... Sat Apr 10 10:50:02 AM UTC 2021
Starting... Sat Apr 10 11:50:01 AM UTC 2021
cded, am in /root/msipdelta2
Pulling.
Already up to date.
Pulled
Ending... Sat Apr 10 11:50:03 AM UTC 2021
