Starting... Tue Jan 26 12:50:01 AM UTC 2021
cded, am in /root/msipdelta2
Pulling.
Already up to date.
Pulled
Ending... Tue Jan 26 12:50:03 AM UTC 2021
Starting... Tue Jan 26 01:50:01 AM UTC 2021
cded, am in /root/msipdelta2
Pulling.
Already up to date.
Pulled
Ending... Tue Jan 26 01:50:03 AM UTC 2021
Starting... Tue Jan 26 02:50:01 AM UTC 2021
cded, am in /root/msipdelta2
Pulling.
Already up to date.
Pulled
Ending... Tue Jan 26 02:50:03 AM UTC 2021
Starting... Tue Jan 26 03:50:01 AM UTC 2021
cded, am in /root/msipdelta2
Pulling.
Already up to date.
Pulled
Ending... Tue Jan 26 03:50:05 AM UTC 2021
Starting... Tue Jan 26 04:50:01 AM UTC 2021
cded, am in /root/msipdelta2
Pulling.
Already up to date.
Pulled
Ending... Tue Jan 26 04:50:02 AM UTC 2021
Starting... Tue Jan 26 05:50:01 AM UTC 2021
cded, am in /root/msipdelta2
Pulling.
Already up to date.
Pulled
Ending... Tue Jan 26 05:50:05 AM UTC 2021
Starting... Tue Jan 26 06:50:01 AM UTC 2021
cded, am in /root/msipdelta2
Pulling.
Already up to date.
Pulled
Ending... Tue Jan 26 06:50:03 AM UTC 2021
Starting... Tue Jan 26 07:50:01 AM UTC 2021
cded, am in /root/msipdelta2
Pulling.
Already up to date.
Pulled
Ending... Tue Jan 26 07:50:05 AM UTC 2021
Starting... Tue Jan 26 08:50:01 AM UTC 2021
cded, am in /root/msipdelta2
Pulling.
Already up to date.
Pulled
Ending... Tue Jan 26 08:50:05 AM UTC 2021
Starting... Tue Jan 26 09:50:01 AM UTC 2021
cded, am in /root/msipdelta2
Pulling.
Already up to date.
Pulled
Ending... Tue Jan 26 09:50:03 AM UTC 2021
Starting... Tue Jan 26 10:50:01 AM UTC 2021
cded, am in /root/msipdelta2
Pulling.
Already up to date.
Pulled
Ending... Tue Jan 26 10:50:05 AM UTC 2021
Starting... Tue Jan 26 11:50:01 AM UTC 2021
cded, am in /root/msipdelta2
Pulling.
Already up to date.
Pulled
Ending... Tue Jan 26 11:50:03 AM UTC 2021
Starting... Tue Jan 26 12:50:01 PM UTC 2021
cded, am in /root/msipdelta2
Pulling.
Already up to date.
Pulled
Ending... Tue Jan 26 12:50:05 PM UTC 2021
Starting... Tue Jan 26 01:50:01 PM UTC 2021
cded, am in /root/msipdelta2
Pulling.
Already up to date.
Pulled
Ending... Tue Jan 26 01:50:04 PM UTC 2021
Starting... Tue Jan 26 02:50:01 PM UTC 2021
cded, am in /root/msipdelta2
Pulling.
Already up to date.
Pulled
Ending... Tue Jan 26 02:50:05 PM UTC 2021
Starting... Tue Jan 26 03:50:01 PM UTC 2021
cded, am in /root/msipdelta2
Pulling.
Already up to date.
Pulled
Ending... Tue Jan 26 03:50:04 PM UTC 2021
Starting... Tue Jan 26 04:50:01 PM UTC 2021
cded, am in /root/msipdelta2
Pulling.
Already up to date.
Pulled
Ending... Tue Jan 26 04:50:05 PM UTC 2021
Starting... Tue Jan 26 05:50:01 PM UTC 2021
cded, am in /root/msipdelta2
Pulling.
Already up to date.
Pulled
Ending... Tue Jan 26 05:50:03 PM UTC 2021
