Starting... Mon Mar 29 12:50:01 AM UTC 2021
cded, am in /root/msipdelta2
Pulling.
Already up to date.
Pulled
Ending... Mon Mar 29 12:50:03 AM UTC 2021
Starting... Mon Mar 29 01:50:01 AM UTC 2021
cded, am in /root/msipdelta2
Pulling.
Already up to date.
Pulled
Ending... Mon Mar 29 01:50:03 AM UTC 2021
Starting... Mon Mar 29 02:50:01 AM UTC 2021
cded, am in /root/msipdelta2
Pulling.
Already up to date.
Pulled
Ending... Mon Mar 29 02:50:04 AM UTC 2021
Starting... Mon Mar 29 03:50:01 AM UTC 2021
cded, am in /root/msipdelta2
Pulling.
Already up to date.
Pulled
Ending... Mon Mar 29 03:50:03 AM UTC 2021
Starting... Mon Mar 29 04:50:01 AM UTC 2021
cded, am in /root/msipdelta2
Pulling.
Already up to date.
Pulled
Ending... Mon Mar 29 04:50:03 AM UTC 2021
Starting... Mon Mar 29 05:50:01 AM UTC 2021
cded, am in /root/msipdelta2
Pulling.
Already up to date.
Pulled
Ending... Mon Mar 29 05:50:03 AM UTC 2021
