Starting... Sat Dec 26 12:50:01 AM UTC 2020
cded, am in /root/msipdelta2
Pulling.
Already up to date.
Pulled
Ending... Sat Dec 26 12:50:02 AM UTC 2020
Starting... Sat Dec 26 01:50:01 AM UTC 2020
cded, am in /root/msipdelta2
Pulling.
Already up to date.
Pulled
Ending... Sat Dec 26 01:50:02 AM UTC 2020
Starting... Sat Dec 26 02:50:01 AM UTC 2020
cded, am in /root/msipdelta2
Pulling.
Already up to date.
Pulled
Ending... Sat Dec 26 02:50:02 AM UTC 2020
Starting... Sat Dec 26 03:50:01 AM UTC 2020
cded, am in /root/msipdelta2
Pulling.
Already up to date.
Pulled
Ending... Sat Dec 26 03:50:02 AM UTC 2020
Starting... Sat Dec 26 04:50:01 AM UTC 2020
cded, am in /root/msipdelta2
Pulling.
Already up to date.
Pulled
Ending... Sat Dec 26 04:50:01 AM UTC 2020
Starting... Sat Dec 26 05:50:01 AM UTC 2020
cded, am in /root/msipdelta2
Pulling.
Already up to date.
Pulled
Ending... Sat Dec 26 05:50:03 AM UTC 2020
