Starting... Fri Jan 29 12:50:01 AM UTC 2021
cded, am in /root/msipdelta2
Pulling.
Already up to date.
Pulled
Ending... Fri Jan 29 12:50:03 AM UTC 2021
Starting... Fri Jan 29 01:50:01 AM UTC 2021
cded, am in /root/msipdelta2
Pulling.
Already up to date.
Pulled
Ending... Fri Jan 29 01:50:04 AM UTC 2021
Starting... Fri Jan 29 02:50:01 AM UTC 2021
cded, am in /root/msipdelta2
Pulling.
Already up to date.
Pulled
Ending... Fri Jan 29 02:50:02 AM UTC 2021
Starting... Fri Jan 29 03:50:01 AM UTC 2021
cded, am in /root/msipdelta2
Pulling.
Already up to date.
Pulled
Ending... Fri Jan 29 03:50:03 AM UTC 2021
Starting... Fri Jan 29 04:50:01 AM UTC 2021
cded, am in /root/msipdelta2
Pulling.
Already up to date.
Pulled
Ending... Fri Jan 29 04:50:03 AM UTC 2021
Starting... Fri Jan 29 05:50:01 AM UTC 2021
cded, am in /root/msipdelta2
Pulling.
Already up to date.
Pulled
Ending... Fri Jan 29 05:50:03 AM UTC 2021
Starting... Fri Jan 29 06:50:02 AM UTC 2021
cded, am in /root/msipdelta2
Pulling.
Already up to date.
Pulled
Ending... Fri Jan 29 06:50:04 AM UTC 2021
Starting... Fri Jan 29 07:50:01 AM UTC 2021
cded, am in /root/msipdelta2
Pulling.
Already up to date.
Pulled
Ending... Fri Jan 29 07:50:03 AM UTC 2021
Starting... Fri Jan 29 08:50:01 AM UTC 2021
cded, am in /root/msipdelta2
Pulling.
Already up to date.
Pulled
Ending... Fri Jan 29 08:50:04 AM UTC 2021
Starting... Fri Jan 29 09:50:01 AM UTC 2021
cded, am in /root/msipdelta2
Pulling.
Already up to date.
Pulled
Ending... Fri Jan 29 09:50:04 AM UTC 2021
Starting... Fri Jan 29 10:50:01 AM UTC 2021
cded, am in /root/msipdelta2
Pulling.
Already up to date.
Pulled
Ending... Fri Jan 29 10:50:04 AM UTC 2021
Starting... Fri Jan 29 11:50:01 AM UTC 2021
cded, am in /root/msipdelta2
Pulling.
Already up to date.
Pulled
Ending... Fri Jan 29 11:50:03 AM UTC 2021
