Starting... Sun Mar 14 12:50:01 AM UTC 2021
cded, am in /root/msipdelta2
Pulling.
Already up to date.
Pulled
Ending... Sun Mar 14 12:50:03 AM UTC 2021
Starting... Sun Mar 14 01:50:01 AM UTC 2021
cded, am in /root/msipdelta2
Pulling.
Already up to date.
Pulled
Ending... Sun Mar 14 01:50:03 AM UTC 2021
Starting... Sun Mar 14 02:50:01 AM UTC 2021
cded, am in /root/msipdelta2
Pulling.
Already up to date.
Pulled
Ending... Sun Mar 14 02:50:02 AM UTC 2021
Starting... Sun Mar 14 03:50:01 AM UTC 2021
cded, am in /root/msipdelta2
Pulling.
Already up to date.
Pulled
Ending... Sun Mar 14 03:50:03 AM UTC 2021
Starting... Sun Mar 14 04:50:01 AM UTC 2021
cded, am in /root/msipdelta2
Pulling.
Already up to date.
Pulled
Ending... Sun Mar 14 04:50:03 AM UTC 2021
Starting... Sun Mar 14 05:50:01 AM UTC 2021
cded, am in /root/msipdelta2
Pulling.
Already up to date.
Pulled
Ending... Sun Mar 14 05:50:03 AM UTC 2021
Starting... Sun Mar 14 06:50:01 AM UTC 2021
cded, am in /root/msipdelta2
Pulling.
Already up to date.
Pulled
Ending... Sun Mar 14 06:50:03 AM UTC 2021
Starting... Sun Mar 14 07:50:01 AM UTC 2021
cded, am in /root/msipdelta2
Pulling.
Already up to date.
Pulled
Ending... Sun Mar 14 07:50:02 AM UTC 2021
Starting... Sun Mar 14 08:50:01 AM UTC 2021
cded, am in /root/msipdelta2
Pulling.
Already up to date.
Pulled
Ending... Sun Mar 14 08:50:03 AM UTC 2021
Starting... Sun Mar 14 09:50:01 AM UTC 2021
cded, am in /root/msipdelta2
Pulling.
Already up to date.
Pulled
Ending... Sun Mar 14 09:50:02 AM UTC 2021
Starting... Sun Mar 14 10:50:02 AM UTC 2021
cded, am in /root/msipdelta2
Pulling.
Already up to date.
Pulled
Ending... Sun Mar 14 10:50:04 AM UTC 2021
Starting... Sun Mar 14 11:50:01 AM UTC 2021
cded, am in /root/msipdelta2
Pulling.
Already up to date.
Pulled
Ending... Sun Mar 14 11:50:02 AM UTC 2021
Starting... Sun Mar 14 12:50:01 PM UTC 2021
cded, am in /root/msipdelta2
Pulling.
Already up to date.
Pulled
Ending... Sun Mar 14 12:50:03 PM UTC 2021
Starting... Sun Mar 14 01:50:01 PM UTC 2021
cded, am in /root/msipdelta2
Pulling.
Already up to date.
Pulled
Ending... Sun Mar 14 01:50:03 PM UTC 2021
Starting... Sun Mar 14 02:50:01 PM UTC 2021
cded, am in /root/msipdelta2
Pulling.
Already up to date.
Pulled
Ending... Sun Mar 14 02:50:04 PM UTC 2021
Starting... Sun Mar 14 03:50:01 PM UTC 2021
cded, am in /root/msipdelta2
Pulling.
Already up to date.
Pulled
Ending... Sun Mar 14 03:50:03 PM UTC 2021
Starting... Sun Mar 14 04:50:01 PM UTC 2021
cded, am in /root/msipdelta2
Pulling.
Already up to date.
Pulled
Ending... Sun Mar 14 04:50:03 PM UTC 2021
Starting... Sun Mar 14 05:50:01 PM UTC 2021
cded, am in /root/msipdelta2
Pulling.
Already up to date.
Pulled
Ending... Sun Mar 14 05:50:02 PM UTC 2021
Starting... Sun Mar 14 06:50:01 PM UTC 2021
cded, am in /root/msipdelta2
Pulling.
Already up to date.
Pulled
Ending... Sun Mar 14 06:50:03 PM UTC 2021
Starting... Sun Mar 14 07:50:01 PM UTC 2021
cded, am in /root/msipdelta2
Pulling.
Already up to date.
Pulled
Ending... Sun Mar 14 07:50:03 PM UTC 2021
Starting... Sun Mar 14 08:50:01 PM UTC 2021
cded, am in /root/msipdelta2
Pulling.
Already up to date.
Pulled
Ending... Sun Mar 14 08:50:02 PM UTC 2021
Starting... Sun Mar 14 09:50:01 PM UTC 2021
cded, am in /root/msipdelta2
Pulling.
Already up to date.
Pulled
Ending... Sun Mar 14 09:50:03 PM UTC 2021
Starting... Sun Mar 14 10:50:01 PM UTC 2021
cded, am in /root/msipdelta2
Pulling.
Already up to date.
Pulled
Ending... Sun Mar 14 10:50:02 PM UTC 2021
Starting... Sun Mar 14 11:50:01 PM UTC 2021
cded, am in /root/msipdelta2
Pulling.
Already up to date.
Pulled
Ending... Sun Mar 14 11:50:02 PM UTC 2021
