Starting... Mon Mar  1 12:50:01 AM UTC 2021
cded, am in /root/msipdelta2
Pulling.
Already up to date.
Pulled
Ending... Mon Mar  1 12:50:02 AM UTC 2021
Starting... Mon Mar  1 01:50:01 AM UTC 2021
cded, am in /root/msipdelta2
Pulling.
Already up to date.
Pulled
Ending... Mon Mar  1 01:50:02 AM UTC 2021
Starting... Mon Mar  1 02:50:01 AM UTC 2021
cded, am in /root/msipdelta2
Pulling.
Already up to date.
Pulled
Ending... Mon Mar  1 02:50:02 AM UTC 2021
Starting... Mon Mar  1 03:50:01 AM UTC 2021
cded, am in /root/msipdelta2
Pulling.
Already up to date.
Pulled
Ending... Mon Mar  1 03:50:03 AM UTC 2021
Starting... Mon Mar  1 04:50:01 AM UTC 2021
cded, am in /root/msipdelta2
Pulling.
Already up to date.
Pulled
Ending... Mon Mar  1 04:50:03 AM UTC 2021
Starting... Mon Mar  1 05:50:01 AM UTC 2021
cded, am in /root/msipdelta2
Pulling.
Already up to date.
Pulled
Ending... Mon Mar  1 05:50:02 AM UTC 2021
