Starting... Tue Dec 22 12:50:01 AM UTC 2020
cded, am in /root/msipdelta2
Pulling.
Already up to date.
Pulled
Ending... Tue Dec 22 12:50:02 AM UTC 2020
Starting... Tue Dec 22 01:50:01 AM UTC 2020
cded, am in /root/msipdelta2
Pulling.
Already up to date.
Pulled
Ending... Tue Dec 22 01:50:03 AM UTC 2020
Starting... Tue Dec 22 02:50:01 AM UTC 2020
cded, am in /root/msipdelta2
Pulling.
Already up to date.
Pulled
Ending... Tue Dec 22 02:50:02 AM UTC 2020
Starting... Tue Dec 22 03:50:01 AM UTC 2020
cded, am in /root/msipdelta2
Pulling.
Already up to date.
Pulled
Ending... Tue Dec 22 03:50:03 AM UTC 2020
Starting... Tue Dec 22 04:50:01 AM UTC 2020
cded, am in /root/msipdelta2
Pulling.
Already up to date.
Pulled
Ending... Tue Dec 22 04:50:02 AM UTC 2020
Starting... Tue Dec 22 05:50:01 AM UTC 2020
cded, am in /root/msipdelta2
Pulling.
Already up to date.
Pulled
Ending... Tue Dec 22 05:50:03 AM UTC 2020
Starting... Tue Dec 22 06:50:01 AM UTC 2020
cded, am in /root/msipdelta2
Pulling.
Already up to date.
Pulled
Ending... Tue Dec 22 06:50:03 AM UTC 2020
Starting... Tue Dec 22 07:50:01 AM UTC 2020
cded, am in /root/msipdelta2
Pulling.
Already up to date.
Pulled
Ending... Tue Dec 22 07:50:03 AM UTC 2020
Starting... Tue Dec 22 08:50:01 AM UTC 2020
cded, am in /root/msipdelta2
Pulling.
Already up to date.
Pulled
Ending... Tue Dec 22 08:50:02 AM UTC 2020
Starting... Tue Dec 22 09:50:01 AM UTC 2020
cded, am in /root/msipdelta2
Pulling.
Already up to date.
Pulled
Ending... Tue Dec 22 09:50:02 AM UTC 2020
Starting... Tue Dec 22 10:50:01 AM UTC 2020
cded, am in /root/msipdelta2
Pulling.
Already up to date.
Pulled
Ending... Tue Dec 22 10:50:03 AM UTC 2020
Starting... Tue Dec 22 11:50:01 AM UTC 2020
cded, am in /root/msipdelta2
Pulling.
Already up to date.
Pulled
Ending... Tue Dec 22 11:50:03 AM UTC 2020
Starting... Tue Dec 22 12:50:01 PM UTC 2020
cded, am in /root/msipdelta2
Pulling.
Already up to date.
Pulled
Ending... Tue Dec 22 12:50:03 PM UTC 2020
Starting... Tue Dec 22 01:50:01 PM UTC 2020
cded, am in /root/msipdelta2
Pulling.
Already up to date.
Pulled
Ending... Tue Dec 22 01:50:04 PM UTC 2020
Starting... Tue Dec 22 02:50:01 PM UTC 2020
cded, am in /root/msipdelta2
Pulling.
Already up to date.
Pulled
Ending... Tue Dec 22 02:50:04 PM UTC 2020
Starting... Tue Dec 22 03:50:01 PM UTC 2020
cded, am in /root/msipdelta2
Pulling.
Already up to date.
Pulled
Ending... Tue Dec 22 03:50:02 PM UTC 2020
Starting... Tue Dec 22 04:50:01 PM UTC 2020
cded, am in /root/msipdelta2
Pulling.
Already up to date.
Pulled
Ending... Tue Dec 22 04:50:03 PM UTC 2020
Starting... Tue Dec 22 05:50:01 PM UTC 2020
cded, am in /root/msipdelta2
Pulling.
Already up to date.
Pulled
Ending... Tue Dec 22 05:50:02 PM UTC 2020
