Starting... Wed Feb 24 12:50:01 AM UTC 2021
cded, am in /root/msipdelta2
Pulling.
Already up to date.
Pulled
Ending... Wed Feb 24 12:50:03 AM UTC 2021
Starting... Wed Feb 24 01:50:01 AM UTC 2021
cded, am in /root/msipdelta2
Pulling.
Already up to date.
Pulled
Ending... Wed Feb 24 01:50:03 AM UTC 2021
Starting... Wed Feb 24 02:50:01 AM UTC 2021
cded, am in /root/msipdelta2
Pulling.
Already up to date.
Pulled
Ending... Wed Feb 24 02:50:03 AM UTC 2021
Starting... Wed Feb 24 03:50:01 AM UTC 2021
cded, am in /root/msipdelta2
Pulling.
Already up to date.
Pulled
Ending... Wed Feb 24 03:50:02 AM UTC 2021
Starting... Wed Feb 24 04:50:01 AM UTC 2021
cded, am in /root/msipdelta2
Pulling.
Already up to date.
Pulled
Ending... Wed Feb 24 04:50:03 AM UTC 2021
Starting... Wed Feb 24 05:50:01 AM UTC 2021
cded, am in /root/msipdelta2
Pulling.
Already up to date.
Pulled
Ending... Wed Feb 24 05:50:03 AM UTC 2021
