Starting... Sun Nov 15 12:50:01 AM UTC 2020
cded, am in /root/msipdelta2
Pulling.
Already up to date.
Pulled
Ending... Sun Nov 15 12:50:01 AM UTC 2020
Starting... Sun Nov 15 01:50:01 AM UTC 2020
cded, am in /root/msipdelta2
Pulling.
Already up to date.
Pulled
Ending... Sun Nov 15 01:50:03 AM UTC 2020
Starting... Sun Nov 15 02:50:01 AM UTC 2020
cded, am in /root/msipdelta2
Pulling.
Already up to date.
Pulled
Ending... Sun Nov 15 02:50:02 AM UTC 2020
Starting... Sun Nov 15 03:50:01 AM UTC 2020
cded, am in /root/msipdelta2
Pulling.
Already up to date.
Pulled
Ending... Sun Nov 15 03:50:03 AM UTC 2020
Starting... Sun Nov 15 04:50:01 AM UTC 2020
cded, am in /root/msipdelta2
Pulling.
Already up to date.
Pulled
Ending... Sun Nov 15 04:50:02 AM UTC 2020
Starting... Sun Nov 15 05:50:01 AM UTC 2020
cded, am in /root/msipdelta2
Pulling.
Already up to date.
Pulled
Ending... Sun Nov 15 05:50:02 AM UTC 2020
Starting... Sun Nov 15 06:50:01 AM UTC 2020
cded, am in /root/msipdelta2
Pulling.
Already up to date.
Pulled
Ending... Sun Nov 15 06:50:02 AM UTC 2020
Starting... Sun Nov 15 07:50:01 AM UTC 2020
cded, am in /root/msipdelta2
Pulling.
Already up to date.
Pulled
Ending... Sun Nov 15 07:50:02 AM UTC 2020
Starting... Sun Nov 15 08:50:01 AM UTC 2020
cded, am in /root/msipdelta2
Pulling.
Already up to date.
Pulled
Ending... Sun Nov 15 08:50:02 AM UTC 2020
Starting... Sun Nov 15 09:50:01 AM UTC 2020
cded, am in /root/msipdelta2
Pulling.
Already up to date.
Pulled
Ending... Sun Nov 15 09:50:02 AM UTC 2020
Starting... Sun Nov 15 10:50:01 AM UTC 2020
cded, am in /root/msipdelta2
Pulling.
Already up to date.
Pulled
Ending... Sun Nov 15 10:50:02 AM UTC 2020
Starting... Sun Nov 15 11:50:01 AM UTC 2020
cded, am in /root/msipdelta2
Pulling.
Already up to date.
Pulled
Ending... Sun Nov 15 11:50:03 AM UTC 2020
Starting... Sun Nov 15 12:50:01 PM UTC 2020
cded, am in /root/msipdelta2
Pulling.
Already up to date.
Pulled
Ending... Sun Nov 15 12:50:09 PM UTC 2020
Starting... Sun Nov 15 01:50:01 PM UTC 2020
cded, am in /root/msipdelta2
Pulling.
Already up to date.
Pulled
Ending... Sun Nov 15 01:50:09 PM UTC 2020
Starting... Sun Nov 15 02:50:01 PM UTC 2020
cded, am in /root/msipdelta2
Pulling.
Already up to date.
Pulled
Ending... Sun Nov 15 02:50:03 PM UTC 2020
Starting... Sun Nov 15 03:50:01 PM UTC 2020
cded, am in /root/msipdelta2
Pulling.
Bad Pull.
Ending... Sun Nov 15 03:50:16 PM UTC 2020
Starting... Sun Nov 15 04:50:01 PM UTC 2020
cded, am in /root/msipdelta2
Pulling.
Already up to date.
Pulled
Ending... Sun Nov 15 04:50:03 PM UTC 2020
Starting... Sun Nov 15 05:50:01 PM UTC 2020
cded, am in /root/msipdelta2
Pulling.
Already up to date.
Pulled
Ending... Sun Nov 15 05:50:03 PM UTC 2020
Starting... Sun Nov 15 06:50:01 PM UTC 2020
cded, am in /root/msipdelta2
Pulling.
Already up to date.
Pulled
Ending... Sun Nov 15 06:50:04 PM UTC 2020
Starting... Sun Nov 15 07:50:01 PM UTC 2020
cded, am in /root/msipdelta2
Pulling.
Already up to date.
Pulled
Ending... Sun Nov 15 07:50:02 PM UTC 2020
Starting... Sun Nov 15 08:50:01 PM UTC 2020
cded, am in /root/msipdelta2
Pulling.
Already up to date.
Pulled
Ending... Sun Nov 15 08:50:03 PM UTC 2020
Starting... Sun Nov 15 09:50:01 PM UTC 2020
cded, am in /root/msipdelta2
Pulling.
Already up to date.
Pulled
Ending... Sun Nov 15 09:50:03 PM UTC 2020
Starting... Sun Nov 15 10:50:01 PM UTC 2020
cded, am in /root/msipdelta2
Pulling.
Already up to date.
Pulled
Ending... Sun Nov 15 10:50:02 PM UTC 2020
Starting... Sun Nov 15 11:50:01 PM UTC 2020
cded, am in /root/msipdelta2
Pulling.
Already up to date.
Pulled
Ending... Sun Nov 15 11:50:03 PM UTC 2020
