Starting... Sat Dec 12 12:50:01 AM UTC 2020
cded, am in /root/msipdelta2
Pulling.
Already up to date.
Pulled
Ending... Sat Dec 12 12:50:03 AM UTC 2020
Starting... Sat Dec 12 01:50:01 AM UTC 2020
cded, am in /root/msipdelta2
Pulling.
Already up to date.
Pulled
Ending... Sat Dec 12 01:50:02 AM UTC 2020
Starting... Sat Dec 12 02:50:01 AM UTC 2020
cded, am in /root/msipdelta2
Pulling.
Already up to date.
Pulled
Ending... Sat Dec 12 02:50:02 AM UTC 2020
Starting... Sat Dec 12 03:50:01 AM UTC 2020
cded, am in /root/msipdelta2
Pulling.
Already up to date.
Pulled
Ending... Sat Dec 12 03:50:03 AM UTC 2020
Starting... Sat Dec 12 04:50:01 AM UTC 2020
cded, am in /root/msipdelta2
Pulling.
Already up to date.
Pulled
Ending... Sat Dec 12 04:50:03 AM UTC 2020
Starting... Sat Dec 12 05:50:01 AM UTC 2020
cded, am in /root/msipdelta2
Pulling.
Already up to date.
Pulled
Ending... Sat Dec 12 05:50:03 AM UTC 2020
Starting... Sat Dec 12 06:50:01 AM UTC 2020
cded, am in /root/msipdelta2
Pulling.
Already up to date.
Pulled
Ending... Sat Dec 12 06:50:03 AM UTC 2020
Starting... Sat Dec 12 07:50:01 AM UTC 2020
cded, am in /root/msipdelta2
Pulling.
Already up to date.
Pulled
Ending... Sat Dec 12 07:50:02 AM UTC 2020
Starting... Sat Dec 12 08:50:01 AM UTC 2020
cded, am in /root/msipdelta2
Pulling.
Already up to date.
Pulled
Ending... Sat Dec 12 08:50:03 AM UTC 2020
Starting... Sat Dec 12 09:50:01 AM UTC 2020
cded, am in /root/msipdelta2
Pulling.
Already up to date.
Pulled
Ending... Sat Dec 12 09:50:02 AM UTC 2020
Starting... Sat Dec 12 10:50:01 AM UTC 2020
cded, am in /root/msipdelta2
Pulling.
Already up to date.
Pulled
Ending... Sat Dec 12 10:50:03 AM UTC 2020
Starting... Sat Dec 12 11:50:01 AM UTC 2020
cded, am in /root/msipdelta2
Pulling.
Already up to date.
Pulled
Ending... Sat Dec 12 11:50:02 AM UTC 2020
Starting... Sat Dec 12 12:50:01 PM UTC 2020
cded, am in /root/msipdelta2
Pulling.
Already up to date.
Pulled
Ending... Sat Dec 12 12:50:03 PM UTC 2020
Starting... Sat Dec 12 01:50:01 PM UTC 2020
cded, am in /root/msipdelta2
Pulling.
Already up to date.
Pulled
Ending... Sat Dec 12 01:50:03 PM UTC 2020
Starting... Sat Dec 12 02:50:01 PM UTC 2020
cded, am in /root/msipdelta2
Pulling.
Already up to date.
Pulled
Ending... Sat Dec 12 02:50:02 PM UTC 2020
Starting... Sat Dec 12 03:50:01 PM UTC 2020
cded, am in /root/msipdelta2
Pulling.
Already up to date.
Pulled
Ending... Sat Dec 12 03:50:03 PM UTC 2020
Starting... Sat Dec 12 04:50:01 PM UTC 2020
cded, am in /root/msipdelta2
Pulling.
Already up to date.
Pulled
Ending... Sat Dec 12 04:50:03 PM UTC 2020
Starting... Sat Dec 12 05:50:01 PM UTC 2020
cded, am in /root/msipdelta2
Pulling.
Already up to date.
Pulled
Ending... Sat Dec 12 05:50:02 PM UTC 2020
Starting... Sat Dec 12 06:50:01 PM UTC 2020
cded, am in /root/msipdelta2
Pulling.
Already up to date.
Pulled
Ending... Sat Dec 12 06:50:03 PM UTC 2020
Starting... Sat Dec 12 07:50:01 PM UTC 2020
cded, am in /root/msipdelta2
Pulling.
Already up to date.
Pulled
Ending... Sat Dec 12 07:50:03 PM UTC 2020
Starting... Sat Dec 12 08:50:01 PM UTC 2020
cded, am in /root/msipdelta2
Pulling.
Already up to date.
Pulled
Ending... Sat Dec 12 08:50:02 PM UTC 2020
Starting... Sat Dec 12 09:50:01 PM UTC 2020
cded, am in /root/msipdelta2
Pulling.
Already up to date.
Pulled
Ending... Sat Dec 12 09:50:02 PM UTC 2020
Starting... Sat Dec 12 10:50:01 PM UTC 2020
cded, am in /root/msipdelta2
Pulling.
Already up to date.
Pulled
Ending... Sat Dec 12 10:50:02 PM UTC 2020
Starting... Sat Dec 12 11:50:01 PM UTC 2020
cded, am in /root/msipdelta2
Pulling.
Already up to date.
Pulled
Ending... Sat Dec 12 11:50:02 PM UTC 2020
