Starting... Sat Jan 23 12:50:01 AM UTC 2021
cded, am in /root/msipdelta2
Pulling.
Already up to date.
Pulled
Ending... Sat Jan 23 12:50:04 AM UTC 2021
Starting... Sat Jan 23 01:50:01 AM UTC 2021
cded, am in /root/msipdelta2
Pulling.
Already up to date.
Pulled
Ending... Sat Jan 23 01:50:03 AM UTC 2021
Starting... Sat Jan 23 02:50:01 AM UTC 2021
cded, am in /root/msipdelta2
Pulling.
Already up to date.
Pulled
Ending... Sat Jan 23 02:50:03 AM UTC 2021
Starting... Sat Jan 23 03:50:01 AM UTC 2021
cded, am in /root/msipdelta2
Pulling.
Already up to date.
Pulled
Ending... Sat Jan 23 03:50:03 AM UTC 2021
Starting... Sat Jan 23 04:50:01 AM UTC 2021
cded, am in /root/msipdelta2
Pulling.
Already up to date.
Pulled
Ending... Sat Jan 23 04:50:04 AM UTC 2021
Starting... Sat Jan 23 05:50:01 AM UTC 2021
cded, am in /root/msipdelta2
Pulling.
Already up to date.
Pulled
Ending... Sat Jan 23 05:50:02 AM UTC 2021
