Starting... Tue Jan  5 12:50:01 AM UTC 2021
cded, am in /root/msipdelta2
Pulling.
Already up to date.
Pulled
Ending... Tue Jan  5 12:50:03 AM UTC 2021
Starting... Tue Jan  5 01:50:01 AM UTC 2021
cded, am in /root/msipdelta2
Pulling.
Already up to date.
Pulled
Ending... Tue Jan  5 01:50:03 AM UTC 2021
Starting... Tue Jan  5 02:50:01 AM UTC 2021
cded, am in /root/msipdelta2
Pulling.
Already up to date.
Pulled
Ending... Tue Jan  5 02:50:03 AM UTC 2021
Starting... Tue Jan  5 03:50:01 AM UTC 2021
cded, am in /root/msipdelta2
Pulling.
Already up to date.
Pulled
Ending... Tue Jan  5 03:50:02 AM UTC 2021
Starting... Tue Jan  5 04:50:01 AM UTC 2021
cded, am in /root/msipdelta2
Pulling.
Already up to date.
Pulled
Ending... Tue Jan  5 04:50:02 AM UTC 2021
Starting... Tue Jan  5 05:50:01 AM UTC 2021
cded, am in /root/msipdelta2
Pulling.
Already up to date.
Pulled
Ending... Tue Jan  5 05:50:03 AM UTC 2021
