Starting... Fri Nov 20 12:50:01 AM UTC 2020
cded, am in /root/msipdelta2
Pulling.
Bad Pull.
Ending... Fri Nov 20 12:50:13 AM UTC 2020
Starting... Fri Nov 20 01:50:01 AM UTC 2020
cded, am in /root/msipdelta2
Pulling.
Bad Pull.
Ending... Fri Nov 20 01:50:13 AM UTC 2020
Starting... Fri Nov 20 02:50:01 AM UTC 2020
cded, am in /root/msipdelta2
Pulling.
Bad Pull.
Ending... Fri Nov 20 02:50:14 AM UTC 2020
Starting... Fri Nov 20 03:50:01 AM UTC 2020
cded, am in /root/msipdelta2
Pulling.
Already up to date.
Pulled
Ending... Fri Nov 20 03:50:04 AM UTC 2020
Starting... Fri Nov 20 04:50:01 AM UTC 2020
cded, am in /root/msipdelta2
Pulling.
Already up to date.
Pulled
Ending... Fri Nov 20 04:50:06 AM UTC 2020
Starting... Fri Nov 20 05:50:01 AM UTC 2020
cded, am in /root/msipdelta2
Pulling.
Already up to date.
Pulled
Ending... Fri Nov 20 05:50:06 AM UTC 2020
