Starting... Wed Apr  7 12:50:01 AM UTC 2021
cded, am in /root/msipdelta2
Pulling.
Already up to date.
Pulled
Ending... Wed Apr  7 12:50:03 AM UTC 2021
Starting... Wed Apr  7 01:50:01 AM UTC 2021
cded, am in /root/msipdelta2
Pulling.
Already up to date.
Pulled
Ending... Wed Apr  7 01:50:03 AM UTC 2021
Starting... Wed Apr  7 02:50:01 AM UTC 2021
cded, am in /root/msipdelta2
Pulling.
Already up to date.
Pulled
Ending... Wed Apr  7 02:50:02 AM UTC 2021
Starting... Wed Apr  7 03:50:01 AM UTC 2021
cded, am in /root/msipdelta2
Pulling.
Already up to date.
Pulled
Ending... Wed Apr  7 03:50:03 AM UTC 2021
Starting... Wed Apr  7 04:50:01 AM UTC 2021
cded, am in /root/msipdelta2
Pulling.
Already up to date.
Pulled
Ending... Wed Apr  7 04:50:02 AM UTC 2021
Starting... Wed Apr  7 05:50:01 AM UTC 2021
cded, am in /root/msipdelta2
Pulling.
Already up to date.
Pulled
Ending... Wed Apr  7 05:50:03 AM UTC 2021
