Starting... Sat Nov 21 12:50:01 AM UTC 2020
cded, am in /root/msipdelta2
Pulling.
Already up to date.
Pulled
Ending... Sat Nov 21 12:50:03 AM UTC 2020
Starting... Sat Nov 21 01:50:01 AM UTC 2020
cded, am in /root/msipdelta2
Pulling.
Already up to date.
Pulled
Ending... Sat Nov 21 01:50:03 AM UTC 2020
Starting... Sat Nov 21 02:50:01 AM UTC 2020
cded, am in /root/msipdelta2
Pulling.
Already up to date.
Pulled
Ending... Sat Nov 21 02:50:03 AM UTC 2020
Starting... Sat Nov 21 03:50:01 AM UTC 2020
cded, am in /root/msipdelta2
Pulling.
Already up to date.
Pulled
Ending... Sat Nov 21 03:50:01 AM UTC 2020
Starting... Sat Nov 21 04:50:01 AM UTC 2020
cded, am in /root/msipdelta2
Pulling.
Already up to date.
Pulled
Ending... Sat Nov 21 04:50:03 AM UTC 2020
Starting... Sat Nov 21 05:50:01 AM UTC 2020
cded, am in /root/msipdelta2
Pulling.
Already up to date.
Pulled
Ending... Sat Nov 21 05:50:02 AM UTC 2020
