Starting... Wed Apr 28 12:50:01 AM UTC 2021
cded, am in /root/msipdelta2
Pulling.
Already up to date.
Pulled
Ending... Wed Apr 28 12:50:03 AM UTC 2021
Starting... Wed Apr 28 01:50:01 AM UTC 2021
cded, am in /root/msipdelta2
Pulling.
Already up to date.
Pulled
Ending... Wed Apr 28 01:50:05 AM UTC 2021
Starting... Wed Apr 28 02:50:01 AM UTC 2021
cded, am in /root/msipdelta2
Pulling.
Already up to date.
Pulled
Ending... Wed Apr 28 02:50:03 AM UTC 2021
Starting... Wed Apr 28 03:50:01 AM UTC 2021
cded, am in /root/msipdelta2
Pulling.
Already up to date.
Pulled
Ending... Wed Apr 28 03:50:03 AM UTC 2021
Starting... Wed Apr 28 04:50:01 AM UTC 2021
cded, am in /root/msipdelta2
Pulling.
Already up to date.
Pulled
Ending... Wed Apr 28 04:50:03 AM UTC 2021
Starting... Wed Apr 28 05:50:01 AM UTC 2021
cded, am in /root/msipdelta2
Pulling.
Already up to date.
Pulled
Ending... Wed Apr 28 05:50:04 AM UTC 2021
Starting... Wed Apr 28 06:50:01 AM UTC 2021
cded, am in /root/msipdelta2
Pulling.
Already up to date.
Pulled
Ending... Wed Apr 28 06:50:05 AM UTC 2021
Starting... Wed Apr 28 07:50:01 AM UTC 2021
cded, am in /root/msipdelta2
Pulling.
Already up to date.
Pulled
Ending... Wed Apr 28 07:50:03 AM UTC 2021
Starting... Wed Apr 28 08:50:01 AM UTC 2021
cded, am in /root/msipdelta2
Pulling.
Already up to date.
Pulled
Ending... Wed Apr 28 08:50:04 AM UTC 2021
Starting... Wed Apr 28 09:50:01 AM UTC 2021
cded, am in /root/msipdelta2
Pulling.
Already up to date.
Pulled
Ending... Wed Apr 28 09:50:04 AM UTC 2021
Starting... Wed Apr 28 10:50:01 AM UTC 2021
cded, am in /root/msipdelta2
Pulling.
Already up to date.
Pulled
Ending... Wed Apr 28 10:50:04 AM UTC 2021
Starting... Wed Apr 28 11:50:01 AM UTC 2021
cded, am in /root/msipdelta2
Pulling.
Already up to date.
Pulled
Ending... Wed Apr 28 11:50:03 AM UTC 2021
Starting... Wed Apr 28 12:50:01 PM UTC 2021
cded, am in /root/msipdelta2
Pulling.
Already up to date.
Pulled
Ending... Wed Apr 28 12:50:03 PM UTC 2021
Starting... Wed Apr 28 01:50:01 PM UTC 2021
cded, am in /root/msipdelta2
Pulling.
Already up to date.
Pulled
Ending... Wed Apr 28 01:50:02 PM UTC 2021
Starting... Wed Apr 28 02:50:01 PM UTC 2021
cded, am in /root/msipdelta2
Pulling.
Already up to date.
Pulled
Ending... Wed Apr 28 02:50:03 PM UTC 2021
Starting... Wed Apr 28 03:50:01 PM UTC 2021
cded, am in /root/msipdelta2
Pulling.
Already up to date.
Pulled
Ending... Wed Apr 28 03:50:05 PM UTC 2021
Starting... Wed Apr 28 04:50:01 PM UTC 2021
cded, am in /root/msipdelta2
Pulling.
Already up to date.
Pulled
Ending... Wed Apr 28 04:50:04 PM UTC 2021
Starting... Wed Apr 28 05:50:01 PM UTC 2021
cded, am in /root/msipdelta2
Pulling.
Already up to date.
Pulled
Ending... Wed Apr 28 05:50:02 PM UTC 2021
Starting... Wed Apr 28 06:50:01 PM UTC 2021
cded, am in /root/msipdelta2
Pulling.
Already up to date.
Pulled
Ending... Wed Apr 28 06:50:04 PM UTC 2021
Starting... Wed Apr 28 07:50:01 PM UTC 2021
cded, am in /root/msipdelta2
Pulling.
Already up to date.
Pulled
Ending... Wed Apr 28 07:50:05 PM UTC 2021
Starting... Wed Apr 28 08:50:01 PM UTC 2021
cded, am in /root/msipdelta2
Pulling.
Already up to date.
Pulled
Ending... Wed Apr 28 08:50:03 PM UTC 2021
Starting... Wed Apr 28 09:50:01 PM UTC 2021
cded, am in /root/msipdelta2
Pulling.
Already up to date.
Pulled
Ending... Wed Apr 28 09:50:05 PM UTC 2021
Starting... Wed Apr 28 10:50:01 PM UTC 2021
cded, am in /root/msipdelta2
Pulling.
Already up to date.
Pulled
Ending... Wed Apr 28 10:50:03 PM UTC 2021
Starting... Wed Apr 28 11:50:01 PM UTC 2021
cded, am in /root/msipdelta2
Pulling.
Already up to date.
Pulled
Ending... Wed Apr 28 11:50:04 PM UTC 2021
