Starting... Sat Feb  6 12:50:01 AM UTC 2021
cded, am in /root/msipdelta2
Pulling.
Already up to date.
Pulled
Ending... Sat Feb  6 12:50:04 AM UTC 2021
Starting... Sat Feb  6 01:50:01 AM UTC 2021
cded, am in /root/msipdelta2
Pulling.
Already up to date.
Pulled
Ending... Sat Feb  6 01:50:02 AM UTC 2021
Starting... Sat Feb  6 02:50:01 AM UTC 2021
cded, am in /root/msipdelta2
Pulling.
Already up to date.
Pulled
Ending... Sat Feb  6 02:50:02 AM UTC 2021
Starting... Sat Feb  6 03:50:01 AM UTC 2021
cded, am in /root/msipdelta2
Pulling.
Already up to date.
Pulled
Ending... Sat Feb  6 03:50:04 AM UTC 2021
Starting... Sat Feb  6 04:50:01 AM UTC 2021
cded, am in /root/msipdelta2
Pulling.
Already up to date.
Pulled
Ending... Sat Feb  6 04:50:03 AM UTC 2021
Starting... Sat Feb  6 05:50:01 AM UTC 2021
cded, am in /root/msipdelta2
Pulling.
Already up to date.
Pulled
Ending... Sat Feb  6 05:50:03 AM UTC 2021
Starting... Sat Feb  6 06:50:01 AM UTC 2021
cded, am in /root/msipdelta2
Pulling.
Already up to date.
Pulled
Ending... Sat Feb  6 06:50:03 AM UTC 2021
Starting... Sat Feb  6 07:50:01 AM UTC 2021
cded, am in /root/msipdelta2
Pulling.
Already up to date.
Pulled
Ending... Sat Feb  6 07:50:02 AM UTC 2021
Starting... Sat Feb  6 08:50:02 AM UTC 2021
cded, am in /root/msipdelta2
Pulling.
Already up to date.
Pulled
Ending... Sat Feb  6 08:50:03 AM UTC 2021
Starting... Sat Feb  6 09:50:01 AM UTC 2021
cded, am in /root/msipdelta2
Pulling.
Already up to date.
Pulled
Ending... Sat Feb  6 09:50:02 AM UTC 2021
Starting... Sat Feb  6 10:50:01 AM UTC 2021
cded, am in /root/msipdelta2
Pulling.
Already up to date.
Pulled
Ending... Sat Feb  6 10:50:02 AM UTC 2021
Starting... Sat Feb  6 11:50:01 AM UTC 2021
cded, am in /root/msipdelta2
Pulling.
Already up to date.
Pulled
Ending... Sat Feb  6 11:50:02 AM UTC 2021
Starting... Sat Feb  6 12:50:01 PM UTC 2021
cded, am in /root/msipdelta2
Pulling.
Already up to date.
Pulled
Ending... Sat Feb  6 12:50:03 PM UTC 2021
Starting... Sat Feb  6 01:50:01 PM UTC 2021
cded, am in /root/msipdelta2
Pulling.
Already up to date.
Pulled
Ending... Sat Feb  6 01:50:02 PM UTC 2021
Starting... Sat Feb  6 02:50:01 PM UTC 2021
cded, am in /root/msipdelta2
Pulling.
Already up to date.
Pulled
Ending... Sat Feb  6 02:50:03 PM UTC 2021
Starting... Sat Feb  6 03:50:01 PM UTC 2021
cded, am in /root/msipdelta2
Pulling.
Already up to date.
Pulled
Ending... Sat Feb  6 03:50:03 PM UTC 2021
Starting... Sat Feb  6 04:50:01 PM UTC 2021
cded, am in /root/msipdelta2
Pulling.
Already up to date.
Pulled
Ending... Sat Feb  6 04:50:02 PM UTC 2021
Starting... Sat Feb  6 05:50:01 PM UTC 2021
cded, am in /root/msipdelta2
Pulling.
Already up to date.
Pulled
Ending... Sat Feb  6 05:50:03 PM UTC 2021
