Starting... Sun Jan  3 12:50:01 AM UTC 2021
cded, am in /root/msipdelta2
Pulling.
Already up to date.
Pulled
Ending... Sun Jan  3 12:50:02 AM UTC 2021
Starting... Sun Jan  3 01:50:01 AM UTC 2021
cded, am in /root/msipdelta2
Pulling.
Already up to date.
Pulled
Ending... Sun Jan  3 01:50:03 AM UTC 2021
Starting... Sun Jan  3 02:50:01 AM UTC 2021
cded, am in /root/msipdelta2
Pulling.
Already up to date.
Pulled
Ending... Sun Jan  3 02:50:03 AM UTC 2021
Starting... Sun Jan  3 03:50:01 AM UTC 2021
cded, am in /root/msipdelta2
Pulling.
Already up to date.
Pulled
Ending... Sun Jan  3 03:50:02 AM UTC 2021
Starting... Sun Jan  3 04:50:01 AM UTC 2021
cded, am in /root/msipdelta2
Pulling.
Already up to date.
Pulled
Ending... Sun Jan  3 04:50:02 AM UTC 2021
Starting... Sun Jan  3 05:50:01 AM UTC 2021
cded, am in /root/msipdelta2
Pulling.
Already up to date.
Pulled
Ending... Sun Jan  3 05:50:02 AM UTC 2021
Starting... Sun Jan  3 06:50:01 AM UTC 2021
cded, am in /root/msipdelta2
Pulling.
Already up to date.
Pulled
Ending... Sun Jan  3 06:50:02 AM UTC 2021
Starting... Sun Jan  3 07:50:01 AM UTC 2021
cded, am in /root/msipdelta2
Pulling.
Already up to date.
Pulled
Ending... Sun Jan  3 07:50:02 AM UTC 2021
Starting... Sun Jan  3 08:50:01 AM UTC 2021
cded, am in /root/msipdelta2
Pulling.
Already up to date.
Pulled
Ending... Sun Jan  3 08:50:02 AM UTC 2021
Starting... Sun Jan  3 09:50:01 AM UTC 2021
cded, am in /root/msipdelta2
Pulling.
Already up to date.
Pulled
Ending... Sun Jan  3 09:50:02 AM UTC 2021
Starting... Sun Jan  3 10:50:01 AM UTC 2021
cded, am in /root/msipdelta2
Pulling.
Already up to date.
Pulled
Ending... Sun Jan  3 10:50:02 AM UTC 2021
Starting... Sun Jan  3 11:50:01 AM UTC 2021
cded, am in /root/msipdelta2
Pulling.
Already up to date.
Pulled
Ending... Sun Jan  3 11:50:03 AM UTC 2021
Starting... Sun Jan  3 12:50:01 PM UTC 2021
cded, am in /root/msipdelta2
Pulling.
Already up to date.
Pulled
Ending... Sun Jan  3 12:50:03 PM UTC 2021
Starting... Sun Jan  3 01:50:01 PM UTC 2021
cded, am in /root/msipdelta2
Pulling.
Already up to date.
Pulled
Ending... Sun Jan  3 01:50:02 PM UTC 2021
Starting... Sun Jan  3 02:50:01 PM UTC 2021
cded, am in /root/msipdelta2
Pulling.
Already up to date.
Pulled
Ending... Sun Jan  3 02:50:03 PM UTC 2021
Starting... Sun Jan  3 03:50:01 PM UTC 2021
cded, am in /root/msipdelta2
Pulling.
Already up to date.
Pulled
Ending... Sun Jan  3 03:50:03 PM UTC 2021
Starting... Sun Jan  3 04:50:01 PM UTC 2021
cded, am in /root/msipdelta2
Pulling.
Already up to date.
Pulled
Ending... Sun Jan  3 04:50:02 PM UTC 2021
Starting... Sun Jan  3 05:50:01 PM UTC 2021
cded, am in /root/msipdelta2
Pulling.
Already up to date.
Pulled
Ending... Sun Jan  3 05:50:02 PM UTC 2021
Starting... Sun Jan  3 06:50:01 PM UTC 2021
cded, am in /root/msipdelta2
Pulling.
Already up to date.
Pulled
Ending... Sun Jan  3 06:50:07 PM UTC 2021
Starting... Sun Jan  3 07:50:01 PM UTC 2021
cded, am in /root/msipdelta2
Pulling.
Already up to date.
Pulled
Ending... Sun Jan  3 07:50:06 PM UTC 2021
Starting... Sun Jan  3 08:50:01 PM UTC 2021
cded, am in /root/msipdelta2
Pulling.
Already up to date.
Pulled
Ending... Sun Jan  3 08:50:07 PM UTC 2021
Starting... Sun Jan  3 09:50:01 PM UTC 2021
cded, am in /root/msipdelta2
Pulling.
Already up to date.
Pulled
Ending... Sun Jan  3 09:50:03 PM UTC 2021
Starting... Sun Jan  3 10:50:01 PM UTC 2021
cded, am in /root/msipdelta2
Pulling.
Already up to date.
Pulled
Ending... Sun Jan  3 10:50:03 PM UTC 2021
Starting... Sun Jan  3 11:50:01 PM UTC 2021
cded, am in /root/msipdelta2
Pulling.
Already up to date.
Pulled
Ending... Sun Jan  3 11:50:06 PM UTC 2021
