Starting... Mon Dec  7 12:50:01 AM UTC 2020
cded, am in /root/msipdelta2
Pulling.
Already up to date.
Pulled
Ending... Mon Dec  7 12:50:03 AM UTC 2020
Starting... Mon Dec  7 01:50:01 AM UTC 2020
cded, am in /root/msipdelta2
Pulling.
Already up to date.
Pulled
Ending... Mon Dec  7 01:50:03 AM UTC 2020
Starting... Mon Dec  7 02:50:01 AM UTC 2020
cded, am in /root/msipdelta2
Pulling.
Already up to date.
Pulled
Ending... Mon Dec  7 02:50:02 AM UTC 2020
Starting... Mon Dec  7 03:50:01 AM UTC 2020
cded, am in /root/msipdelta2
Pulling.
Already up to date.
Pulled
Ending... Mon Dec  7 03:50:02 AM UTC 2020
Starting... Mon Dec  7 04:50:01 AM UTC 2020
cded, am in /root/msipdelta2
Pulling.
Already up to date.
Pulled
Ending... Mon Dec  7 04:50:03 AM UTC 2020
Starting... Mon Dec  7 05:50:01 AM UTC 2020
cded, am in /root/msipdelta2
Pulling.
Already up to date.
Pulled
Ending... Mon Dec  7 05:50:02 AM UTC 2020
