Starting... Thu Mar 11 12:50:01 AM UTC 2021
cded, am in /root/msipdelta2
Pulling.
Already up to date.
Pulled
Ending... Thu Mar 11 12:50:03 AM UTC 2021
Starting... Thu Mar 11 01:50:01 AM UTC 2021
cded, am in /root/msipdelta2
Pulling.
Already up to date.
Pulled
Ending... Thu Mar 11 01:50:02 AM UTC 2021
Starting... Thu Mar 11 02:50:01 AM UTC 2021
cded, am in /root/msipdelta2
Pulling.
Already up to date.
Pulled
Ending... Thu Mar 11 02:50:03 AM UTC 2021
Starting... Thu Mar 11 03:50:01 AM UTC 2021
cded, am in /root/msipdelta2
Pulling.
Already up to date.
Pulled
Ending... Thu Mar 11 03:50:02 AM UTC 2021
Starting... Thu Mar 11 04:50:01 AM UTC 2021
cded, am in /root/msipdelta2
Pulling.
Already up to date.
Pulled
Ending... Thu Mar 11 04:50:03 AM UTC 2021
Starting... Thu Mar 11 05:50:01 AM UTC 2021
cded, am in /root/msipdelta2
Pulling.
Already up to date.
Pulled
Ending... Thu Mar 11 05:50:03 AM UTC 2021
