Starting... Sun Feb  7 12:50:01 AM UTC 2021
cded, am in /root/msipdelta2
Pulling.
Already up to date.
Pulled
Ending... Sun Feb  7 12:50:02 AM UTC 2021
Starting... Sun Feb  7 01:50:01 AM UTC 2021
cded, am in /root/msipdelta2
Pulling.
Already up to date.
Pulled
Ending... Sun Feb  7 01:50:02 AM UTC 2021
Starting... Sun Feb  7 02:50:01 AM UTC 2021
cded, am in /root/msipdelta2
Pulling.
Already up to date.
Pulled
Ending... Sun Feb  7 02:50:03 AM UTC 2021
Starting... Sun Feb  7 03:50:01 AM UTC 2021
cded, am in /root/msipdelta2
Pulling.
Already up to date.
Pulled
Ending... Sun Feb  7 03:50:02 AM UTC 2021
Starting... Sun Feb  7 04:50:01 AM UTC 2021
cded, am in /root/msipdelta2
Pulling.
Already up to date.
Pulled
Ending... Sun Feb  7 04:50:04 AM UTC 2021
Starting... Sun Feb  7 05:50:01 AM UTC 2021
cded, am in /root/msipdelta2
Pulling.
Already up to date.
Pulled
Ending... Sun Feb  7 05:50:02 AM UTC 2021
