Starting... Wed Jul 14 12:50:01 AM UTC 2021
cded, am in /root/msipdelta2
Pulling.
Already up to date.
Pulled
Ending... Wed Jul 14 12:50:03 AM UTC 2021
Starting... Wed Jul 14 01:50:01 AM UTC 2021
cded, am in /root/msipdelta2
Pulling.
Already up to date.
Pulled
Ending... Wed Jul 14 01:50:03 AM UTC 2021
Starting... Wed Jul 14 02:50:01 AM UTC 2021
cded, am in /root/msipdelta2
Pulling.
Already up to date.
Pulled
Ending... Wed Jul 14 02:50:02 AM UTC 2021
Starting... Wed Jul 14 03:50:01 AM UTC 2021
cded, am in /root/msipdelta2
Pulling.
Already up to date.
Pulled
Ending... Wed Jul 14 03:50:02 AM UTC 2021
Starting... Wed Jul 14 04:50:01 AM UTC 2021
cded, am in /root/msipdelta2
Pulling.
Already up to date.
Pulled
Ending... Wed Jul 14 04:50:03 AM UTC 2021
Starting... Wed Jul 14 05:50:01 AM UTC 2021
cded, am in /root/msipdelta2
Pulling.
Already up to date.
Pulled
Ending... Wed Jul 14 05:50:02 AM UTC 2021
