Starting... Thu Mar  4 12:50:01 AM UTC 2021
cded, am in /root/msipdelta2
Pulling.
Already up to date.
Pulled
Ending... Thu Mar  4 12:50:03 AM UTC 2021
Starting... Thu Mar  4 01:50:01 AM UTC 2021
cded, am in /root/msipdelta2
Pulling.
Already up to date.
Pulled
Ending... Thu Mar  4 01:50:03 AM UTC 2021
Starting... Thu Mar  4 02:50:01 AM UTC 2021
cded, am in /root/msipdelta2
Pulling.
Already up to date.
Pulled
Ending... Thu Mar  4 02:50:03 AM UTC 2021
Starting... Thu Mar  4 03:50:01 AM UTC 2021
cded, am in /root/msipdelta2
Pulling.
Already up to date.
Pulled
Ending... Thu Mar  4 03:50:03 AM UTC 2021
Starting... Thu Mar  4 04:50:01 AM UTC 2021
cded, am in /root/msipdelta2
Pulling.
Already up to date.
Pulled
Ending... Thu Mar  4 04:50:04 AM UTC 2021
Starting... Thu Mar  4 05:50:01 AM UTC 2021
cded, am in /root/msipdelta2
Pulling.
Already up to date.
Pulled
Ending... Thu Mar  4 05:50:02 AM UTC 2021
