Starting... Tue Nov 10 12:50:01 AM UTC 2020
cded, am in /root/msipdelta2
Pulling.
Already up to date.
Pulled
Ending... Tue Nov 10 12:50:06 AM UTC 2020
Starting... Tue Nov 10 01:50:01 AM UTC 2020
cded, am in /root/msipdelta2
Pulling.
Already up to date.
Pulled
Ending... Tue Nov 10 01:50:02 AM UTC 2020
Starting... Tue Nov 10 02:50:01 AM UTC 2020
cded, am in /root/msipdelta2
Pulling.
Already up to date.
Pulled
Ending... Tue Nov 10 02:50:01 AM UTC 2020
Starting... Tue Nov 10 03:50:01 AM UTC 2020
cded, am in /root/msipdelta2
Pulling.
Already up to date.
Pulled
Ending... Tue Nov 10 03:50:02 AM UTC 2020
Starting... Tue Nov 10 04:50:01 AM UTC 2020
cded, am in /root/msipdelta2
Pulling.
Updating e564b95..9e82b68
Fast-forward
 Example Mail Flow.png | Bin 0 -> 107376 bytes
 README.md             |  20 ++++++++++++++++++--
 services              |   2 +-
 3 files changed, 19 insertions(+), 3 deletions(-)
 create mode 100644 Example Mail Flow.png
Pulled
Ending... Tue Nov 10 04:50:02 AM UTC 2020
Starting... Tue Nov 10 05:05:01 AM UTC 2020
cded, am in /root/msipdelta2
Pulling.
Merge made by the 'recursive' strategy.
 README.md | 2 +-
 services  | 2 +-
 2 files changed, 2 insertions(+), 2 deletions(-)
Pulled
Ending... Tue Nov 10 05:05:02 AM UTC 2020
Starting... Tue Nov 10 05:07:20 AM UTC 2020
cded, am in /root/msipdelta2
Pulling.
Updating e05ef75..d2053ca
Fast-forward
 services | 2 +-
 1 file changed, 1 insertion(+), 1 deletion(-)
Pulled
Ending... Tue Nov 10 05:07:21 AM UTC 2020
Starting... Tue Nov 10 05:50:01 AM UTC 2020
cded, am in /root/msipdelta2
Pulling.
Already up to date.
Pulled
Ending... Tue Nov 10 05:50:03 AM UTC 2020
Starting... Tue Nov 10 06:50:01 AM UTC 2020
cded, am in /root/msipdelta2
Pulling.
Already up to date.
Pulled
Ending... Tue Nov 10 06:50:04 AM UTC 2020
Starting... Tue Nov 10 07:50:01 AM UTC 2020
cded, am in /root/msipdelta2
Pulling.
Already up to date.
Pulled
Ending... Tue Nov 10 07:50:09 AM UTC 2020
Starting... Tue Nov 10 08:50:01 AM UTC 2020
cded, am in /root/msipdelta2
Pulling.
Already up to date.
Pulled
Ending... Tue Nov 10 08:50:03 AM UTC 2020
Starting... Tue Nov 10 09:50:01 AM UTC 2020
cded, am in /root/msipdelta2
Pulling.
Already up to date.
Pulled
Ending... Tue Nov 10 09:50:04 AM UTC 2020
Starting... Tue Nov 10 10:50:01 AM UTC 2020
cded, am in /root/msipdelta2
Pulling.
Already up to date.
Pulled
Ending... Tue Nov 10 10:50:04 AM UTC 2020
Starting... Tue Nov 10 11:50:01 AM UTC 2020
cded, am in /root/msipdelta2
Pulling.
Already up to date.
Pulled
Ending... Tue Nov 10 11:50:02 AM UTC 2020
Starting... Tue Nov 10 12:50:01 PM UTC 2020
cded, am in /root/msipdelta2
Pulling.
Already up to date.
Pulled
Ending... Tue Nov 10 12:50:02 PM UTC 2020
Starting... Tue Nov 10 01:50:01 PM UTC 2020
cded, am in /root/msipdelta2
Pulling.
Already up to date.
Pulled
Ending... Tue Nov 10 01:50:09 PM UTC 2020
Starting... Tue Nov 10 02:50:01 PM UTC 2020
cded, am in /root/msipdelta2
Pulling.
Already up to date.
Pulled
Ending... Tue Nov 10 02:50:04 PM UTC 2020
Starting... Tue Nov 10 03:50:01 PM UTC 2020
cded, am in /root/msipdelta2
Pulling.
Already up to date.
Pulled
Ending... Tue Nov 10 03:50:04 PM UTC 2020
Starting... Tue Nov 10 04:50:01 PM UTC 2020
cded, am in /root/msipdelta2
Pulling.
Already up to date.
Pulled
Ending... Tue Nov 10 04:50:04 PM UTC 2020
Starting... Tue Nov 10 05:50:01 PM UTC 2020
cded, am in /root/msipdelta2
Pulling.
Already up to date.
Pulled
Ending... Tue Nov 10 05:50:03 PM UTC 2020
